mode: atomic
github.com/pudjamansyurin/gen.vcu.sdk/decoder.go:15.61,19.47 3 37
github.com/pudjamansyurin/gen.vcu.sdk/decoder.go:23.2,23.27 1 37
github.com/pudjamansyurin/gen.vcu.sdk/decoder.go:26.2,26.25 1 36
github.com/pudjamansyurin/gen.vcu.sdk/decoder.go:29.2,29.23 1 34
github.com/pudjamansyurin/gen.vcu.sdk/decoder.go:33.2,33.28 1 34
github.com/pudjamansyurin/gen.vcu.sdk/decoder.go:36.2,36.28 1 33
github.com/pudjamansyurin/gen.vcu.sdk/decoder.go:39.2,39.20 1 32
github.com/pudjamansyurin/gen.vcu.sdk/decoder.go:19.47,21.3 1 0
github.com/pudjamansyurin/gen.vcu.sdk/decoder.go:23.27,25.3 1 1
github.com/pudjamansyurin/gen.vcu.sdk/decoder.go:26.25,28.3 1 2
github.com/pudjamansyurin/gen.vcu.sdk/decoder.go:29.23,31.3 1 0
github.com/pudjamansyurin/gen.vcu.sdk/decoder.go:33.28,35.3 1 1
github.com/pudjamansyurin/gen.vcu.sdk/decoder.go:36.28,38.3 1 1
github.com/pudjamansyurin/gen.vcu.sdk/decoder.go:43.57,46.47 3 53
github.com/pudjamansyurin/gen.vcu.sdk/decoder.go:50.2,50.27 1 50
github.com/pudjamansyurin/gen.vcu.sdk/decoder.go:53.2,53.25 1 49
github.com/pudjamansyurin/gen.vcu.sdk/decoder.go:56.2,56.23 1 48
github.com/pudjamansyurin/gen.vcu.sdk/decoder.go:59.2,59.20 1 47
github.com/pudjamansyurin/gen.vcu.sdk/decoder.go:46.47,48.3 1 3
github.com/pudjamansyurin/gen.vcu.sdk/decoder.go:50.27,52.3 1 1
github.com/pudjamansyurin/gen.vcu.sdk/decoder.go:53.25,55.3 1 1
github.com/pudjamansyurin/gen.vcu.sdk/decoder.go:56.23,58.3 1 1
github.com/pudjamansyurin/gen.vcu.sdk/decoder.go:65.69,70.30 3 5010
github.com/pudjamansyurin/gen.vcu.sdk/decoder.go:74.2,74.35 1 5010
github.com/pudjamansyurin/gen.vcu.sdk/decoder.go:79.2,81.19 2 5010
github.com/pudjamansyurin/gen.vcu.sdk/decoder.go:85.2,85.29 1 5010
github.com/pudjamansyurin/gen.vcu.sdk/decoder.go:197.2,197.12 1 4998
github.com/pudjamansyurin/gen.vcu.sdk/decoder.go:70.30,72.3 1 5010
github.com/pudjamansyurin/gen.vcu.sdk/decoder.go:74.35,76.3 1 0
github.com/pudjamansyurin/gen.vcu.sdk/decoder.go:81.19,83.3 1 4358
github.com/pudjamansyurin/gen.vcu.sdk/decoder.go:87.19,89.52 2 457
github.com/pudjamansyurin/gen.vcu.sdk/decoder.go:93.22,95.30 1 1216
github.com/pudjamansyurin/gen.vcu.sdk/decoder.go:115.21,116.33 1 42
github.com/pudjamansyurin/gen.vcu.sdk/decoder.go:122.21,123.33 1 9
github.com/pudjamansyurin/gen.vcu.sdk/decoder.go:132.22,135.17 3 90
github.com/pudjamansyurin/gen.vcu.sdk/decoder.go:138.3,138.30 1 90
github.com/pudjamansyurin/gen.vcu.sdk/decoder.go:140.20,143.17 3 440
github.com/pudjamansyurin/gen.vcu.sdk/decoder.go:146.3,146.16 1 440
github.com/pudjamansyurin/gen.vcu.sdk/decoder.go:148.83,150.17 2 1698
github.com/pudjamansyurin/gen.vcu.sdk/decoder.go:153.3,153.26 1 1698
github.com/pudjamansyurin/gen.vcu.sdk/decoder.go:157.78,159.17 2 137
github.com/pudjamansyurin/gen.vcu.sdk/decoder.go:162.3,163.29 2 137
github.com/pudjamansyurin/gen.vcu.sdk/decoder.go:167.40,171.17 3 921
github.com/pudjamansyurin/gen.vcu.sdk/decoder.go:175.3,175.22 1 918
github.com/pudjamansyurin/gen.vcu.sdk/decoder.go:189.3,189.29 1 918
github.com/pudjamansyurin/gen.vcu.sdk/decoder.go:193.10,194.63 1 0
github.com/pudjamansyurin/gen.vcu.sdk/decoder.go:89.52,91.4 1 3
github.com/pudjamansyurin/gen.vcu.sdk/decoder.go:95.30,98.18 3 143
github.com/pudjamansyurin/gen.vcu.sdk/decoder.go:101.4,101.43 1 143
github.com/pudjamansyurin/gen.vcu.sdk/decoder.go:98.18,100.5 1 0
github.com/pudjamansyurin/gen.vcu.sdk/decoder.go:103.9,104.56 1 1073
github.com/pudjamansyurin/gen.vcu.sdk/decoder.go:104.56,109.76 4 4358
github.com/pudjamansyurin/gen.vcu.sdk/decoder.go:109.76,111.6 1 6
github.com/pudjamansyurin/gen.vcu.sdk/decoder.go:116.33,117.69 1 105
github.com/pudjamansyurin/gen.vcu.sdk/decoder.go:117.69,119.5 1 0
github.com/pudjamansyurin/gen.vcu.sdk/decoder.go:123.33,126.18 3 9
github.com/pudjamansyurin/gen.vcu.sdk/decoder.go:129.4,129.30 1 9
github.com/pudjamansyurin/gen.vcu.sdk/decoder.go:126.18,128.5 1 0
github.com/pudjamansyurin/gen.vcu.sdk/decoder.go:135.17,137.4 1 0
github.com/pudjamansyurin/gen.vcu.sdk/decoder.go:143.17,145.4 1 0
github.com/pudjamansyurin/gen.vcu.sdk/decoder.go:150.17,152.4 1 0
github.com/pudjamansyurin/gen.vcu.sdk/decoder.go:153.26,155.4 1 1698
github.com/pudjamansyurin/gen.vcu.sdk/decoder.go:159.17,161.4 1 0
github.com/pudjamansyurin/gen.vcu.sdk/decoder.go:163.29,165.4 1 127
github.com/pudjamansyurin/gen.vcu.sdk/decoder.go:171.17,173.4 1 3
github.com/pudjamansyurin/gen.vcu.sdk/decoder.go:175.22,179.4 2 918
github.com/pudjamansyurin/gen.vcu.sdk/decoder.go:179.9,181.29 1 0
github.com/pudjamansyurin/gen.vcu.sdk/decoder.go:181.29,184.5 2 0
github.com/pudjamansyurin/gen.vcu.sdk/decoder.go:184.10,186.5 1 0
github.com/pudjamansyurin/gen.vcu.sdk/decoder.go:189.29,191.4 1 918
github.com/pudjamansyurin/gen.vcu.sdk/decoder.go:201.55,205.16 3 2756
github.com/pudjamansyurin/gen.vcu.sdk/decoder.go:209.2,210.27 2 2753
github.com/pudjamansyurin/gen.vcu.sdk/decoder.go:213.2,213.46 1 2753
github.com/pudjamansyurin/gen.vcu.sdk/decoder.go:205.16,207.3 1 3
github.com/pudjamansyurin/gen.vcu.sdk/decoder.go:210.27,212.3 1 4851
github.com/pudjamansyurin/gen.vcu.sdk/decoder.go:218.67,222.19 2 918
github.com/pudjamansyurin/gen.vcu.sdk/decoder.go:230.2,230.42 1 918
github.com/pudjamansyurin/gen.vcu.sdk/decoder.go:248.2,248.15 1 918
github.com/pudjamansyurin/gen.vcu.sdk/decoder.go:223.83,224.16 1 647
github.com/pudjamansyurin/gen.vcu.sdk/decoder.go:225.78,226.22 1 271
github.com/pudjamansyurin/gen.vcu.sdk/decoder.go:231.13,232.28 1 209
github.com/pudjamansyurin/gen.vcu.sdk/decoder.go:233.14,234.28 1 386
github.com/pudjamansyurin/gen.vcu.sdk/decoder.go:235.14,236.28 1 52
github.com/pudjamansyurin/gen.vcu.sdk/decoder.go:237.14,238.28 1 0
github.com/pudjamansyurin/gen.vcu.sdk/decoder.go:239.12,240.28 1 0
github.com/pudjamansyurin/gen.vcu.sdk/decoder.go:241.13,242.28 1 168
github.com/pudjamansyurin/gen.vcu.sdk/decoder.go:243.13,244.28 1 103
github.com/pudjamansyurin/gen.vcu.sdk/decoder.go:245.13,246.28 1 0
github.com/pudjamansyurin/gen.vcu.sdk/decoder.go:260.38,262.26 2 143
github.com/pudjamansyurin/gen.vcu.sdk/decoder.go:266.2,267.17 2 143
github.com/pudjamansyurin/gen.vcu.sdk/decoder.go:262.26,264.3 1 858
github.com/pudjamansyurin/gen.vcu.sdk/decoder.go:271.34,273.2 1 90
github.com/pudjamansyurin/gen.vcu.sdk/detagger.go:14.25,20.2 1 23200
github.com/pudjamansyurin/gen.vcu.sdk/detagger.go:23.59,26.44 2 13670
github.com/pudjamansyurin/gen.vcu.sdk/detagger.go:31.2,31.40 1 13670
github.com/pudjamansyurin/gen.vcu.sdk/detagger.go:35.2,35.38 1 13670
github.com/pudjamansyurin/gen.vcu.sdk/detagger.go:51.2,51.10 1 13670
github.com/pudjamansyurin/gen.vcu.sdk/detagger.go:26.44,29.3 2 2641
github.com/pudjamansyurin/gen.vcu.sdk/detagger.go:31.40,33.3 1 10304
github.com/pudjamansyurin/gen.vcu.sdk/detagger.go:35.38,38.3 2 2971
github.com/pudjamansyurin/gen.vcu.sdk/detagger.go:38.8,39.13 1 10699
github.com/pudjamansyurin/gen.vcu.sdk/detagger.go:40.36,41.13 1 3357
github.com/pudjamansyurin/gen.vcu.sdk/detagger.go:42.38,43.13 1 1612
github.com/pudjamansyurin/gen.vcu.sdk/detagger.go:44.55,45.13 1 998
github.com/pudjamansyurin/gen.vcu.sdk/detagger.go:46.82,47.13 1 0
github.com/pudjamansyurin/gen.vcu.sdk/detagger.go:55.39,59.46 3 1649
github.com/pudjamansyurin/gen.vcu.sdk/detagger.go:63.2,63.29 1 1649
github.com/pudjamansyurin/gen.vcu.sdk/detagger.go:92.2,92.13 1 1649
github.com/pudjamansyurin/gen.vcu.sdk/detagger.go:59.46,61.3 1 2171
github.com/pudjamansyurin/gen.vcu.sdk/detagger.go:65.22,66.38 1 1223
github.com/pudjamansyurin/gen.vcu.sdk/detagger.go:80.36,81.33 1 86
github.com/pudjamansyurin/gen.vcu.sdk/detagger.go:89.10,89.10 0 340
github.com/pudjamansyurin/gen.vcu.sdk/detagger.go:66.38,71.36 4 5379
github.com/pudjamansyurin/gen.vcu.sdk/detagger.go:71.36,73.5 1 154
github.com/pudjamansyurin/gen.vcu.sdk/detagger.go:73.10,73.124 1 5225
github.com/pudjamansyurin/gen.vcu.sdk/detagger.go:73.124,75.5 1 1429
github.com/pudjamansyurin/gen.vcu.sdk/detagger.go:75.10,77.5 1 3796
github.com/pudjamansyurin/gen.vcu.sdk/detagger.go:81.33,83.4 1 36
github.com/pudjamansyurin/gen.vcu.sdk/detagger.go:83.9,84.34 1 50
github.com/pudjamansyurin/gen.vcu.sdk/detagger.go:84.34,86.5 1 125
github.com/pudjamansyurin/gen.vcu.sdk/model.go:16.34,18.2 1 40
github.com/pudjamansyurin/gen.vcu.sdk/model.go:24.31,26.2 1 3
github.com/pudjamansyurin/gen.vcu.sdk/sdk.go:15.45,22.2 2 0
github.com/pudjamansyurin/gen.vcu.sdk/sdk.go:25.31,27.42 2 10
github.com/pudjamansyurin/gen.vcu.sdk/sdk.go:30.2,30.12 1 10
github.com/pudjamansyurin/gen.vcu.sdk/sdk.go:27.42,29.3 1 0
github.com/pudjamansyurin/gen.vcu.sdk/sdk.go:34.28,36.2 1 10
github.com/pudjamansyurin/gen.vcu.sdk/sdk.go:39.57,41.2 1 0
github.com/pudjamansyurin/gen.vcu.sdk/sdk.go:55.59,56.20 1 11
github.com/pudjamansyurin/gen.vcu.sdk/sdk.go:59.2,59.50 1 10
github.com/pudjamansyurin/gen.vcu.sdk/sdk.go:62.2,62.29 1 9
github.com/pudjamansyurin/gen.vcu.sdk/sdk.go:66.2,67.26 2 8
github.com/pudjamansyurin/gen.vcu.sdk/sdk.go:74.2,74.26 1 8
github.com/pudjamansyurin/gen.vcu.sdk/sdk.go:80.2,80.12 1 8
github.com/pudjamansyurin/gen.vcu.sdk/sdk.go:56.20,58.3 1 1
github.com/pudjamansyurin/gen.vcu.sdk/sdk.go:59.50,61.3 1 1
github.com/pudjamansyurin/gen.vcu.sdk/sdk.go:62.29,64.3 1 1
github.com/pudjamansyurin/gen.vcu.sdk/sdk.go:67.26,69.80 2 7
github.com/pudjamansyurin/gen.vcu.sdk/sdk.go:69.80,71.4 1 0
github.com/pudjamansyurin/gen.vcu.sdk/sdk.go:74.26,76.80 2 6
github.com/pudjamansyurin/gen.vcu.sdk/sdk.go:76.80,78.4 1 0
github.com/pudjamansyurin/gen.vcu.sdk/sdk.go:84.49,90.2 2 5
github.com/pudjamansyurin/gen.vcu.sdk/sdk.go:94.39,96.15 1 5
github.com/pudjamansyurin/gen.vcu.sdk/sdk.go:102.2,104.24 3 5
github.com/pudjamansyurin/gen.vcu.sdk/sdk.go:107.2,107.15 1 5
github.com/pudjamansyurin/gen.vcu.sdk/sdk.go:96.15,100.3 3 1
github.com/pudjamansyurin/gen.vcu.sdk/sdk.go:104.24,106.3 1 42
github.com/pudjamansyurin/gen.vcu.sdk/stub.go:31.47,34.2 2 10
github.com/pudjamansyurin/gen.vcu.sdk/stub.go:36.51,38.2 1 10
github.com/pudjamansyurin/gen.vcu.sdk/stub.go:40.45,42.2 1 103
github.com/pudjamansyurin/gen.vcu.sdk/stub.go:44.105,46.36 2 120
github.com/pudjamansyurin/gen.vcu.sdk/stub.go:53.2,53.27 1 120
github.com/pudjamansyurin/gen.vcu.sdk/stub.go:46.36,49.39 2 40
github.com/pudjamansyurin/gen.vcu.sdk/stub.go:49.39,51.4 1 40
github.com/pudjamansyurin/gen.vcu.sdk/stub.go:56.101,59.2 2 108
github.com/pudjamansyurin/gen.vcu.sdk/stub.go:61.110,64.2 2 13
github.com/pudjamansyurin/gen.vcu.sdk/stub.go:66.89,67.29 1 121
github.com/pudjamansyurin/gen.vcu.sdk/stub.go:67.29,72.17 3 181
github.com/pudjamansyurin/gen.vcu.sdk/stub.go:73.22,74.40 1 54
github.com/pudjamansyurin/gen.vcu.sdk/stub.go:80.4,80.35 1 54
github.com/pudjamansyurin/gen.vcu.sdk/stub.go:96.23,100.35 2 54
github.com/pudjamansyurin/gen.vcu.sdk/stub.go:120.21,121.40 1 36
github.com/pudjamansyurin/gen.vcu.sdk/stub.go:126.4,126.35 1 36
github.com/pudjamansyurin/gen.vcu.sdk/stub.go:142.21,143.40 1 37
github.com/pudjamansyurin/gen.vcu.sdk/stub.go:148.4,148.35 1 37
github.com/pudjamansyurin/gen.vcu.sdk/stub.go:74.40,77.5 2 54
github.com/pudjamansyurin/gen.vcu.sdk/stub.go:80.35,84.38 3 54
github.com/pudjamansyurin/gen.vcu.sdk/stub.go:93.5,94.27 2 54
github.com/pudjamansyurin/gen.vcu.sdk/stub.go:84.38,91.6 2 40
github.com/pudjamansyurin/gen.vcu.sdk/stub.go:100.35,103.31 2 54
github.com/pudjamansyurin/gen.vcu.sdk/stub.go:117.5,118.28 2 54
github.com/pudjamansyurin/gen.vcu.sdk/stub.go:103.31,105.46 1 40
github.com/pudjamansyurin/gen.vcu.sdk/stub.go:105.46,107.41 1 40
github.com/pudjamansyurin/gen.vcu.sdk/stub.go:107.41,113.8 2 76
github.com/pudjamansyurin/gen.vcu.sdk/stub.go:121.40,123.5 1 36
github.com/pudjamansyurin/gen.vcu.sdk/stub.go:126.35,129.42 2 36
github.com/pudjamansyurin/gen.vcu.sdk/stub.go:140.5,140.25 1 15
github.com/pudjamansyurin/gen.vcu.sdk/stub.go:129.42,131.34 1 25
github.com/pudjamansyurin/gen.vcu.sdk/stub.go:131.34,137.7 2 25
github.com/pudjamansyurin/gen.vcu.sdk/stub.go:143.40,145.5 1 37
github.com/pudjamansyurin/gen.vcu.sdk/stub.go:148.35,151.38 2 37
github.com/pudjamansyurin/gen.vcu.sdk/stub.go:158.5,158.25 1 15
github.com/pudjamansyurin/gen.vcu.sdk/stub.go:151.38,156.6 1 3
github.com/pudjamansyurin/gen.vcu.sdk/stub.go:164.67,165.31 1 59
github.com/pudjamansyurin/gen.vcu.sdk/stub.go:186.2,186.27 1 59
github.com/pudjamansyurin/gen.vcu.sdk/stub.go:165.31,170.17 3 152
github.com/pudjamansyurin/gen.vcu.sdk/stub.go:171.22,172.40 1 54
github.com/pudjamansyurin/gen.vcu.sdk/stub.go:175.21,176.40 1 22
github.com/pudjamansyurin/gen.vcu.sdk/stub.go:179.21,180.40 1 22
github.com/pudjamansyurin/gen.vcu.sdk/stub.go:172.40,174.5 1 54
github.com/pudjamansyurin/gen.vcu.sdk/stub.go:176.40,178.5 1 15
github.com/pudjamansyurin/gen.vcu.sdk/stub.go:180.40,182.5 1 15
github.com/pudjamansyurin/gen.vcu.sdk/stub.go:189.55,190.16 1 3
github.com/pudjamansyurin/gen.vcu.sdk/stub.go:190.16,192.3 1 2
github.com/pudjamansyurin/gen.vcu.sdk/stub.go:195.96,197.16 2 51
github.com/pudjamansyurin/gen.vcu.sdk/stub.go:201.2,202.21 2 51
github.com/pudjamansyurin/gen.vcu.sdk/stub.go:206.2,207.16 2 51
github.com/pudjamansyurin/gen.vcu.sdk/stub.go:211.2,214.4 1 51
github.com/pudjamansyurin/gen.vcu.sdk/stub.go:197.16,199.3 1 0
github.com/pudjamansyurin/gen.vcu.sdk/stub.go:202.21,204.3 1 37
github.com/pudjamansyurin/gen.vcu.sdk/stub.go:207.16,209.3 1 0
github.com/pudjamansyurin/gen.vcu.sdk/stub.go:217.68,220.25 2 25
github.com/pudjamansyurin/gen.vcu.sdk/stub.go:229.2,229.38 1 25
github.com/pudjamansyurin/gen.vcu.sdk/stub.go:220.25,222.17 2 25
github.com/pudjamansyurin/gen.vcu.sdk/stub.go:225.3,225.20 1 25
github.com/pudjamansyurin/gen.vcu.sdk/stub.go:222.17,224.4 1 0
github.com/pudjamansyurin/gen.vcu.sdk/stub.go:229.38,231.3 1 25
github.com/pudjamansyurin/gen.vcu.sdk/stub.go:234.61,236.38 1 3
github.com/pudjamansyurin/gen.vcu.sdk/stub.go:236.38,238.3 1 3
github.com/pudjamansyurin/gen.vcu.sdk/stub.go:248.38,250.2 1 172
github.com/pudjamansyurin/gen.vcu.sdk/stub.go:251.40,253.2 1 248
github.com/pudjamansyurin/gen.vcu.sdk/stub.go:261.46,263.2 1 40
github.com/pudjamansyurin/gen.vcu.sdk/stub.go:265.63,267.2 1 78
github.com/pudjamansyurin/gen.vcu.sdk/stub_util.go:10.24,16.2 2 10
github.com/pudjamansyurin/gen.vcu.sdk/stub_util.go:18.59,40.2 2 64
github.com/pudjamansyurin/gen.vcu.sdk/stub_util.go:42.43,51.16 5 54
github.com/pudjamansyurin/gen.vcu.sdk/stub_util.go:54.2,54.14 1 54
github.com/pudjamansyurin/gen.vcu.sdk/stub_util.go:51.16,53.3 1 0
github.com/pudjamansyurin/gen.vcu.sdk/stub_util.go:57.46,59.2 1 51
github.com/pudjamansyurin/gen.vcu.sdk/stub_util.go:61.56,63.2 1 54
github.com/pudjamansyurin/gen.vcu.sdk/stub_util.go:65.76,69.27 3 4
github.com/pudjamansyurin/gen.vcu.sdk/stub_util.go:69.27,71.17 2 23
github.com/pudjamansyurin/gen.vcu.sdk/stub_util.go:71.17,72.14 1 19
github.com/pudjamansyurin/gen.vcu.sdk/stub_util.go:72.14,74.5 1 0
github.com/pudjamansyurin/gen.vcu.sdk/stub_util.go:75.9,76.13 1 4
github.com/pudjamansyurin/gen.vcu.sdk/stub_util.go:76.13,78.5 1 0
github.com/pudjamansyurin/gen.vcu.sdk/client.go:25.66,31.2 2 0
github.com/pudjamansyurin/gen.vcu.sdk/client.go:33.82,35.42 2 120
github.com/pudjamansyurin/gen.vcu.sdk/client.go:38.2,39.12 2 120
github.com/pudjamansyurin/gen.vcu.sdk/client.go:35.42,37.3 1 0
github.com/pudjamansyurin/gen.vcu.sdk/client.go:42.81,45.42 2 108
github.com/pudjamansyurin/gen.vcu.sdk/client.go:48.2,49.12 2 108
github.com/pudjamansyurin/gen.vcu.sdk/client.go:45.42,47.3 1 0
github.com/pudjamansyurin/gen.vcu.sdk/client.go:52.89,54.27 2 13
github.com/pudjamansyurin/gen.vcu.sdk/client.go:58.2,59.42 2 13
github.com/pudjamansyurin/gen.vcu.sdk/client.go:63.2,63.27 1 13
github.com/pudjamansyurin/gen.vcu.sdk/client.go:66.2,66.12 1 13
github.com/pudjamansyurin/gen.vcu.sdk/client.go:54.27,56.3 1 73
github.com/pudjamansyurin/gen.vcu.sdk/client.go:59.42,61.3 1 0
github.com/pudjamansyurin/gen.vcu.sdk/client.go:63.27,65.3 1 73
github.com/pudjamansyurin/gen.vcu.sdk/client.go:69.47,71.42 2 59
github.com/pudjamansyurin/gen.vcu.sdk/client.go:75.2,75.27 1 59
github.com/pudjamansyurin/gen.vcu.sdk/client.go:78.2,78.12 1 59
github.com/pudjamansyurin/gen.vcu.sdk/client.go:71.42,73.3 1 0
github.com/pudjamansyurin/gen.vcu.sdk/client.go:75.27,77.3 1 152
github.com/pudjamansyurin/gen.vcu.sdk/client.go:82.80,89.74 6 64
github.com/pudjamansyurin/gen.vcu.sdk/client.go:92.2,92.44 1 64
github.com/pudjamansyurin/gen.vcu.sdk/client.go:95.2,95.62 1 64
github.com/pudjamansyurin/gen.vcu.sdk/client.go:98.2,98.13 1 64
github.com/pudjamansyurin/gen.vcu.sdk/client.go:89.74,91.3 1 0
github.com/pudjamansyurin/gen.vcu.sdk/client.go:92.44,94.3 1 0
github.com/pudjamansyurin/gen.vcu.sdk/client.go:95.62,97.3 1 0
github.com/pudjamansyurin/gen.vcu.sdk/util.go:19.47,23.12 3 0
github.com/pudjamansyurin/gen.vcu.sdk/util.go:29.2,29.17 1 0
github.com/pudjamansyurin/gen.vcu.sdk/util.go:23.12,27.3 3 0
github.com/pudjamansyurin/gen.vcu.sdk/util.go:33.57,35.13 2 64
github.com/pudjamansyurin/gen.vcu.sdk/util.go:38.2,38.57 1 64
github.com/pudjamansyurin/gen.vcu.sdk/util.go:35.13,37.3 1 0
github.com/pudjamansyurin/gen.vcu.sdk/util.go:42.33,44.2 1 144
github.com/pudjamansyurin/gen.vcu.sdk/util.go:47.33,50.2 2 17
github.com/pudjamansyurin/gen.vcu.sdk/util.go:53.42,55.2 1 406
github.com/pudjamansyurin/gen.vcu.sdk/util.go:58.54,60.32 2 4
github.com/pudjamansyurin/gen.vcu.sdk/util.go:64.2,65.32 2 4
github.com/pudjamansyurin/gen.vcu.sdk/util.go:68.2,68.53 1 4
github.com/pudjamansyurin/gen.vcu.sdk/util.go:60.32,62.3 1 0
github.com/pudjamansyurin/gen.vcu.sdk/util.go:65.32,67.3 1 7
github.com/pudjamansyurin/gen.vcu.sdk/util.go:72.43,74.2 1 144
github.com/pudjamansyurin/gen.vcu.sdk/util.go:77.36,79.20 2 309
github.com/pudjamansyurin/gen.vcu.sdk/util.go:82.2,82.11 1 309
github.com/pudjamansyurin/gen.vcu.sdk/util.go:79.20,81.3 1 618
github.com/pudjamansyurin/gen.vcu.sdk/util.go:86.36,90.2 3 401
github.com/pudjamansyurin/gen.vcu.sdk/util.go:93.41,97.2 3 333
github.com/pudjamansyurin/gen.vcu.sdk/util.go:100.50,102.2 1 453
github.com/pudjamansyurin/gen.vcu.sdk/util.go:105.56,107.25 2 23
github.com/pudjamansyurin/gen.vcu.sdk/util.go:110.2,110.15 1 23
github.com/pudjamansyurin/gen.vcu.sdk/util.go:107.25,109.3 1 117
github.com/pudjamansyurin/gen.vcu.sdk/commander_exec.go:12.72,16.29 3 40
github.com/pudjamansyurin/gen.vcu.sdk/commander_exec.go:20.2,21.16 2 40
github.com/pudjamansyurin/gen.vcu.sdk/commander_exec.go:25.2,25.48 1 40
github.com/pudjamansyurin/gen.vcu.sdk/commander_exec.go:29.2,29.28 1 40
github.com/pudjamansyurin/gen.vcu.sdk/commander_exec.go:16.29,18.3 1 0
github.com/pudjamansyurin/gen.vcu.sdk/commander_exec.go:21.16,23.3 1 0
github.com/pudjamansyurin/gen.vcu.sdk/commander_exec.go:25.48,27.3 1 0
github.com/pudjamansyurin/gen.vcu.sdk/commander_exec.go:33.66,34.20 1 40
github.com/pudjamansyurin/gen.vcu.sdk/commander_exec.go:38.2,40.16 3 40
github.com/pudjamansyurin/gen.vcu.sdk/commander_exec.go:44.2,45.45 2 40
github.com/pudjamansyurin/gen.vcu.sdk/commander_exec.go:34.20,36.3 1 0
github.com/pudjamansyurin/gen.vcu.sdk/commander_exec.go:40.16,42.3 1 0
github.com/pudjamansyurin/gen.vcu.sdk/commander_exec.go:49.65,50.15 1 40
github.com/pudjamansyurin/gen.vcu.sdk/commander_exec.go:55.2,56.16 2 40
github.com/pudjamansyurin/gen.vcu.sdk/commander_exec.go:60.2,60.50 1 39
github.com/pudjamansyurin/gen.vcu.sdk/commander_exec.go:64.2,65.16 2 38
github.com/pudjamansyurin/gen.vcu.sdk/commander_exec.go:69.2,70.16 2 37
github.com/pudjamansyurin/gen.vcu.sdk/commander_exec.go:74.2,74.57 1 32
github.com/pudjamansyurin/gen.vcu.sdk/commander_exec.go:78.2,78.25 1 28
github.com/pudjamansyurin/gen.vcu.sdk/commander_exec.go:50.15,53.3 2 40
github.com/pudjamansyurin/gen.vcu.sdk/commander_exec.go:56.16,58.3 1 1
github.com/pudjamansyurin/gen.vcu.sdk/commander_exec.go:60.50,62.3 1 1
github.com/pudjamansyurin/gen.vcu.sdk/commander_exec.go:65.16,67.3 1 1
github.com/pudjamansyurin/gen.vcu.sdk/commander_exec.go:70.16,72.3 1 5
github.com/pudjamansyurin/gen.vcu.sdk/commander_exec.go:74.57,76.3 1 4
github.com/pudjamansyurin/gen.vcu.sdk/commander_exec.go:83.84,85.25 1 78
github.com/pudjamansyurin/gen.vcu.sdk/commander_exec.go:89.2,89.9 1 78
github.com/pudjamansyurin/gen.vcu.sdk/commander_exec.go:85.25,87.3 1 0
github.com/pudjamansyurin/gen.vcu.sdk/commander_exec.go:90.27,91.19 1 76
github.com/pudjamansyurin/gen.vcu.sdk/commander_exec.go:92.34,93.37 1 2
github.com/pudjamansyurin/gen.vcu.sdk/commander_exec.go:98.37,104.2 2 54
github.com/pudjamansyurin/gen.vcu.sdk/commander_exec.go:107.36,108.29 1 54
github.com/pudjamansyurin/gen.vcu.sdk/commander_exec.go:112.2,112.54 1 54
github.com/pudjamansyurin/gen.vcu.sdk/commander_exec.go:115.2,116.68 2 54
github.com/pudjamansyurin/gen.vcu.sdk/commander_exec.go:120.2,120.54 1 54
github.com/pudjamansyurin/gen.vcu.sdk/commander_exec.go:124.2,125.69 2 54
github.com/pudjamansyurin/gen.vcu.sdk/commander_exec.go:128.2,128.12 1 54
github.com/pudjamansyurin/gen.vcu.sdk/commander_exec.go:108.29,110.3 1 0
github.com/pudjamansyurin/gen.vcu.sdk/commander_exec.go:112.54,114.3 1 40
github.com/pudjamansyurin/gen.vcu.sdk/commander_exec.go:116.68,118.3 1 0
github.com/pudjamansyurin/gen.vcu.sdk/commander_exec.go:120.54,123.3 2 76
github.com/pudjamansyurin/gen.vcu.sdk/commander_exec.go:125.69,127.3 1 0
github.com/pudjamansyurin/gen.vcu.sdk/commander_exec.go:133.29,134.60 1 40
github.com/pudjamansyurin/gen.vcu.sdk/commander_exec.go:134.60,136.3 1 80
github.com/pudjamansyurin/gen.vcu.sdk/commander_exec.go:140.89,143.16 3 42
github.com/pudjamansyurin/gen.vcu.sdk/commander_exec.go:146.2,149.19 3 42
github.com/pudjamansyurin/gen.vcu.sdk/commander_exec.go:152.2,152.8 1 42
github.com/pudjamansyurin/gen.vcu.sdk/commander_exec.go:143.16,145.3 1 29
github.com/pudjamansyurin/gen.vcu.sdk/commander_exec.go:149.19,151.3 1 10
github.com/pudjamansyurin/gen.vcu.sdk/encoder.go:17.50,19.16 2 116
github.com/pudjamansyurin/gen.vcu.sdk/encoder.go:24.2,24.22 1 116
github.com/pudjamansyurin/gen.vcu.sdk/encoder.go:27.2,27.22 1 116
github.com/pudjamansyurin/gen.vcu.sdk/encoder.go:19.16,21.3 1 0
github.com/pudjamansyurin/gen.vcu.sdk/encoder.go:24.22,26.3 1 115
github.com/pudjamansyurin/gen.vcu.sdk/encoder.go:31.78,36.30 3 4520
github.com/pudjamansyurin/gen.vcu.sdk/encoder.go:41.2,43.19 2 4520
github.com/pudjamansyurin/gen.vcu.sdk/encoder.go:47.2,47.29 1 4520
github.com/pudjamansyurin/gen.vcu.sdk/encoder.go:142.2,142.25 1 4520
github.com/pudjamansyurin/gen.vcu.sdk/encoder.go:36.30,38.3 1 4520
github.com/pudjamansyurin/gen.vcu.sdk/encoder.go:43.19,45.3 1 3933
github.com/pudjamansyurin/gen.vcu.sdk/encoder.go:49.19,50.18 1 595
github.com/pudjamansyurin/gen.vcu.sdk/encoder.go:58.22,59.30 1 1138
github.com/pudjamansyurin/gen.vcu.sdk/encoder.go:78.21,79.33 1 30
github.com/pudjamansyurin/gen.vcu.sdk/encoder.go:87.21,88.49 1 91
github.com/pudjamansyurin/gen.vcu.sdk/encoder.go:93.22,96.15 3 127
github.com/pudjamansyurin/gen.vcu.sdk/encoder.go:98.20,101.15 3 312
github.com/pudjamansyurin/gen.vcu.sdk/encoder.go:103.83,106.15 3 1483
github.com/pudjamansyurin/gen.vcu.sdk/encoder.go:108.78,111.15 3 96
github.com/pudjamansyurin/gen.vcu.sdk/encoder.go:113.40,117.22 3 648
github.com/pudjamansyurin/gen.vcu.sdk/encoder.go:136.3,136.15 1 648
github.com/pudjamansyurin/gen.vcu.sdk/encoder.go:138.10,139.68 1 0
github.com/pudjamansyurin/gen.vcu.sdk/encoder.go:50.18,52.18 2 385
github.com/pudjamansyurin/gen.vcu.sdk/encoder.go:55.4,55.16 1 385
github.com/pudjamansyurin/gen.vcu.sdk/encoder.go:52.18,54.5 1 0
github.com/pudjamansyurin/gen.vcu.sdk/encoder.go:59.30,63.4 3 163
github.com/pudjamansyurin/gen.vcu.sdk/encoder.go:63.9,64.39 1 975
github.com/pudjamansyurin/gen.vcu.sdk/encoder.go:64.39,71.19 5 3933
github.com/pudjamansyurin/gen.vcu.sdk/encoder.go:74.5,74.17 1 3933
github.com/pudjamansyurin/gen.vcu.sdk/encoder.go:71.19,73.6 1 0
github.com/pudjamansyurin/gen.vcu.sdk/encoder.go:79.33,81.18 2 75
github.com/pudjamansyurin/gen.vcu.sdk/encoder.go:84.4,84.16 1 75
github.com/pudjamansyurin/gen.vcu.sdk/encoder.go:81.18,83.5 1 0
github.com/pudjamansyurin/gen.vcu.sdk/encoder.go:88.49,91.4 2 23
github.com/pudjamansyurin/gen.vcu.sdk/encoder.go:117.22,121.29 2 648
github.com/pudjamansyurin/gen.vcu.sdk/encoder.go:124.4,124.42 1 648
github.com/pudjamansyurin/gen.vcu.sdk/encoder.go:121.29,123.5 1 648
github.com/pudjamansyurin/gen.vcu.sdk/encoder.go:126.9,128.29 1 0
github.com/pudjamansyurin/gen.vcu.sdk/encoder.go:128.29,131.5 2 0
github.com/pudjamansyurin/gen.vcu.sdk/encoder.go:131.10,134.5 2 0
github.com/pudjamansyurin/gen.vcu.sdk/encoder.go:146.54,148.18 2 1566
github.com/pudjamansyurin/gen.vcu.sdk/encoder.go:177.2,177.18 1 1566
github.com/pudjamansyurin/gen.vcu.sdk/encoder.go:149.15,151.29 2 353
github.com/pudjamansyurin/gen.vcu.sdk/encoder.go:152.16,154.29 2 662
github.com/pudjamansyurin/gen.vcu.sdk/encoder.go:155.16,157.29 2 88
github.com/pudjamansyurin/gen.vcu.sdk/encoder.go:158.24,160.29 2 0
github.com/pudjamansyurin/gen.vcu.sdk/encoder.go:161.14,163.29 2 0
github.com/pudjamansyurin/gen.vcu.sdk/encoder.go:164.15,166.29 2 288
github.com/pudjamansyurin/gen.vcu.sdk/encoder.go:167.15,169.29 2 175
github.com/pudjamansyurin/gen.vcu.sdk/encoder.go:170.22,172.29 2 0
github.com/pudjamansyurin/gen.vcu.sdk/encoder.go:173.10,175.29 2 0
github.com/pudjamansyurin/gen.vcu.sdk/encoder.go:181.63,185.2 3 648
github.com/pudjamansyurin/gen.vcu.sdk/encoder.go:188.52,191.12 3 2230
github.com/pudjamansyurin/gen.vcu.sdk/encoder.go:192.35,193.15 1 1141
github.com/pudjamansyurin/gen.vcu.sdk/encoder.go:194.37,195.15 1 794
github.com/pudjamansyurin/gen.vcu.sdk/encoder.go:196.54,197.15 1 295
github.com/pudjamansyurin/gen.vcu.sdk/encoder.go:198.10,199.15 1 0
github.com/pudjamansyurin/gen.vcu.sdk/encoder.go:204.38,215.23 3 164
github.com/pudjamansyurin/gen.vcu.sdk/encoder.go:218.2,218.20 1 164
github.com/pudjamansyurin/gen.vcu.sdk/encoder.go:215.23,217.3 1 1148
github.com/pudjamansyurin/gen.vcu.sdk/encoder.go:222.33,224.7 2 315
github.com/pudjamansyurin/gen.vcu.sdk/encoder.go:227.2,227.18 1 315
github.com/pudjamansyurin/gen.vcu.sdk/encoder.go:224.7,226.3 1 53
github.com/pudjamansyurin/gen.vcu.sdk/encoder.go:231.34,233.2 1 219
github.com/pudjamansyurin/gen.vcu.sdk/model_maker.go:8.75,22.2 1 40
github.com/pudjamansyurin/gen.vcu.sdk/model_maker.go:24.77,41.2 1 51
github.com/pudjamansyurin/gen.vcu.sdk/model_maker.go:43.58,318.36 3 25
github.com/pudjamansyurin/gen.vcu.sdk/model_maker.go:331.2,331.11 1 25
github.com/pudjamansyurin/gen.vcu.sdk/model_maker.go:318.36,329.3 10 15
github.com/pudjamansyurin/gen.vcu.sdk/model_maker.go:334.22,336.2 1 450
github.com/pudjamansyurin/gen.vcu.sdk/model_maker.go:342.42,344.2 1 650
github.com/pudjamansyurin/gen.vcu.sdk/sdk_listener.go:20.50,21.52 1 7
github.com/pudjamansyurin/gen.vcu.sdk/sdk_listener.go:21.52,27.3 4 3
github.com/pudjamansyurin/gen.vcu.sdk/sdk_listener.go:31.50,32.52 1 6
github.com/pudjamansyurin/gen.vcu.sdk/sdk_listener.go:32.52,38.17 4 25
github.com/pudjamansyurin/gen.vcu.sdk/sdk_listener.go:42.3,42.29 1 25
github.com/pudjamansyurin/gen.vcu.sdk/sdk_listener.go:38.17,40.4 1 0
github.com/pudjamansyurin/gen.vcu.sdk/commander.go:26.85,36.39 2 54
github.com/pudjamansyurin/gen.vcu.sdk/commander.go:39.2,39.19 1 54
github.com/pudjamansyurin/gen.vcu.sdk/commander.go:36.39,38.3 1 0
github.com/pudjamansyurin/gen.vcu.sdk/commander.go:43.47,45.16 2 13
github.com/pudjamansyurin/gen.vcu.sdk/commander.go:48.2,48.25 1 1
github.com/pudjamansyurin/gen.vcu.sdk/commander.go:45.16,47.3 1 12
github.com/pudjamansyurin/gen.vcu.sdk/commander.go:52.43,55.2 2 1
github.com/pudjamansyurin/gen.vcu.sdk/commander.go:58.50,61.2 2 1
github.com/pudjamansyurin/gen.vcu.sdk/commander.go:64.45,68.2 3 1
github.com/pudjamansyurin/gen.vcu.sdk/commander.go:71.42,74.2 2 1
github.com/pudjamansyurin/gen.vcu.sdk/commander.go:77.44,80.2 2 1
github.com/pudjamansyurin/gen.vcu.sdk/commander.go:83.51,86.2 2 1
github.com/pudjamansyurin/gen.vcu.sdk/commander.go:89.53,91.32 2 2
github.com/pudjamansyurin/gen.vcu.sdk/commander.go:95.2,96.12 2 1
github.com/pudjamansyurin/gen.vcu.sdk/commander.go:91.32,93.3 1 1
github.com/pudjamansyurin/gen.vcu.sdk/commander.go:100.64,101.60 1 2
github.com/pudjamansyurin/gen.vcu.sdk/commander.go:104.2,106.12 3 1
github.com/pudjamansyurin/gen.vcu.sdk/commander.go:101.60,103.3 1 1
github.com/pudjamansyurin/gen.vcu.sdk/commander.go:110.55,111.25 1 2
github.com/pudjamansyurin/gen.vcu.sdk/commander.go:115.2,116.12 2 1
github.com/pudjamansyurin/gen.vcu.sdk/commander.go:111.25,113.3 1 1
github.com/pudjamansyurin/gen.vcu.sdk/commander.go:120.43,123.2 2 1
github.com/pudjamansyurin/gen.vcu.sdk/commander.go:126.44,129.2 2 1
github.com/pudjamansyurin/gen.vcu.sdk/commander.go:132.39,135.2 2 1
github.com/pudjamansyurin/gen.vcu.sdk/commander.go:138.50,140.16 2 1
github.com/pudjamansyurin/gen.vcu.sdk/commander.go:145.2,146.21 2 1
github.com/pudjamansyurin/gen.vcu.sdk/commander.go:151.2,151.17 1 1
github.com/pudjamansyurin/gen.vcu.sdk/commander.go:140.16,142.3 1 0
github.com/pudjamansyurin/gen.vcu.sdk/commander.go:146.21,149.3 2 5
github.com/pudjamansyurin/gen.vcu.sdk/commander.go:155.46,157.16 2 1
github.com/pudjamansyurin/gen.vcu.sdk/commander.go:162.2,163.16 2 1
github.com/pudjamansyurin/gen.vcu.sdk/commander.go:157.16,159.3 1 0
github.com/pudjamansyurin/gen.vcu.sdk/commander.go:167.45,168.46 1 2
github.com/pudjamansyurin/gen.vcu.sdk/commander.go:172.2,173.12 2 1
github.com/pudjamansyurin/gen.vcu.sdk/commander.go:168.46,170.3 1 1
github.com/pudjamansyurin/gen.vcu.sdk/commander.go:177.39,180.2 2 1
github.com/pudjamansyurin/gen.vcu.sdk/commander.go:183.43,186.2 2 1
github.com/pudjamansyurin/gen.vcu.sdk/commander.go:189.47,191.16 2 1
github.com/pudjamansyurin/gen.vcu.sdk/commander.go:194.2,194.25 1 1
github.com/pudjamansyurin/gen.vcu.sdk/commander.go:191.16,193.3 1 0
github.com/pudjamansyurin/gen.vcu.sdk/commander.go:198.47,200.16 2 1
github.com/pudjamansyurin/gen.vcu.sdk/commander.go:203.2,203.25 1 1
github.com/pudjamansyurin/gen.vcu.sdk/commander.go:200.16,202.3 1 0
github.com/pudjamansyurin/gen.vcu.sdk/commander.go:208.62,209.64 1 4
github.com/pudjamansyurin/gen.vcu.sdk/commander.go:212.2,212.68 1 2
github.com/pudjamansyurin/gen.vcu.sdk/commander.go:216.2,217.16 2 1
github.com/pudjamansyurin/gen.vcu.sdk/commander.go:220.2,220.25 1 1
github.com/pudjamansyurin/gen.vcu.sdk/commander.go:209.64,211.3 1 2
github.com/pudjamansyurin/gen.vcu.sdk/commander.go:212.68,214.3 1 1
github.com/pudjamansyurin/gen.vcu.sdk/commander.go:217.16,219.3 1 0
github.com/pudjamansyurin/gen.vcu.sdk/commander.go:224.50,226.16 2 1
github.com/pudjamansyurin/gen.vcu.sdk/commander.go:229.2,229.25 1 1
github.com/pudjamansyurin/gen.vcu.sdk/commander.go:226.16,228.3 1 0
github.com/pudjamansyurin/gen.vcu.sdk/commander.go:233.54,234.29 1 2
github.com/pudjamansyurin/gen.vcu.sdk/commander.go:238.2,239.12 2 1
github.com/pudjamansyurin/gen.vcu.sdk/commander.go:234.29,236.3 1 1
github.com/pudjamansyurin/gen.vcu.sdk/commander.go:243.51,244.27 1 2
github.com/pudjamansyurin/gen.vcu.sdk/commander.go:248.2,249.12 2 1
github.com/pudjamansyurin/gen.vcu.sdk/commander.go:244.27,246.3 1 1
github.com/pudjamansyurin/gen.vcu.sdk/commander.go:253.48,254.25 1 2
github.com/pudjamansyurin/gen.vcu.sdk/commander.go:258.2,259.12 2 1
github.com/pudjamansyurin/gen.vcu.sdk/commander.go:254.25,256.3 1 1
github.com/pudjamansyurin/gen.vcu.sdk/commander.go:263.48,266.2 2 1
github.com/pudjamansyurin/gen.vcu.sdk/commander.go:269.50,270.25 1 2
github.com/pudjamansyurin/gen.vcu.sdk/commander.go:274.2,276.12 3 1
github.com/pudjamansyurin/gen.vcu.sdk/commander.go:270.25,272.3 1 1
github.com/pudjamansyurin/gen.vcu.sdk/commander.go:285.58,286.36 1 4
github.com/pudjamansyurin/gen.vcu.sdk/commander.go:290.2,291.23 2 3
github.com/pudjamansyurin/gen.vcu.sdk/commander.go:304.2,305.12 2 1
github.com/pudjamansyurin/gen.vcu.sdk/commander.go:286.36,288.3 1 1
github.com/pudjamansyurin/gen.vcu.sdk/commander.go:291.23,293.61 2 8
github.com/pudjamansyurin/gen.vcu.sdk/commander.go:296.3,296.61 1 7
github.com/pudjamansyurin/gen.vcu.sdk/commander.go:300.3,301.52 2 6
github.com/pudjamansyurin/gen.vcu.sdk/commander.go:293.61,295.4 1 1
github.com/pudjamansyurin/gen.vcu.sdk/commander.go:296.61,298.4 1 1
github.com/pudjamansyurin/gen.vcu.sdk/model_report.go:33.43,34.21 1 60
github.com/pudjamansyurin/gen.vcu.sdk/model_report.go:37.2,37.41 1 60
github.com/pudjamansyurin/gen.vcu.sdk/model_report.go:34.21,36.3 1 0
github.com/pudjamansyurin/gen.vcu.sdk/model_report.go:41.35,44.2 2 59
github.com/pudjamansyurin/gen.vcu.sdk/model_report.go:47.41,48.21 1 59
github.com/pudjamansyurin/gen.vcu.sdk/model_report.go:51.2,51.39 1 59
github.com/pudjamansyurin/gen.vcu.sdk/model_report.go:48.21,50.3 1 0
github.com/pudjamansyurin/gen.vcu.sdk/model_report.go:55.40,58.37 3 0
github.com/pudjamansyurin/gen.vcu.sdk/model_report.go:65.2,65.12 1 0
github.com/pudjamansyurin/gen.vcu.sdk/model_report.go:58.37,60.23 2 0
github.com/pudjamansyurin/gen.vcu.sdk/model_report.go:60.23,63.4 2 0
github.com/pudjamansyurin/gen.vcu.sdk/model_report.go:78.37,80.2 1 1
github.com/pudjamansyurin/gen.vcu.sdk/model_report.go:83.37,85.43 2 4
github.com/pudjamansyurin/gen.vcu.sdk/model_report.go:90.2,90.10 1 4
github.com/pudjamansyurin/gen.vcu.sdk/model_report.go:85.43,86.30 1 28
github.com/pudjamansyurin/gen.vcu.sdk/model_report.go:86.30,88.4 1 4
github.com/pudjamansyurin/gen.vcu.sdk/model_report.go:94.45,96.23 2 30
github.com/pudjamansyurin/gen.vcu.sdk/model_report.go:101.2,101.23 1 30
github.com/pudjamansyurin/gen.vcu.sdk/model_report.go:96.23,97.41 1 31
github.com/pudjamansyurin/gen.vcu.sdk/model_report.go:97.41,99.4 1 7
github.com/pudjamansyurin/gen.vcu.sdk/model_report.go:105.35,106.14 1 4
github.com/pudjamansyurin/gen.vcu.sdk/model_report.go:109.2,110.68 2 4
github.com/pudjamansyurin/gen.vcu.sdk/model_report.go:106.14,108.3 1 0
github.com/pudjamansyurin/gen.vcu.sdk/model_report.go:114.33,115.14 1 3
github.com/pudjamansyurin/gen.vcu.sdk/model_report.go:118.2,118.45 1 3
github.com/pudjamansyurin/gen.vcu.sdk/model_report.go:115.14,117.3 1 0
github.com/pudjamansyurin/gen.vcu.sdk/model_report.go:127.37,128.14 1 3
github.com/pudjamansyurin/gen.vcu.sdk/model_report.go:131.2,131.45 1 3
github.com/pudjamansyurin/gen.vcu.sdk/model_report.go:128.14,130.3 1 0
github.com/pudjamansyurin/gen.vcu.sdk/model_report.go:147.38,148.14 1 4
github.com/pudjamansyurin/gen.vcu.sdk/model_report.go:151.2,151.26 1 4
github.com/pudjamansyurin/gen.vcu.sdk/model_report.go:154.2,155.59 1 3
github.com/pudjamansyurin/gen.vcu.sdk/model_report.go:148.14,150.3 1 0
github.com/pudjamansyurin/gen.vcu.sdk/model_report.go:151.26,153.3 1 1
github.com/pudjamansyurin/gen.vcu.sdk/model_report.go:159.36,160.14 1 3
github.com/pudjamansyurin/gen.vcu.sdk/model_report.go:163.2,163.30 1 3
github.com/pudjamansyurin/gen.vcu.sdk/model_report.go:160.14,162.3 1 0
github.com/pudjamansyurin/gen.vcu.sdk/model_report.go:191.32,192.14 1 3
github.com/pudjamansyurin/gen.vcu.sdk/model_report.go:195.2,195.43 1 3
github.com/pudjamansyurin/gen.vcu.sdk/model_report.go:192.14,194.3 1 0
github.com/pudjamansyurin/gen.vcu.sdk/model_report.go:258.37,260.2 1 1
github.com/pudjamansyurin/gen.vcu.sdk/model_report.go:263.37,265.43 2 4
github.com/pudjamansyurin/gen.vcu.sdk/model_report.go:270.2,270.10 1 4
github.com/pudjamansyurin/gen.vcu.sdk/model_report.go:265.43,266.30 1 48
github.com/pudjamansyurin/gen.vcu.sdk/model_report.go:266.30,268.4 1 5
github.com/pudjamansyurin/gen.vcu.sdk/model_report.go:274.45,276.23 2 50
github.com/pudjamansyurin/gen.vcu.sdk/model_report.go:281.2,281.23 1 50
github.com/pudjamansyurin/gen.vcu.sdk/model_report.go:276.23,277.41 1 51
github.com/pudjamansyurin/gen.vcu.sdk/model_report.go:277.41,279.4 1 8
github.com/pudjamansyurin/gen.vcu.sdk/model_report.go:285.34,286.14 1 3
github.com/pudjamansyurin/gen.vcu.sdk/model_report.go:289.2,289.41 1 3
github.com/pudjamansyurin/gen.vcu.sdk/model_report.go:286.14,288.3 1 0
github.com/pudjamansyurin/gen.vcu.sdk/model_report.go:328.37,330.2 1 1
github.com/pudjamansyurin/gen.vcu.sdk/model_report.go:333.37,338.48 2 5
github.com/pudjamansyurin/gen.vcu.sdk/model_report.go:343.2,343.47 1 5
github.com/pudjamansyurin/gen.vcu.sdk/model_report.go:348.2,348.10 1 5
github.com/pudjamansyurin/gen.vcu.sdk/model_report.go:338.48,339.38 1 160
github.com/pudjamansyurin/gen.vcu.sdk/model_report.go:339.38,341.4 1 5
github.com/pudjamansyurin/gen.vcu.sdk/model_report.go:343.47,344.36 1 160
github.com/pudjamansyurin/gen.vcu.sdk/model_report.go:344.36,346.4 1 3
github.com/pudjamansyurin/gen.vcu.sdk/model_report.go:352.53,354.23 2 162
github.com/pudjamansyurin/gen.vcu.sdk/model_report.go:359.2,359.23 1 162
github.com/pudjamansyurin/gen.vcu.sdk/model_report.go:354.23,355.38 1 163
github.com/pudjamansyurin/gen.vcu.sdk/model_report.go:355.38,357.4 1 8
github.com/pudjamansyurin/gen.vcu.sdk/model_report.go:363.51,365.23 2 161
github.com/pudjamansyurin/gen.vcu.sdk/model_report.go:370.2,370.23 1 161
github.com/pudjamansyurin/gen.vcu.sdk/model_report.go:365.23,366.37 1 161
github.com/pudjamansyurin/gen.vcu.sdk/model_report.go:366.37,368.4 1 4
github.com/pudjamansyurin/gen.vcu.sdk/model_report.go:406.37,407.14 1 1
github.com/pudjamansyurin/gen.vcu.sdk/model_report.go:410.2,411.37 2 1
github.com/pudjamansyurin/gen.vcu.sdk/model_report.go:416.2,416.14 1 0
github.com/pudjamansyurin/gen.vcu.sdk/model_report.go:407.14,409.3 1 0
github.com/pudjamansyurin/gen.vcu.sdk/model_report.go:411.37,412.51 1 1
github.com/pudjamansyurin/gen.vcu.sdk/model_report.go:412.51,414.4 1 1
github.com/pudjamansyurin/gen.vcu.sdk/model_response.go:20.45,21.21 1 37
github.com/pudjamansyurin/gen.vcu.sdk/model_response.go:24.2,24.43 1 37
github.com/pudjamansyurin/gen.vcu.sdk/model_response.go:21.21,23.3 1 0
github.com/pudjamansyurin/gen.vcu.sdk/model_response.go:28.37,29.21 1 36
github.com/pudjamansyurin/gen.vcu.sdk/model_response.go:32.2,32.29 1 36
github.com/pudjamansyurin/gen.vcu.sdk/model_response.go:29.21,31.3 1 0
github.com/pudjamansyurin/gen.vcu.sdk/model_response.go:36.43,37.21 1 36
github.com/pudjamansyurin/gen.vcu.sdk/model_response.go:40.2,40.39 1 36
github.com/pudjamansyurin/gen.vcu.sdk/model_response.go:37.21,39.3 1 0
github.com/pudjamansyurin/gen.vcu.sdk/model_response.go:44.55,45.35 1 31
github.com/pudjamansyurin/gen.vcu.sdk/model_response.go:48.2,48.69 1 31
github.com/pudjamansyurin/gen.vcu.sdk/model_response.go:45.35,47.3 1 0
github.com/pudjamansyurin/gen.vcu.sdk/model_response.go:52.46,53.21 1 34
github.com/pudjamansyurin/gen.vcu.sdk/model_response.go:56.2,57.19 2 34
github.com/pudjamansyurin/gen.vcu.sdk/model_response.go:53.21,55.3 1 0
github.com/pudjamansyurin/gen.vcu.sdk/model_response.go:61.46,62.21 1 33
github.com/pudjamansyurin/gen.vcu.sdk/model_response.go:65.2,65.47 1 33
github.com/pudjamansyurin/gen.vcu.sdk/model_response.go:70.2,70.14 1 1
github.com/pudjamansyurin/gen.vcu.sdk/model_response.go:62.21,64.3 1 0
github.com/pudjamansyurin/gen.vcu.sdk/model_response.go:65.47,66.28 1 65
github.com/pudjamansyurin/gen.vcu.sdk/model_response.go:66.28,68.4 1 32
github.com/pudjamansyurin/gen.vcu.sdk/model_response.go:74.44,76.2 1 3
github.com/pudjamansyurin/gen.vcu.sdk/model_response.go:79.42,80.21 1 1
github.com/pudjamansyurin/gen.vcu.sdk/model_response.go:84.2,85.53 2 1
github.com/pudjamansyurin/gen.vcu.sdk/model_response.go:90.2,90.26 1 1
github.com/pudjamansyurin/gen.vcu.sdk/model_response.go:80.21,82.3 1 0
github.com/pudjamansyurin/gen.vcu.sdk/model_response.go:85.53,89.3 3 7
github.com/pudjamansyurin/gen.vcu.sdk/model_response.go:95.72,96.30 1 32
github.com/pudjamansyurin/gen.vcu.sdk/model_response.go:99.2,99.23 1 31
github.com/pudjamansyurin/gen.vcu.sdk/model_response.go:102.2,102.35 1 30
github.com/pudjamansyurin/gen.vcu.sdk/model_response.go:106.2,108.20 2 2
github.com/pudjamansyurin/gen.vcu.sdk/model_response.go:112.2,112.24 1 2
github.com/pudjamansyurin/gen.vcu.sdk/model_response.go:96.30,98.3 1 1
github.com/pudjamansyurin/gen.vcu.sdk/model_response.go:99.23,101.3 1 1
github.com/pudjamansyurin/gen.vcu.sdk/model_response.go:102.35,104.3 1 28
github.com/pudjamansyurin/gen.vcu.sdk/model_response.go:108.20,111.3 2 1
github.com/pudjamansyurin/gen.vcu.sdk/type_enums.go:11.32,17.2 1 0
github.com/pudjamansyurin/gen.vcu.sdk/type_enums.go:32.36,42.2 1 8
github.com/pudjamansyurin/gen.vcu.sdk/type_enums.go:53.34,59.2 1 0
github.com/pudjamansyurin/gen.vcu.sdk/type_enums.go:70.36,76.2 1 4
github.com/pudjamansyurin/gen.vcu.sdk/type_enums.go:87.35,93.2 1 0
github.com/pudjamansyurin/gen.vcu.sdk/type_enums.go:103.34,108.2 1 0
github.com/pudjamansyurin/gen.vcu.sdk/type_enums.go:110.32,115.2 1 0
github.com/pudjamansyurin/gen.vcu.sdk/type_enums.go:132.35,144.2 1 0
github.com/pudjamansyurin/gen.vcu.sdk/type_enums.go:163.38,177.2 1 0
github.com/pudjamansyurin/gen.vcu.sdk/type_enums.go:190.42,198.2 1 0
github.com/pudjamansyurin/gen.vcu.sdk/type_enums.go:209.34,215.2 1 4
github.com/pudjamansyurin/gen.vcu.sdk/type_enums.go:240.35,250.2 1 2
github.com/pudjamansyurin/gen.vcu.sdk/type_enums.go:271.35,286.2 1 3
github.com/pudjamansyurin/gen.vcu.sdk/type_enums.go:333.39,368.2 1 1
github.com/pudjamansyurin/gen.vcu.sdk/type_enums.go:406.38,441.2 1 1
github.com/pudjamansyurin/gen.vcu.sdk/type_vars.go:29.42,31.2 1 0
github.com/pudjamansyurin/gen.vcu.sdk/type_vars.go:35.44,37.2 1 36
github.com/pudjamansyurin/gen.vcu.sdk/type_vars.go:52.44,54.2 1 0
github.com/pudjamansyurin/gen.vcu.sdk/type_vars.go:55.61,57.2 1 0
github.com/pudjamansyurin/gen.vcu.sdk/model_command.go:213.56,214.60 1 91
github.com/pudjamansyurin/gen.vcu.sdk/model_command.go:214.60,216.3 1 1179
github.com/pudjamansyurin/gen.vcu.sdk/model_command.go:220.56,221.52 1 34
github.com/pudjamansyurin/gen.vcu.sdk/model_command.go:221.52,223.3 1 468
github.com/pudjamansyurin/gen.vcu.sdk/model_command.go:227.56,228.38 1 125
github.com/pudjamansyurin/gen.vcu.sdk/model_command.go:240.2,240.28 1 1
github.com/pudjamansyurin/gen.vcu.sdk/model_command.go:228.38,229.38 1 504
github.com/pudjamansyurin/gen.vcu.sdk/model_command.go:229.38,230.38 1 1647
github.com/pudjamansyurin/gen.vcu.sdk/model_command.go:230.38,233.25 3 124
github.com/pudjamansyurin/gen.vcu.sdk/model_command.go:236.5,236.21 1 124
github.com/pudjamansyurin/gen.vcu.sdk/model_command.go:233.25,235.6 1 102
