mode: set
github.com/pudjamansyurin/gen.vcu.sdk/command_transport.go:11.71,16.16 4 1
github.com/pudjamansyurin/gen.vcu.sdk/command_transport.go:20.2,20.48 1 1
github.com/pudjamansyurin/gen.vcu.sdk/command_transport.go:24.2,25.17 2 1
github.com/pudjamansyurin/gen.vcu.sdk/command_transport.go:16.16,18.3 1 0
github.com/pudjamansyurin/gen.vcu.sdk/command_transport.go:20.48,22.3 1 0
github.com/pudjamansyurin/gen.vcu.sdk/command_transport.go:29.66,31.16 2 1
github.com/pudjamansyurin/gen.vcu.sdk/command_transport.go:35.2,36.12 2 1
github.com/pudjamansyurin/gen.vcu.sdk/command_transport.go:31.16,33.3 1 0
github.com/pudjamansyurin/gen.vcu.sdk/command_transport.go:40.64,41.15 1 1
github.com/pudjamansyurin/gen.vcu.sdk/command_transport.go:46.2,47.16 2 1
github.com/pudjamansyurin/gen.vcu.sdk/command_transport.go:51.2,51.44 1 1
github.com/pudjamansyurin/gen.vcu.sdk/command_transport.go:55.2,56.16 2 1
github.com/pudjamansyurin/gen.vcu.sdk/command_transport.go:60.2,61.16 2 1
github.com/pudjamansyurin/gen.vcu.sdk/command_transport.go:65.2,65.58 1 1
github.com/pudjamansyurin/gen.vcu.sdk/command_transport.go:69.2,69.25 1 1
github.com/pudjamansyurin/gen.vcu.sdk/command_transport.go:41.15,44.3 2 1
github.com/pudjamansyurin/gen.vcu.sdk/command_transport.go:47.16,49.3 1 1
github.com/pudjamansyurin/gen.vcu.sdk/command_transport.go:51.44,53.3 1 1
github.com/pudjamansyurin/gen.vcu.sdk/command_transport.go:56.16,58.3 1 1
github.com/pudjamansyurin/gen.vcu.sdk/command_transport.go:61.16,63.3 1 1
github.com/pudjamansyurin/gen.vcu.sdk/command_transport.go:65.58,67.3 1 1
github.com/pudjamansyurin/gen.vcu.sdk/command_transport.go:74.84,76.25 1 1
github.com/pudjamansyurin/gen.vcu.sdk/command_transport.go:80.2,80.9 1 1
github.com/pudjamansyurin/gen.vcu.sdk/command_transport.go:76.25,78.3 1 0
github.com/pudjamansyurin/gen.vcu.sdk/command_transport.go:81.27,82.19 1 1
github.com/pudjamansyurin/gen.vcu.sdk/command_transport.go:83.34,84.37 1 1
github.com/pudjamansyurin/gen.vcu.sdk/command_transport.go:89.36,91.28 2 1
github.com/pudjamansyurin/gen.vcu.sdk/command_transport.go:94.2,94.12 1 1
github.com/pudjamansyurin/gen.vcu.sdk/command_transport.go:91.28,93.3 1 1
github.com/pudjamansyurin/gen.vcu.sdk/command_transport.go:99.73,100.32 1 1
github.com/pudjamansyurin/gen.vcu.sdk/command_transport.go:103.2,103.25 1 1
github.com/pudjamansyurin/gen.vcu.sdk/command_transport.go:106.2,106.37 1 1
github.com/pudjamansyurin/gen.vcu.sdk/command_transport.go:110.2,112.22 2 1
github.com/pudjamansyurin/gen.vcu.sdk/command_transport.go:116.2,116.24 1 1
github.com/pudjamansyurin/gen.vcu.sdk/command_transport.go:100.32,102.3 1 1
github.com/pudjamansyurin/gen.vcu.sdk/command_transport.go:103.25,105.3 1 1
github.com/pudjamansyurin/gen.vcu.sdk/command_transport.go:106.37,108.3 1 1
github.com/pudjamansyurin/gen.vcu.sdk/command_transport.go:112.22,115.3 2 1
github.com/pudjamansyurin/gen.vcu.sdk/commander.go:26.94,36.39 2 1
github.com/pudjamansyurin/gen.vcu.sdk/commander.go:39.2,39.19 1 1
github.com/pudjamansyurin/gen.vcu.sdk/commander.go:36.39,38.3 1 0
github.com/pudjamansyurin/gen.vcu.sdk/commander.go:43.47,45.16 2 1
github.com/pudjamansyurin/gen.vcu.sdk/commander.go:48.2,48.25 1 1
github.com/pudjamansyurin/gen.vcu.sdk/commander.go:45.16,47.3 1 1
github.com/pudjamansyurin/gen.vcu.sdk/commander.go:52.43,55.2 2 1
github.com/pudjamansyurin/gen.vcu.sdk/commander.go:58.50,61.2 2 1
github.com/pudjamansyurin/gen.vcu.sdk/commander.go:64.45,68.2 3 1
github.com/pudjamansyurin/gen.vcu.sdk/commander.go:71.42,74.2 2 1
github.com/pudjamansyurin/gen.vcu.sdk/commander.go:77.44,80.2 2 1
github.com/pudjamansyurin/gen.vcu.sdk/commander.go:83.51,86.2 2 1
github.com/pudjamansyurin/gen.vcu.sdk/commander.go:89.53,91.32 2 1
github.com/pudjamansyurin/gen.vcu.sdk/commander.go:95.2,97.12 3 1
github.com/pudjamansyurin/gen.vcu.sdk/commander.go:91.32,93.3 1 1
github.com/pudjamansyurin/gen.vcu.sdk/commander.go:101.64,102.60 1 1
github.com/pudjamansyurin/gen.vcu.sdk/commander.go:105.2,107.12 3 1
github.com/pudjamansyurin/gen.vcu.sdk/commander.go:102.60,104.3 1 1
github.com/pudjamansyurin/gen.vcu.sdk/commander.go:111.55,112.27 1 1
github.com/pudjamansyurin/gen.vcu.sdk/commander.go:116.2,118.12 3 1
github.com/pudjamansyurin/gen.vcu.sdk/commander.go:112.27,114.3 1 1
github.com/pudjamansyurin/gen.vcu.sdk/commander.go:122.43,125.2 2 1
github.com/pudjamansyurin/gen.vcu.sdk/commander.go:128.44,131.2 2 1
github.com/pudjamansyurin/gen.vcu.sdk/commander.go:134.39,137.2 2 1
github.com/pudjamansyurin/gen.vcu.sdk/commander.go:140.50,142.16 2 1
github.com/pudjamansyurin/gen.vcu.sdk/commander.go:147.2,148.21 2 1
github.com/pudjamansyurin/gen.vcu.sdk/commander.go:153.2,153.17 1 1
github.com/pudjamansyurin/gen.vcu.sdk/commander.go:142.16,144.3 1 0
github.com/pudjamansyurin/gen.vcu.sdk/commander.go:148.21,151.3 2 1
github.com/pudjamansyurin/gen.vcu.sdk/commander.go:157.46,159.16 2 1
github.com/pudjamansyurin/gen.vcu.sdk/commander.go:164.2,165.16 2 1
github.com/pudjamansyurin/gen.vcu.sdk/commander.go:159.16,161.3 1 0
github.com/pudjamansyurin/gen.vcu.sdk/commander.go:169.45,170.56 1 1
github.com/pudjamansyurin/gen.vcu.sdk/commander.go:174.2,175.12 2 1
github.com/pudjamansyurin/gen.vcu.sdk/commander.go:170.56,172.3 1 1
github.com/pudjamansyurin/gen.vcu.sdk/commander.go:179.39,182.2 2 1
github.com/pudjamansyurin/gen.vcu.sdk/commander.go:185.43,188.2 2 1
github.com/pudjamansyurin/gen.vcu.sdk/commander.go:191.47,193.16 2 1
github.com/pudjamansyurin/gen.vcu.sdk/commander.go:196.2,196.25 1 1
github.com/pudjamansyurin/gen.vcu.sdk/commander.go:193.16,195.3 1 0
github.com/pudjamansyurin/gen.vcu.sdk/commander.go:200.47,202.16 2 1
github.com/pudjamansyurin/gen.vcu.sdk/commander.go:205.2,205.25 1 1
github.com/pudjamansyurin/gen.vcu.sdk/commander.go:202.16,204.3 1 0
github.com/pudjamansyurin/gen.vcu.sdk/commander.go:210.62,211.64 1 1
github.com/pudjamansyurin/gen.vcu.sdk/commander.go:214.2,214.68 1 1
github.com/pudjamansyurin/gen.vcu.sdk/commander.go:218.2,219.16 2 1
github.com/pudjamansyurin/gen.vcu.sdk/commander.go:222.2,222.25 1 1
github.com/pudjamansyurin/gen.vcu.sdk/commander.go:211.64,213.3 1 1
github.com/pudjamansyurin/gen.vcu.sdk/commander.go:214.68,216.3 1 1
github.com/pudjamansyurin/gen.vcu.sdk/commander.go:219.16,221.3 1 0
github.com/pudjamansyurin/gen.vcu.sdk/commander.go:226.50,228.16 2 1
github.com/pudjamansyurin/gen.vcu.sdk/commander.go:231.2,231.25 1 1
github.com/pudjamansyurin/gen.vcu.sdk/commander.go:228.16,230.3 1 0
github.com/pudjamansyurin/gen.vcu.sdk/commander.go:235.54,236.29 1 1
github.com/pudjamansyurin/gen.vcu.sdk/commander.go:240.2,242.12 3 1
github.com/pudjamansyurin/gen.vcu.sdk/commander.go:236.29,238.3 1 1
github.com/pudjamansyurin/gen.vcu.sdk/commander.go:246.51,247.27 1 1
github.com/pudjamansyurin/gen.vcu.sdk/commander.go:251.2,253.12 3 1
github.com/pudjamansyurin/gen.vcu.sdk/commander.go:247.27,249.3 1 1
github.com/pudjamansyurin/gen.vcu.sdk/commander.go:257.48,258.25 1 1
github.com/pudjamansyurin/gen.vcu.sdk/commander.go:262.2,264.12 3 1
github.com/pudjamansyurin/gen.vcu.sdk/commander.go:258.25,260.3 1 1
github.com/pudjamansyurin/gen.vcu.sdk/commander.go:268.48,271.2 2 1
github.com/pudjamansyurin/gen.vcu.sdk/commander.go:274.50,275.25 1 1
github.com/pudjamansyurin/gen.vcu.sdk/commander.go:279.2,281.12 3 1
github.com/pudjamansyurin/gen.vcu.sdk/commander.go:275.25,277.3 1 1
github.com/pudjamansyurin/gen.vcu.sdk/commander.go:290.58,291.36 1 1
github.com/pudjamansyurin/gen.vcu.sdk/commander.go:295.2,296.23 2 1
github.com/pudjamansyurin/gen.vcu.sdk/commander.go:309.2,310.12 2 1
github.com/pudjamansyurin/gen.vcu.sdk/commander.go:291.36,293.3 1 1
github.com/pudjamansyurin/gen.vcu.sdk/commander.go:296.23,298.61 2 1
github.com/pudjamansyurin/gen.vcu.sdk/commander.go:301.3,301.61 1 1
github.com/pudjamansyurin/gen.vcu.sdk/commander.go:305.3,306.52 2 1
github.com/pudjamansyurin/gen.vcu.sdk/commander.go:298.61,300.4 1 1
github.com/pudjamansyurin/gen.vcu.sdk/commander.go:301.61,303.4 1 1
github.com/pudjamansyurin/gen.vcu.sdk/model_report.go:35.43,36.21 1 1
github.com/pudjamansyurin/gen.vcu.sdk/model_report.go:39.2,39.41 1 1
github.com/pudjamansyurin/gen.vcu.sdk/model_report.go:36.21,38.3 1 0
github.com/pudjamansyurin/gen.vcu.sdk/model_report.go:43.35,65.32 3 1
github.com/pudjamansyurin/gen.vcu.sdk/model_report.go:71.2,72.18 2 1
github.com/pudjamansyurin/gen.vcu.sdk/model_report.go:65.32,66.15 1 1
github.com/pudjamansyurin/gen.vcu.sdk/model_report.go:66.15,68.4 1 1
github.com/pudjamansyurin/gen.vcu.sdk/model_report.go:76.41,77.21 1 1
github.com/pudjamansyurin/gen.vcu.sdk/model_report.go:80.2,80.39 1 1
github.com/pudjamansyurin/gen.vcu.sdk/model_report.go:77.21,79.3 1 0
github.com/pudjamansyurin/gen.vcu.sdk/model_report.go:84.40,87.37 3 0
github.com/pudjamansyurin/gen.vcu.sdk/model_report.go:94.2,94.12 1 0
github.com/pudjamansyurin/gen.vcu.sdk/model_report.go:87.37,89.23 2 0
github.com/pudjamansyurin/gen.vcu.sdk/model_report.go:89.23,92.4 2 0
github.com/pudjamansyurin/gen.vcu.sdk/model_report.go:111.37,113.23 2 0
github.com/pudjamansyurin/gen.vcu.sdk/model_report.go:116.2,116.50 1 0
github.com/pudjamansyurin/gen.vcu.sdk/model_report.go:113.23,115.3 1 0
github.com/pudjamansyurin/gen.vcu.sdk/model_report.go:120.37,124.38 3 0
github.com/pudjamansyurin/gen.vcu.sdk/model_report.go:134.2,134.10 1 0
github.com/pudjamansyurin/gen.vcu.sdk/model_report.go:124.38,126.23 1 0
github.com/pudjamansyurin/gen.vcu.sdk/model_report.go:131.3,131.17 1 0
github.com/pudjamansyurin/gen.vcu.sdk/model_report.go:126.23,128.4 1 0
github.com/pudjamansyurin/gen.vcu.sdk/model_report.go:138.41,140.2 1 0
github.com/pudjamansyurin/gen.vcu.sdk/model_report.go:143.35,144.14 1 0
github.com/pudjamansyurin/gen.vcu.sdk/model_report.go:147.2,148.68 2 0
github.com/pudjamansyurin/gen.vcu.sdk/model_report.go:144.14,146.3 1 0
github.com/pudjamansyurin/gen.vcu.sdk/model_report.go:152.33,153.14 1 0
github.com/pudjamansyurin/gen.vcu.sdk/model_report.go:156.2,156.45 1 0
github.com/pudjamansyurin/gen.vcu.sdk/model_report.go:153.14,155.3 1 0
github.com/pudjamansyurin/gen.vcu.sdk/model_report.go:165.37,166.14 1 0
github.com/pudjamansyurin/gen.vcu.sdk/model_report.go:169.2,169.45 1 0
github.com/pudjamansyurin/gen.vcu.sdk/model_report.go:166.14,168.3 1 0
github.com/pudjamansyurin/gen.vcu.sdk/model_report.go:185.38,186.14 1 0
github.com/pudjamansyurin/gen.vcu.sdk/model_report.go:189.2,189.26 1 0
github.com/pudjamansyurin/gen.vcu.sdk/model_report.go:192.2,193.57 1 0
github.com/pudjamansyurin/gen.vcu.sdk/model_report.go:186.14,188.3 1 0
github.com/pudjamansyurin/gen.vcu.sdk/model_report.go:189.26,191.3 1 0
github.com/pudjamansyurin/gen.vcu.sdk/model_report.go:197.36,198.14 1 0
github.com/pudjamansyurin/gen.vcu.sdk/model_report.go:201.2,201.30 1 0
github.com/pudjamansyurin/gen.vcu.sdk/model_report.go:198.14,200.3 1 0
github.com/pudjamansyurin/gen.vcu.sdk/model_report.go:229.32,230.14 1 0
github.com/pudjamansyurin/gen.vcu.sdk/model_report.go:233.2,233.43 1 0
github.com/pudjamansyurin/gen.vcu.sdk/model_report.go:230.14,232.3 1 0
github.com/pudjamansyurin/gen.vcu.sdk/model_report.go:300.37,302.23 2 0
github.com/pudjamansyurin/gen.vcu.sdk/model_report.go:305.2,305.53 1 0
github.com/pudjamansyurin/gen.vcu.sdk/model_report.go:302.23,304.3 1 0
github.com/pudjamansyurin/gen.vcu.sdk/model_report.go:309.37,313.38 3 0
github.com/pudjamansyurin/gen.vcu.sdk/model_report.go:323.2,323.10 1 0
github.com/pudjamansyurin/gen.vcu.sdk/model_report.go:313.38,315.23 1 0
github.com/pudjamansyurin/gen.vcu.sdk/model_report.go:320.3,320.17 1 0
github.com/pudjamansyurin/gen.vcu.sdk/model_report.go:315.23,317.4 1 0
github.com/pudjamansyurin/gen.vcu.sdk/model_report.go:327.41,329.2 1 0
github.com/pudjamansyurin/gen.vcu.sdk/model_report.go:332.34,333.14 1 0
github.com/pudjamansyurin/gen.vcu.sdk/model_report.go:336.2,336.41 1 0
github.com/pudjamansyurin/gen.vcu.sdk/model_report.go:333.14,335.3 1 0
github.com/pudjamansyurin/gen.vcu.sdk/model_report.go:382.37,385.28 3 0
github.com/pudjamansyurin/gen.vcu.sdk/model_report.go:388.2,388.27 1 0
github.com/pudjamansyurin/gen.vcu.sdk/model_report.go:391.2,391.111 1 0
github.com/pudjamansyurin/gen.vcu.sdk/model_report.go:385.28,387.3 1 0
github.com/pudjamansyurin/gen.vcu.sdk/model_report.go:388.27,390.3 1 0
github.com/pudjamansyurin/gen.vcu.sdk/model_report.go:395.37,403.43 4 0
github.com/pudjamansyurin/gen.vcu.sdk/model_report.go:413.2,414.80 2 0
github.com/pudjamansyurin/gen.vcu.sdk/model_report.go:424.2,424.10 1 0
github.com/pudjamansyurin/gen.vcu.sdk/model_report.go:403.43,405.23 1 0
github.com/pudjamansyurin/gen.vcu.sdk/model_report.go:410.3,410.17 1 0
github.com/pudjamansyurin/gen.vcu.sdk/model_report.go:405.23,407.4 1 0
github.com/pudjamansyurin/gen.vcu.sdk/model_report.go:414.80,416.23 1 0
github.com/pudjamansyurin/gen.vcu.sdk/model_report.go:421.3,421.17 1 0
github.com/pudjamansyurin/gen.vcu.sdk/model_report.go:416.23,418.4 1 0
github.com/pudjamansyurin/gen.vcu.sdk/model_report.go:428.41,429.30 1 0
github.com/pudjamansyurin/gen.vcu.sdk/model_report.go:429.30,431.3 1 0
github.com/pudjamansyurin/gen.vcu.sdk/model_report.go:431.8,433.3 1 0
github.com/pudjamansyurin/gen.vcu.sdk/model_report.go:466.37,467.14 1 0
github.com/pudjamansyurin/gen.vcu.sdk/model_report.go:470.2,471.37 2 0
github.com/pudjamansyurin/gen.vcu.sdk/model_report.go:476.2,476.14 1 0
github.com/pudjamansyurin/gen.vcu.sdk/model_report.go:467.14,469.3 1 0
github.com/pudjamansyurin/gen.vcu.sdk/model_report.go:471.37,472.51 1 0
github.com/pudjamansyurin/gen.vcu.sdk/model_report.go:472.51,474.4 1 0
github.com/pudjamansyurin/gen.vcu.sdk/report_listener.go:20.50,21.52 1 1
github.com/pudjamansyurin/gen.vcu.sdk/report_listener.go:21.52,27.3 4 0
github.com/pudjamansyurin/gen.vcu.sdk/report_listener.go:31.50,32.52 1 0
github.com/pudjamansyurin/gen.vcu.sdk/report_listener.go:32.52,38.17 4 0
github.com/pudjamansyurin/gen.vcu.sdk/report_listener.go:42.3,42.29 1 0
github.com/pudjamansyurin/gen.vcu.sdk/report_listener.go:38.17,40.4 1 0
github.com/pudjamansyurin/gen.vcu.sdk/report_listener.go:47.28,49.2 1 0
github.com/pudjamansyurin/gen.vcu.sdk/encoder.go:17.72,18.20 1 1
github.com/pudjamansyurin/gen.vcu.sdk/encoder.go:22.2,37.16 3 1
github.com/pudjamansyurin/gen.vcu.sdk/encoder.go:42.2,43.22 2 1
github.com/pudjamansyurin/gen.vcu.sdk/encoder.go:18.20,20.3 1 0
github.com/pudjamansyurin/gen.vcu.sdk/encoder.go:37.16,39.3 1 0
github.com/pudjamansyurin/gen.vcu.sdk/encoder.go:47.78,52.30 3 1
github.com/pudjamansyurin/gen.vcu.sdk/encoder.go:57.2,59.19 2 1
github.com/pudjamansyurin/gen.vcu.sdk/encoder.go:63.2,63.29 1 1
github.com/pudjamansyurin/gen.vcu.sdk/encoder.go:158.2,158.25 1 1
github.com/pudjamansyurin/gen.vcu.sdk/encoder.go:52.30,54.3 1 1
github.com/pudjamansyurin/gen.vcu.sdk/encoder.go:59.19,61.3 1 1
github.com/pudjamansyurin/gen.vcu.sdk/encoder.go:65.19,66.18 1 1
github.com/pudjamansyurin/gen.vcu.sdk/encoder.go:74.22,75.30 1 1
github.com/pudjamansyurin/gen.vcu.sdk/encoder.go:94.21,95.33 1 1
github.com/pudjamansyurin/gen.vcu.sdk/encoder.go:103.21,104.49 1 1
github.com/pudjamansyurin/gen.vcu.sdk/encoder.go:109.22,112.15 3 1
github.com/pudjamansyurin/gen.vcu.sdk/encoder.go:114.20,117.15 3 1
github.com/pudjamansyurin/gen.vcu.sdk/encoder.go:119.83,122.15 3 1
github.com/pudjamansyurin/gen.vcu.sdk/encoder.go:124.78,127.15 3 1
github.com/pudjamansyurin/gen.vcu.sdk/encoder.go:129.40,133.22 3 1
github.com/pudjamansyurin/gen.vcu.sdk/encoder.go:152.3,152.15 1 1
github.com/pudjamansyurin/gen.vcu.sdk/encoder.go:154.10,155.68 1 0
github.com/pudjamansyurin/gen.vcu.sdk/encoder.go:66.18,68.18 2 1
github.com/pudjamansyurin/gen.vcu.sdk/encoder.go:71.4,71.16 1 1
github.com/pudjamansyurin/gen.vcu.sdk/encoder.go:68.18,70.5 1 0
github.com/pudjamansyurin/gen.vcu.sdk/encoder.go:75.30,79.4 3 1
github.com/pudjamansyurin/gen.vcu.sdk/encoder.go:79.9,80.39 1 1
github.com/pudjamansyurin/gen.vcu.sdk/encoder.go:80.39,87.19 5 1
github.com/pudjamansyurin/gen.vcu.sdk/encoder.go:90.5,90.17 1 1
github.com/pudjamansyurin/gen.vcu.sdk/encoder.go:87.19,89.6 1 0
github.com/pudjamansyurin/gen.vcu.sdk/encoder.go:95.33,97.18 2 1
github.com/pudjamansyurin/gen.vcu.sdk/encoder.go:100.4,100.16 1 1
github.com/pudjamansyurin/gen.vcu.sdk/encoder.go:97.18,99.5 1 0
github.com/pudjamansyurin/gen.vcu.sdk/encoder.go:104.49,107.4 2 1
github.com/pudjamansyurin/gen.vcu.sdk/encoder.go:133.22,137.29 2 1
github.com/pudjamansyurin/gen.vcu.sdk/encoder.go:140.4,140.42 1 1
github.com/pudjamansyurin/gen.vcu.sdk/encoder.go:137.29,139.5 1 1
github.com/pudjamansyurin/gen.vcu.sdk/encoder.go:142.9,144.29 1 0
github.com/pudjamansyurin/gen.vcu.sdk/encoder.go:144.29,147.5 2 0
github.com/pudjamansyurin/gen.vcu.sdk/encoder.go:147.10,150.5 2 0
github.com/pudjamansyurin/gen.vcu.sdk/encoder.go:162.54,164.18 2 1
github.com/pudjamansyurin/gen.vcu.sdk/encoder.go:193.2,193.18 1 1
github.com/pudjamansyurin/gen.vcu.sdk/encoder.go:165.15,167.29 2 1
github.com/pudjamansyurin/gen.vcu.sdk/encoder.go:168.16,170.29 2 1
github.com/pudjamansyurin/gen.vcu.sdk/encoder.go:171.16,173.29 2 1
github.com/pudjamansyurin/gen.vcu.sdk/encoder.go:174.24,176.29 2 0
github.com/pudjamansyurin/gen.vcu.sdk/encoder.go:177.14,179.29 2 0
github.com/pudjamansyurin/gen.vcu.sdk/encoder.go:180.15,182.29 2 1
github.com/pudjamansyurin/gen.vcu.sdk/encoder.go:183.15,185.29 2 1
github.com/pudjamansyurin/gen.vcu.sdk/encoder.go:186.22,188.29 2 0
github.com/pudjamansyurin/gen.vcu.sdk/encoder.go:189.10,191.29 2 0
github.com/pudjamansyurin/gen.vcu.sdk/encoder.go:197.63,201.2 3 1
github.com/pudjamansyurin/gen.vcu.sdk/encoder.go:204.52,207.12 3 1
github.com/pudjamansyurin/gen.vcu.sdk/encoder.go:208.35,209.15 1 1
github.com/pudjamansyurin/gen.vcu.sdk/encoder.go:210.37,211.15 1 1
github.com/pudjamansyurin/gen.vcu.sdk/encoder.go:212.54,213.15 1 1
github.com/pudjamansyurin/gen.vcu.sdk/encoder.go:214.10,215.15 1 0
github.com/pudjamansyurin/gen.vcu.sdk/encoder.go:220.38,231.23 3 1
github.com/pudjamansyurin/gen.vcu.sdk/encoder.go:234.2,234.20 1 1
github.com/pudjamansyurin/gen.vcu.sdk/encoder.go:231.23,233.3 1 1
github.com/pudjamansyurin/gen.vcu.sdk/encoder.go:238.33,240.7 2 1
github.com/pudjamansyurin/gen.vcu.sdk/encoder.go:243.2,243.18 1 1
github.com/pudjamansyurin/gen.vcu.sdk/encoder.go:240.7,242.3 1 1
github.com/pudjamansyurin/gen.vcu.sdk/encoder.go:247.34,249.2 1 1
github.com/pudjamansyurin/gen.vcu.sdk/sdk.go:11.55,16.2 1 0
github.com/pudjamansyurin/gen.vcu.sdk/sdk.go:19.31,21.42 2 1
github.com/pudjamansyurin/gen.vcu.sdk/sdk.go:24.2,24.12 1 1
github.com/pudjamansyurin/gen.vcu.sdk/sdk.go:21.42,23.3 1 0
github.com/pudjamansyurin/gen.vcu.sdk/sdk.go:28.28,30.2 1 1
github.com/pudjamansyurin/gen.vcu.sdk/sdk.go:33.57,35.2 1 0
github.com/pudjamansyurin/gen.vcu.sdk/sdk.go:49.59,50.20 1 1
github.com/pudjamansyurin/gen.vcu.sdk/sdk.go:53.2,53.50 1 1
github.com/pudjamansyurin/gen.vcu.sdk/sdk.go:56.2,58.26 2 1
github.com/pudjamansyurin/gen.vcu.sdk/sdk.go:65.2,65.26 1 1
github.com/pudjamansyurin/gen.vcu.sdk/sdk.go:71.2,71.12 1 1
github.com/pudjamansyurin/gen.vcu.sdk/sdk.go:50.20,52.3 1 1
github.com/pudjamansyurin/gen.vcu.sdk/sdk.go:53.50,55.3 1 1
github.com/pudjamansyurin/gen.vcu.sdk/sdk.go:58.26,60.80 2 1
github.com/pudjamansyurin/gen.vcu.sdk/sdk.go:60.80,62.4 1 0
github.com/pudjamansyurin/gen.vcu.sdk/sdk.go:65.26,67.80 2 0
github.com/pudjamansyurin/gen.vcu.sdk/sdk.go:67.80,69.4 1 0
github.com/pudjamansyurin/gen.vcu.sdk/sdk.go:75.49,81.2 2 0
github.com/pudjamansyurin/gen.vcu.sdk/sdk.go:86.39,88.15 1 1
github.com/pudjamansyurin/gen.vcu.sdk/sdk.go:94.2,96.24 3 1
github.com/pudjamansyurin/gen.vcu.sdk/sdk.go:99.2,99.15 1 1
github.com/pudjamansyurin/gen.vcu.sdk/sdk.go:88.15,92.3 3 1
github.com/pudjamansyurin/gen.vcu.sdk/sdk.go:96.24,98.3 1 1
github.com/pudjamansyurin/gen.vcu.sdk/type_enums.go:11.32,17.2 1 0
github.com/pudjamansyurin/gen.vcu.sdk/type_enums.go:32.36,42.2 1 1
github.com/pudjamansyurin/gen.vcu.sdk/type_enums.go:53.34,59.2 1 0
github.com/pudjamansyurin/gen.vcu.sdk/type_enums.go:70.36,76.2 1 1
github.com/pudjamansyurin/gen.vcu.sdk/type_enums.go:87.35,93.2 1 0
github.com/pudjamansyurin/gen.vcu.sdk/type_enums.go:103.34,108.2 1 0
github.com/pudjamansyurin/gen.vcu.sdk/type_enums.go:110.32,115.2 1 0
github.com/pudjamansyurin/gen.vcu.sdk/type_enums.go:131.35,143.2 1 0
github.com/pudjamansyurin/gen.vcu.sdk/type_enums.go:161.38,175.2 1 0
github.com/pudjamansyurin/gen.vcu.sdk/type_enums.go:187.42,195.2 1 0
github.com/pudjamansyurin/gen.vcu.sdk/type_enums.go:206.34,212.2 1 1
github.com/pudjamansyurin/gen.vcu.sdk/client.go:38.59,44.2 2 0
github.com/pudjamansyurin/gen.vcu.sdk/client.go:46.83,48.42 2 0
github.com/pudjamansyurin/gen.vcu.sdk/client.go:51.2,52.12 2 0
github.com/pudjamansyurin/gen.vcu.sdk/client.go:48.42,50.3 1 0
github.com/pudjamansyurin/gen.vcu.sdk/client.go:55.81,57.42 2 0
github.com/pudjamansyurin/gen.vcu.sdk/client.go:60.2,61.12 2 0
github.com/pudjamansyurin/gen.vcu.sdk/client.go:57.42,59.3 1 0
github.com/pudjamansyurin/gen.vcu.sdk/client.go:64.89,66.27 2 0
github.com/pudjamansyurin/gen.vcu.sdk/client.go:70.2,71.42 2 0
github.com/pudjamansyurin/gen.vcu.sdk/client.go:75.2,75.27 1 0
github.com/pudjamansyurin/gen.vcu.sdk/client.go:78.2,78.12 1 0
github.com/pudjamansyurin/gen.vcu.sdk/client.go:66.27,68.3 1 0
github.com/pudjamansyurin/gen.vcu.sdk/client.go:71.42,73.3 1 0
github.com/pudjamansyurin/gen.vcu.sdk/client.go:75.27,77.3 1 0
github.com/pudjamansyurin/gen.vcu.sdk/client.go:81.47,83.42 2 0
github.com/pudjamansyurin/gen.vcu.sdk/client.go:87.2,87.27 1 0
github.com/pudjamansyurin/gen.vcu.sdk/client.go:90.2,90.12 1 0
github.com/pudjamansyurin/gen.vcu.sdk/client.go:83.42,85.3 1 0
github.com/pudjamansyurin/gen.vcu.sdk/client.go:87.27,89.3 1 0
github.com/pudjamansyurin/gen.vcu.sdk/client.go:94.80,101.74 6 0
github.com/pudjamansyurin/gen.vcu.sdk/client.go:104.2,104.44 1 0
github.com/pudjamansyurin/gen.vcu.sdk/client.go:107.2,107.62 1 0
github.com/pudjamansyurin/gen.vcu.sdk/client.go:110.2,110.13 1 0
github.com/pudjamansyurin/gen.vcu.sdk/client.go:101.74,103.3 1 0
github.com/pudjamansyurin/gen.vcu.sdk/client.go:104.44,106.3 1 0
github.com/pudjamansyurin/gen.vcu.sdk/client.go:107.62,109.3 1 0
github.com/pudjamansyurin/gen.vcu.sdk/command_listener.go:8.37,14.2 2 1
github.com/pudjamansyurin/gen.vcu.sdk/command_listener.go:17.36,18.54 1 1
github.com/pudjamansyurin/gen.vcu.sdk/command_listener.go:21.2,22.68 2 1
github.com/pudjamansyurin/gen.vcu.sdk/command_listener.go:26.2,26.54 1 1
github.com/pudjamansyurin/gen.vcu.sdk/command_listener.go:30.2,31.69 2 1
github.com/pudjamansyurin/gen.vcu.sdk/command_listener.go:34.2,34.12 1 1
github.com/pudjamansyurin/gen.vcu.sdk/command_listener.go:18.54,20.3 1 1
github.com/pudjamansyurin/gen.vcu.sdk/command_listener.go:22.68,24.3 1 0
github.com/pudjamansyurin/gen.vcu.sdk/command_listener.go:26.54,29.3 2 1
github.com/pudjamansyurin/gen.vcu.sdk/command_listener.go:31.69,33.3 1 0
github.com/pudjamansyurin/gen.vcu.sdk/command_listener.go:39.29,40.60 1 1
github.com/pudjamansyurin/gen.vcu.sdk/command_listener.go:40.60,42.3 1 1
github.com/pudjamansyurin/gen.vcu.sdk/faker.go:18.43,20.2 1 1
github.com/pudjamansyurin/gen.vcu.sdk/faker.go:22.48,22.49 0 1
github.com/pudjamansyurin/gen.vcu.sdk/faker.go:24.87,25.37 1 1
github.com/pudjamansyurin/gen.vcu.sdk/faker.go:28.2,28.12 1 1
github.com/pudjamansyurin/gen.vcu.sdk/faker.go:25.37,27.3 1 1
github.com/pudjamansyurin/gen.vcu.sdk/faker.go:31.85,35.30 3 1
github.com/pudjamansyurin/gen.vcu.sdk/faker.go:57.2,57.12 1 1
github.com/pudjamansyurin/gen.vcu.sdk/faker.go:36.21,37.13 1 1
github.com/pudjamansyurin/gen.vcu.sdk/faker.go:45.22,46.13 1 1
github.com/pudjamansyurin/gen.vcu.sdk/faker.go:37.13,38.11 1 1
github.com/pudjamansyurin/gen.vcu.sdk/faker.go:39.35,41.28 2 1
github.com/pudjamansyurin/gen.vcu.sdk/faker.go:42.35,42.35 0 0
github.com/pudjamansyurin/gen.vcu.sdk/faker.go:46.13,47.11 1 1
github.com/pudjamansyurin/gen.vcu.sdk/faker.go:48.21,49.44 1 1
github.com/pudjamansyurin/gen.vcu.sdk/faker.go:53.35,53.35 0 0
github.com/pudjamansyurin/gen.vcu.sdk/faker.go:49.44,52.6 2 1
github.com/pudjamansyurin/gen.vcu.sdk/faker.go:60.93,75.2 1 1
github.com/pudjamansyurin/gen.vcu.sdk/faker.go:77.51,79.2 1 1
github.com/pudjamansyurin/gen.vcu.sdk/faker.go:88.38,90.2 1 1
github.com/pudjamansyurin/gen.vcu.sdk/faker.go:91.40,93.2 1 1
github.com/pudjamansyurin/gen.vcu.sdk/faker.go:101.46,103.2 1 1
github.com/pudjamansyurin/gen.vcu.sdk/faker.go:105.63,107.2 1 1
github.com/pudjamansyurin/gen.vcu.sdk/faker.go:109.60,111.16 2 1
github.com/pudjamansyurin/gen.vcu.sdk/faker.go:115.2,130.3 1 1
github.com/pudjamansyurin/gen.vcu.sdk/faker.go:111.16,113.3 1 0
github.com/pudjamansyurin/gen.vcu.sdk/faker.go:134.45,136.16 2 1
github.com/pudjamansyurin/gen.vcu.sdk/faker.go:141.2,141.24 1 1
github.com/pudjamansyurin/gen.vcu.sdk/faker.go:144.2,144.17 1 1
github.com/pudjamansyurin/gen.vcu.sdk/faker.go:136.16,138.3 1 0
github.com/pudjamansyurin/gen.vcu.sdk/faker.go:141.24,143.3 1 1
github.com/pudjamansyurin/gen.vcu.sdk/type_vars.go:28.42,30.2 1 0
github.com/pudjamansyurin/gen.vcu.sdk/type_vars.go:34.44,36.2 1 1
github.com/pudjamansyurin/gen.vcu.sdk/type_vars.go:51.44,53.2 1 0
github.com/pudjamansyurin/gen.vcu.sdk/type_vars.go:54.61,56.2 1 0
github.com/pudjamansyurin/gen.vcu.sdk/util.go:18.47,22.12 3 0
github.com/pudjamansyurin/gen.vcu.sdk/util.go:28.2,28.17 1 0
github.com/pudjamansyurin/gen.vcu.sdk/util.go:22.12,26.3 3 0
github.com/pudjamansyurin/gen.vcu.sdk/util.go:31.57,33.13 2 1
github.com/pudjamansyurin/gen.vcu.sdk/util.go:36.2,36.72 1 1
github.com/pudjamansyurin/gen.vcu.sdk/util.go:33.13,35.3 1 0
github.com/pudjamansyurin/gen.vcu.sdk/util.go:51.33,53.2 1 1
github.com/pudjamansyurin/gen.vcu.sdk/util.go:56.33,59.2 2 1
github.com/pudjamansyurin/gen.vcu.sdk/util.go:62.43,64.2 1 1
github.com/pudjamansyurin/gen.vcu.sdk/util.go:67.36,69.20 2 1
github.com/pudjamansyurin/gen.vcu.sdk/util.go:72.2,72.11 1 1
github.com/pudjamansyurin/gen.vcu.sdk/util.go:69.20,71.3 1 1
github.com/pudjamansyurin/gen.vcu.sdk/util.go:76.36,80.2 3 0
github.com/pudjamansyurin/gen.vcu.sdk/util.go:83.41,87.2 3 1
github.com/pudjamansyurin/gen.vcu.sdk/util.go:90.50,92.2 1 1
github.com/pudjamansyurin/gen.vcu.sdk/util.go:95.56,97.25 2 1
github.com/pudjamansyurin/gen.vcu.sdk/util.go:100.2,100.15 1 1
github.com/pudjamansyurin/gen.vcu.sdk/util.go:97.25,99.3 1 1
github.com/pudjamansyurin/gen.vcu.sdk/commands.go:27.56,28.60 1 1
github.com/pudjamansyurin/gen.vcu.sdk/commands.go:28.60,30.3 1 1
github.com/pudjamansyurin/gen.vcu.sdk/commands.go:34.56,35.52 1 1
github.com/pudjamansyurin/gen.vcu.sdk/commands.go:35.52,37.3 1 1
github.com/pudjamansyurin/gen.vcu.sdk/commands.go:41.54,42.39 1 1
github.com/pudjamansyurin/gen.vcu.sdk/commands.go:54.2,54.28 1 1
github.com/pudjamansyurin/gen.vcu.sdk/commands.go:42.39,43.38 1 1
github.com/pudjamansyurin/gen.vcu.sdk/commands.go:43.38,44.36 1 1
github.com/pudjamansyurin/gen.vcu.sdk/commands.go:44.36,47.25 3 1
github.com/pudjamansyurin/gen.vcu.sdk/commands.go:50.5,50.21 1 1
github.com/pudjamansyurin/gen.vcu.sdk/commands.go:47.25,49.6 1 1
github.com/pudjamansyurin/gen.vcu.sdk/decoder.go:15.61,19.47 3 1
github.com/pudjamansyurin/gen.vcu.sdk/decoder.go:22.2,22.27 1 1
github.com/pudjamansyurin/gen.vcu.sdk/decoder.go:25.2,25.25 1 1
github.com/pudjamansyurin/gen.vcu.sdk/decoder.go:28.2,28.28 1 1
github.com/pudjamansyurin/gen.vcu.sdk/decoder.go:31.2,31.28 1 1
github.com/pudjamansyurin/gen.vcu.sdk/decoder.go:34.2,34.23 1 1
github.com/pudjamansyurin/gen.vcu.sdk/decoder.go:37.2,37.20 1 1
github.com/pudjamansyurin/gen.vcu.sdk/decoder.go:19.47,21.3 1 0
github.com/pudjamansyurin/gen.vcu.sdk/decoder.go:22.27,24.3 1 1
github.com/pudjamansyurin/gen.vcu.sdk/decoder.go:25.25,27.3 1 1
github.com/pudjamansyurin/gen.vcu.sdk/decoder.go:28.28,30.3 1 1
github.com/pudjamansyurin/gen.vcu.sdk/decoder.go:31.28,33.3 1 1
github.com/pudjamansyurin/gen.vcu.sdk/decoder.go:34.23,36.3 1 0
github.com/pudjamansyurin/gen.vcu.sdk/decoder.go:41.57,44.47 3 1
github.com/pudjamansyurin/gen.vcu.sdk/decoder.go:47.2,47.27 1 1
github.com/pudjamansyurin/gen.vcu.sdk/decoder.go:50.2,50.25 1 1
github.com/pudjamansyurin/gen.vcu.sdk/decoder.go:53.2,53.23 1 1
github.com/pudjamansyurin/gen.vcu.sdk/decoder.go:56.2,56.20 1 1
github.com/pudjamansyurin/gen.vcu.sdk/decoder.go:44.47,46.3 1 1
github.com/pudjamansyurin/gen.vcu.sdk/decoder.go:47.27,49.3 1 1
github.com/pudjamansyurin/gen.vcu.sdk/decoder.go:50.25,52.3 1 1
github.com/pudjamansyurin/gen.vcu.sdk/decoder.go:53.23,55.3 1 1
github.com/pudjamansyurin/gen.vcu.sdk/decoder.go:62.69,67.30 3 1
github.com/pudjamansyurin/gen.vcu.sdk/decoder.go:71.2,71.35 1 1
github.com/pudjamansyurin/gen.vcu.sdk/decoder.go:76.2,78.19 2 1
github.com/pudjamansyurin/gen.vcu.sdk/decoder.go:82.2,82.29 1 1
github.com/pudjamansyurin/gen.vcu.sdk/decoder.go:194.2,194.12 1 1
github.com/pudjamansyurin/gen.vcu.sdk/decoder.go:67.30,69.3 1 1
github.com/pudjamansyurin/gen.vcu.sdk/decoder.go:71.35,73.3 1 0
github.com/pudjamansyurin/gen.vcu.sdk/decoder.go:78.19,80.3 1 1
github.com/pudjamansyurin/gen.vcu.sdk/decoder.go:84.19,86.52 2 1
github.com/pudjamansyurin/gen.vcu.sdk/decoder.go:90.22,92.30 1 1
github.com/pudjamansyurin/gen.vcu.sdk/decoder.go:112.21,113.33 1 1
github.com/pudjamansyurin/gen.vcu.sdk/decoder.go:119.21,120.33 1 1
github.com/pudjamansyurin/gen.vcu.sdk/decoder.go:129.22,132.17 3 1
github.com/pudjamansyurin/gen.vcu.sdk/decoder.go:135.3,135.30 1 1
github.com/pudjamansyurin/gen.vcu.sdk/decoder.go:137.20,140.17 3 1
github.com/pudjamansyurin/gen.vcu.sdk/decoder.go:143.3,143.16 1 1
github.com/pudjamansyurin/gen.vcu.sdk/decoder.go:145.83,147.17 2 1
github.com/pudjamansyurin/gen.vcu.sdk/decoder.go:150.3,150.26 1 1
github.com/pudjamansyurin/gen.vcu.sdk/decoder.go:154.78,156.17 2 1
github.com/pudjamansyurin/gen.vcu.sdk/decoder.go:159.3,160.29 2 1
github.com/pudjamansyurin/gen.vcu.sdk/decoder.go:164.40,168.17 3 1
github.com/pudjamansyurin/gen.vcu.sdk/decoder.go:172.3,172.22 1 1
github.com/pudjamansyurin/gen.vcu.sdk/decoder.go:186.3,186.29 1 1
github.com/pudjamansyurin/gen.vcu.sdk/decoder.go:190.10,191.63 1 0
github.com/pudjamansyurin/gen.vcu.sdk/decoder.go:86.52,88.4 1 1
github.com/pudjamansyurin/gen.vcu.sdk/decoder.go:92.30,95.18 3 1
github.com/pudjamansyurin/gen.vcu.sdk/decoder.go:98.4,98.43 1 1
github.com/pudjamansyurin/gen.vcu.sdk/decoder.go:95.18,97.5 1 0
github.com/pudjamansyurin/gen.vcu.sdk/decoder.go:100.9,101.56 1 1
github.com/pudjamansyurin/gen.vcu.sdk/decoder.go:101.56,106.76 4 1
github.com/pudjamansyurin/gen.vcu.sdk/decoder.go:106.76,108.6 1 1
github.com/pudjamansyurin/gen.vcu.sdk/decoder.go:113.33,114.69 1 1
github.com/pudjamansyurin/gen.vcu.sdk/decoder.go:114.69,116.5 1 0
github.com/pudjamansyurin/gen.vcu.sdk/decoder.go:120.33,123.18 3 1
github.com/pudjamansyurin/gen.vcu.sdk/decoder.go:126.4,126.30 1 1
github.com/pudjamansyurin/gen.vcu.sdk/decoder.go:123.18,125.5 1 0
github.com/pudjamansyurin/gen.vcu.sdk/decoder.go:132.17,134.4 1 0
github.com/pudjamansyurin/gen.vcu.sdk/decoder.go:140.17,142.4 1 0
github.com/pudjamansyurin/gen.vcu.sdk/decoder.go:147.17,149.4 1 0
github.com/pudjamansyurin/gen.vcu.sdk/decoder.go:150.26,152.4 1 1
github.com/pudjamansyurin/gen.vcu.sdk/decoder.go:156.17,158.4 1 0
github.com/pudjamansyurin/gen.vcu.sdk/decoder.go:160.29,162.4 1 1
github.com/pudjamansyurin/gen.vcu.sdk/decoder.go:168.17,170.4 1 1
github.com/pudjamansyurin/gen.vcu.sdk/decoder.go:172.22,176.4 2 1
github.com/pudjamansyurin/gen.vcu.sdk/decoder.go:176.9,178.29 1 0
github.com/pudjamansyurin/gen.vcu.sdk/decoder.go:178.29,181.5 2 0
github.com/pudjamansyurin/gen.vcu.sdk/decoder.go:181.10,183.5 1 0
github.com/pudjamansyurin/gen.vcu.sdk/decoder.go:186.29,188.4 1 1
github.com/pudjamansyurin/gen.vcu.sdk/decoder.go:198.55,202.16 3 1
github.com/pudjamansyurin/gen.vcu.sdk/decoder.go:206.2,207.27 2 1
github.com/pudjamansyurin/gen.vcu.sdk/decoder.go:210.2,210.46 1 1
github.com/pudjamansyurin/gen.vcu.sdk/decoder.go:202.16,204.3 1 1
github.com/pudjamansyurin/gen.vcu.sdk/decoder.go:207.27,209.3 1 1
github.com/pudjamansyurin/gen.vcu.sdk/decoder.go:215.67,219.19 2 1
github.com/pudjamansyurin/gen.vcu.sdk/decoder.go:227.2,227.42 1 1
github.com/pudjamansyurin/gen.vcu.sdk/decoder.go:245.2,245.15 1 1
github.com/pudjamansyurin/gen.vcu.sdk/decoder.go:220.83,221.16 1 1
github.com/pudjamansyurin/gen.vcu.sdk/decoder.go:222.78,223.22 1 1
github.com/pudjamansyurin/gen.vcu.sdk/decoder.go:228.13,229.28 1 1
github.com/pudjamansyurin/gen.vcu.sdk/decoder.go:230.14,231.28 1 1
github.com/pudjamansyurin/gen.vcu.sdk/decoder.go:232.14,233.28 1 1
github.com/pudjamansyurin/gen.vcu.sdk/decoder.go:234.14,235.28 1 0
github.com/pudjamansyurin/gen.vcu.sdk/decoder.go:236.12,237.28 1 0
github.com/pudjamansyurin/gen.vcu.sdk/decoder.go:238.13,239.28 1 1
github.com/pudjamansyurin/gen.vcu.sdk/decoder.go:240.13,241.28 1 1
github.com/pudjamansyurin/gen.vcu.sdk/decoder.go:242.13,243.28 1 0
github.com/pudjamansyurin/gen.vcu.sdk/decoder.go:257.38,259.26 2 1
github.com/pudjamansyurin/gen.vcu.sdk/decoder.go:263.2,264.17 2 1
github.com/pudjamansyurin/gen.vcu.sdk/decoder.go:259.26,261.3 1 1
github.com/pudjamansyurin/gen.vcu.sdk/decoder.go:268.34,270.2 1 1
github.com/pudjamansyurin/gen.vcu.sdk/detagger.go:14.25,20.2 1 1
github.com/pudjamansyurin/gen.vcu.sdk/detagger.go:23.59,26.44 2 1
github.com/pudjamansyurin/gen.vcu.sdk/detagger.go:31.2,31.40 1 1
github.com/pudjamansyurin/gen.vcu.sdk/detagger.go:35.2,35.38 1 1
github.com/pudjamansyurin/gen.vcu.sdk/detagger.go:51.2,51.10 1 1
github.com/pudjamansyurin/gen.vcu.sdk/detagger.go:26.44,29.3 2 1
github.com/pudjamansyurin/gen.vcu.sdk/detagger.go:31.40,33.3 1 1
github.com/pudjamansyurin/gen.vcu.sdk/detagger.go:35.38,38.3 2 1
github.com/pudjamansyurin/gen.vcu.sdk/detagger.go:38.8,39.13 1 1
github.com/pudjamansyurin/gen.vcu.sdk/detagger.go:40.36,41.13 1 1
github.com/pudjamansyurin/gen.vcu.sdk/detagger.go:42.38,43.13 1 1
github.com/pudjamansyurin/gen.vcu.sdk/detagger.go:44.55,45.13 1 1
github.com/pudjamansyurin/gen.vcu.sdk/detagger.go:46.82,47.13 1 0
github.com/pudjamansyurin/gen.vcu.sdk/model_command.go:30.45,31.21 1 1
github.com/pudjamansyurin/gen.vcu.sdk/model_command.go:34.2,34.43 1 1
github.com/pudjamansyurin/gen.vcu.sdk/model_command.go:31.21,33.3 1 0
github.com/pudjamansyurin/gen.vcu.sdk/model_command.go:38.37,39.21 1 1
github.com/pudjamansyurin/gen.vcu.sdk/model_command.go:42.2,42.43 1 1
github.com/pudjamansyurin/gen.vcu.sdk/model_command.go:39.21,41.3 1 0
github.com/pudjamansyurin/gen.vcu.sdk/model_command.go:46.43,47.21 1 1
github.com/pudjamansyurin/gen.vcu.sdk/model_command.go:50.2,50.39 1 1
github.com/pudjamansyurin/gen.vcu.sdk/model_command.go:47.21,49.3 1 0
github.com/pudjamansyurin/gen.vcu.sdk/model_command.go:54.55,55.35 1 1
github.com/pudjamansyurin/gen.vcu.sdk/model_command.go:58.2,58.69 1 1
github.com/pudjamansyurin/gen.vcu.sdk/model_command.go:55.35,57.3 1 0
github.com/pudjamansyurin/gen.vcu.sdk/model_command.go:62.46,63.21 1 1
github.com/pudjamansyurin/gen.vcu.sdk/model_command.go:66.2,67.19 2 1
github.com/pudjamansyurin/gen.vcu.sdk/model_command.go:63.21,65.3 1 0
github.com/pudjamansyurin/gen.vcu.sdk/model_command.go:71.46,72.21 1 1
github.com/pudjamansyurin/gen.vcu.sdk/model_command.go:75.2,75.47 1 1
github.com/pudjamansyurin/gen.vcu.sdk/model_command.go:80.2,80.14 1 1
github.com/pudjamansyurin/gen.vcu.sdk/model_command.go:72.21,74.3 1 0
github.com/pudjamansyurin/gen.vcu.sdk/model_command.go:75.47,76.28 1 1
github.com/pudjamansyurin/gen.vcu.sdk/model_command.go:76.28,78.4 1 1
github.com/pudjamansyurin/gen.vcu.sdk/model_command.go:84.44,86.2 1 1
github.com/pudjamansyurin/gen.vcu.sdk/model_command.go:89.42,90.21 1 1
github.com/pudjamansyurin/gen.vcu.sdk/model_command.go:94.2,95.53 2 1
github.com/pudjamansyurin/gen.vcu.sdk/model_command.go:100.2,100.25 1 1
github.com/pudjamansyurin/gen.vcu.sdk/model_command.go:90.21,92.3 1 0
github.com/pudjamansyurin/gen.vcu.sdk/model_command.go:95.53,99.3 3 1
github.com/pudjamansyurin/gen.vcu.sdk/model_command.go:107.34,109.2 1 1
