mode: set
github.com/pudjamansyurin/gen.vcu.sdk/broker.go:38.59,43.2 1 0
github.com/pudjamansyurin/gen.vcu.sdk/broker.go:46.34,50.42 3 0
github.com/pudjamansyurin/gen.vcu.sdk/broker.go:53.2,53.12 1 0
github.com/pudjamansyurin/gen.vcu.sdk/broker.go:50.42,52.3 1 0
github.com/pudjamansyurin/gen.vcu.sdk/broker.go:57.31,59.2 1 0
github.com/pudjamansyurin/gen.vcu.sdk/broker.go:62.83,64.42 2 0
github.com/pudjamansyurin/gen.vcu.sdk/broker.go:67.2,68.12 2 0
github.com/pudjamansyurin/gen.vcu.sdk/broker.go:64.42,66.3 1 0
github.com/pudjamansyurin/gen.vcu.sdk/broker.go:72.81,74.42 2 0
github.com/pudjamansyurin/gen.vcu.sdk/broker.go:77.2,78.12 2 0
github.com/pudjamansyurin/gen.vcu.sdk/broker.go:74.42,76.3 1 0
github.com/pudjamansyurin/gen.vcu.sdk/broker.go:82.89,84.27 2 0
github.com/pudjamansyurin/gen.vcu.sdk/broker.go:88.2,89.42 2 0
github.com/pudjamansyurin/gen.vcu.sdk/broker.go:93.2,93.27 1 0
github.com/pudjamansyurin/gen.vcu.sdk/broker.go:96.2,96.12 1 0
github.com/pudjamansyurin/gen.vcu.sdk/broker.go:84.27,86.3 1 0
github.com/pudjamansyurin/gen.vcu.sdk/broker.go:89.42,91.3 1 0
github.com/pudjamansyurin/gen.vcu.sdk/broker.go:93.27,95.3 1 0
github.com/pudjamansyurin/gen.vcu.sdk/broker.go:100.52,102.42 2 0
github.com/pudjamansyurin/gen.vcu.sdk/broker.go:106.2,106.27 1 0
github.com/pudjamansyurin/gen.vcu.sdk/broker.go:109.2,109.12 1 0
github.com/pudjamansyurin/gen.vcu.sdk/broker.go:102.42,104.3 1 0
github.com/pudjamansyurin/gen.vcu.sdk/broker.go:106.27,108.3 1 0
github.com/pudjamansyurin/gen.vcu.sdk/broker.go:113.57,120.74 6 0
github.com/pudjamansyurin/gen.vcu.sdk/broker.go:123.2,123.44 1 0
github.com/pudjamansyurin/gen.vcu.sdk/broker.go:126.2,126.62 1 0
github.com/pudjamansyurin/gen.vcu.sdk/broker.go:129.2,129.13 1 0
github.com/pudjamansyurin/gen.vcu.sdk/broker.go:120.74,122.3 1 0
github.com/pudjamansyurin/gen.vcu.sdk/broker.go:123.44,125.3 1 0
github.com/pudjamansyurin/gen.vcu.sdk/broker.go:126.62,128.3 1 0
github.com/pudjamansyurin/gen.vcu.sdk/decoder.go:19.61,26.49 3 1
github.com/pudjamansyurin/gen.vcu.sdk/decoder.go:30.2,30.22 1 1
github.com/pudjamansyurin/gen.vcu.sdk/decoder.go:34.2,34.15 1 1
github.com/pudjamansyurin/gen.vcu.sdk/decoder.go:26.49,28.3 1 0
github.com/pudjamansyurin/gen.vcu.sdk/decoder.go:30.22,33.3 2 1
github.com/pudjamansyurin/gen.vcu.sdk/decoder.go:38.57,41.47 3 1
github.com/pudjamansyurin/gen.vcu.sdk/decoder.go:44.2,44.23 1 1
github.com/pudjamansyurin/gen.vcu.sdk/decoder.go:47.2,47.20 1 1
github.com/pudjamansyurin/gen.vcu.sdk/decoder.go:41.47,43.3 1 0
github.com/pudjamansyurin/gen.vcu.sdk/decoder.go:44.23,46.3 1 0
github.com/pudjamansyurin/gen.vcu.sdk/decoder.go:53.69,58.30 3 1
github.com/pudjamansyurin/gen.vcu.sdk/decoder.go:62.2,62.35 1 1
github.com/pudjamansyurin/gen.vcu.sdk/decoder.go:67.2,69.19 2 1
github.com/pudjamansyurin/gen.vcu.sdk/decoder.go:73.2,73.29 1 1
github.com/pudjamansyurin/gen.vcu.sdk/decoder.go:157.2,157.12 1 1
github.com/pudjamansyurin/gen.vcu.sdk/decoder.go:58.30,60.3 1 1
github.com/pudjamansyurin/gen.vcu.sdk/decoder.go:62.35,64.3 1 0
github.com/pudjamansyurin/gen.vcu.sdk/decoder.go:69.19,71.3 1 1
github.com/pudjamansyurin/gen.vcu.sdk/decoder.go:75.19,77.52 2 1
github.com/pudjamansyurin/gen.vcu.sdk/decoder.go:81.22,83.30 1 1
github.com/pudjamansyurin/gen.vcu.sdk/decoder.go:100.21,101.33 1 1
github.com/pudjamansyurin/gen.vcu.sdk/decoder.go:107.22,110.30 3 1
github.com/pudjamansyurin/gen.vcu.sdk/decoder.go:112.20,115.16 3 1
github.com/pudjamansyurin/gen.vcu.sdk/decoder.go:117.83,119.26 2 1
github.com/pudjamansyurin/gen.vcu.sdk/decoder.go:123.78,126.29 3 1
github.com/pudjamansyurin/gen.vcu.sdk/decoder.go:130.40,135.22 3 1
github.com/pudjamansyurin/gen.vcu.sdk/decoder.go:149.3,149.29 1 1
github.com/pudjamansyurin/gen.vcu.sdk/decoder.go:153.10,154.63 1 0
github.com/pudjamansyurin/gen.vcu.sdk/decoder.go:77.52,79.4 1 0
github.com/pudjamansyurin/gen.vcu.sdk/decoder.go:83.30,88.4 3 1
github.com/pudjamansyurin/gen.vcu.sdk/decoder.go:88.9,89.56 1 1
github.com/pudjamansyurin/gen.vcu.sdk/decoder.go:89.56,94.76 4 1
github.com/pudjamansyurin/gen.vcu.sdk/decoder.go:94.76,96.6 1 0
github.com/pudjamansyurin/gen.vcu.sdk/decoder.go:101.33,102.69 1 1
github.com/pudjamansyurin/gen.vcu.sdk/decoder.go:102.69,104.5 1 0
github.com/pudjamansyurin/gen.vcu.sdk/decoder.go:119.26,121.4 1 1
github.com/pudjamansyurin/gen.vcu.sdk/decoder.go:126.29,128.4 1 1
github.com/pudjamansyurin/gen.vcu.sdk/decoder.go:135.22,139.4 2 1
github.com/pudjamansyurin/gen.vcu.sdk/decoder.go:139.9,141.29 1 0
github.com/pudjamansyurin/gen.vcu.sdk/decoder.go:141.29,144.5 2 0
github.com/pudjamansyurin/gen.vcu.sdk/decoder.go:144.10,146.5 1 0
github.com/pudjamansyurin/gen.vcu.sdk/decoder.go:149.29,151.4 1 1
github.com/pudjamansyurin/gen.vcu.sdk/decoder.go:161.46,167.27 4 1
github.com/pudjamansyurin/gen.vcu.sdk/decoder.go:170.2,170.41 1 1
github.com/pudjamansyurin/gen.vcu.sdk/decoder.go:167.27,169.3 1 1
github.com/pudjamansyurin/gen.vcu.sdk/decoder.go:175.67,179.19 2 1
github.com/pudjamansyurin/gen.vcu.sdk/decoder.go:187.2,187.42 1 1
github.com/pudjamansyurin/gen.vcu.sdk/decoder.go:205.2,205.15 1 1
github.com/pudjamansyurin/gen.vcu.sdk/decoder.go:180.83,181.16 1 1
github.com/pudjamansyurin/gen.vcu.sdk/decoder.go:182.78,183.22 1 1
github.com/pudjamansyurin/gen.vcu.sdk/decoder.go:188.13,189.28 1 1
github.com/pudjamansyurin/gen.vcu.sdk/decoder.go:190.14,191.28 1 1
github.com/pudjamansyurin/gen.vcu.sdk/decoder.go:192.14,193.28 1 1
github.com/pudjamansyurin/gen.vcu.sdk/decoder.go:194.14,195.28 1 0
github.com/pudjamansyurin/gen.vcu.sdk/decoder.go:196.12,197.28 1 0
github.com/pudjamansyurin/gen.vcu.sdk/decoder.go:198.13,199.28 1 1
github.com/pudjamansyurin/gen.vcu.sdk/decoder.go:200.13,201.28 1 1
github.com/pudjamansyurin/gen.vcu.sdk/decoder.go:202.13,203.28 1 0
github.com/pudjamansyurin/gen.vcu.sdk/decoder.go:217.38,219.26 2 1
github.com/pudjamansyurin/gen.vcu.sdk/decoder.go:223.2,224.17 2 1
github.com/pudjamansyurin/gen.vcu.sdk/decoder.go:219.26,221.3 1 1
github.com/pudjamansyurin/gen.vcu.sdk/decoder.go:228.34,230.2 1 1
github.com/pudjamansyurin/gen.vcu.sdk/sdk.go:9.55,14.2 1 0
github.com/pudjamansyurin/gen.vcu.sdk/sdk.go:17.31,19.2 1 0
github.com/pudjamansyurin/gen.vcu.sdk/sdk.go:22.28,24.2 1 0
github.com/pudjamansyurin/gen.vcu.sdk/sdk.go:27.57,29.2 1 0
github.com/pudjamansyurin/gen.vcu.sdk/sdk.go:43.59,46.26 2 0
github.com/pudjamansyurin/gen.vcu.sdk/sdk.go:53.2,53.26 1 0
github.com/pudjamansyurin/gen.vcu.sdk/sdk.go:59.2,59.12 1 0
github.com/pudjamansyurin/gen.vcu.sdk/sdk.go:46.26,48.80 2 0
github.com/pudjamansyurin/gen.vcu.sdk/sdk.go:48.80,50.4 1 0
github.com/pudjamansyurin/gen.vcu.sdk/sdk.go:53.26,55.80 2 0
github.com/pudjamansyurin/gen.vcu.sdk/sdk.go:55.80,57.4 1 0
github.com/pudjamansyurin/gen.vcu.sdk/sdk.go:63.49,69.2 2 0
github.com/pudjamansyurin/gen.vcu.sdk/sdk.go:74.39,76.15 1 0
github.com/pudjamansyurin/gen.vcu.sdk/sdk.go:82.2,84.24 3 0
github.com/pudjamansyurin/gen.vcu.sdk/sdk.go:87.2,87.15 1 0
github.com/pudjamansyurin/gen.vcu.sdk/sdk.go:76.15,80.3 3 0
github.com/pudjamansyurin/gen.vcu.sdk/sdk.go:84.24,86.3 1 0
github.com/pudjamansyurin/gen.vcu.sdk/util.go:20.47,24.12 3 0
github.com/pudjamansyurin/gen.vcu.sdk/util.go:30.2,30.17 1 0
github.com/pudjamansyurin/gen.vcu.sdk/util.go:24.12,28.3 3 0
github.com/pudjamansyurin/gen.vcu.sdk/util.go:33.57,35.13 2 1
github.com/pudjamansyurin/gen.vcu.sdk/util.go:38.2,38.72 1 1
github.com/pudjamansyurin/gen.vcu.sdk/util.go:35.13,37.3 1 0
github.com/pudjamansyurin/gen.vcu.sdk/util.go:42.52,45.2 2 1
github.com/pudjamansyurin/gen.vcu.sdk/util.go:53.33,55.2 1 1
github.com/pudjamansyurin/gen.vcu.sdk/util.go:58.33,61.2 2 1
github.com/pudjamansyurin/gen.vcu.sdk/util.go:64.43,66.2 1 1
github.com/pudjamansyurin/gen.vcu.sdk/util.go:69.36,71.20 2 1
github.com/pudjamansyurin/gen.vcu.sdk/util.go:74.2,74.11 1 1
github.com/pudjamansyurin/gen.vcu.sdk/util.go:71.20,73.3 1 1
github.com/pudjamansyurin/gen.vcu.sdk/util.go:78.36,82.2 3 0
github.com/pudjamansyurin/gen.vcu.sdk/util.go:85.41,89.2 3 1
github.com/pudjamansyurin/gen.vcu.sdk/util.go:92.50,94.2 1 1
github.com/pudjamansyurin/gen.vcu.sdk/util.go:97.56,99.25 2 0
github.com/pudjamansyurin/gen.vcu.sdk/util.go:102.2,102.15 1 0
github.com/pudjamansyurin/gen.vcu.sdk/util.go:99.25,101.3 1 0
github.com/pudjamansyurin/gen.vcu.sdk/commander.go:25.77,34.39 2 1
github.com/pudjamansyurin/gen.vcu.sdk/commander.go:37.2,37.19 1 1
github.com/pudjamansyurin/gen.vcu.sdk/commander.go:34.39,36.3 1 0
github.com/pudjamansyurin/gen.vcu.sdk/commander.go:41.47,43.16 2 1
github.com/pudjamansyurin/gen.vcu.sdk/commander.go:46.2,46.25 1 1
github.com/pudjamansyurin/gen.vcu.sdk/commander.go:43.16,45.3 1 1
github.com/pudjamansyurin/gen.vcu.sdk/commander.go:50.43,53.2 2 1
github.com/pudjamansyurin/gen.vcu.sdk/commander.go:56.50,59.2 2 0
github.com/pudjamansyurin/gen.vcu.sdk/commander.go:62.45,66.2 3 0
github.com/pudjamansyurin/gen.vcu.sdk/commander.go:69.42,72.2 2 0
github.com/pudjamansyurin/gen.vcu.sdk/commander.go:75.44,78.2 2 0
github.com/pudjamansyurin/gen.vcu.sdk/commander.go:81.51,84.2 2 0
github.com/pudjamansyurin/gen.vcu.sdk/commander.go:87.53,89.32 2 0
github.com/pudjamansyurin/gen.vcu.sdk/commander.go:93.2,95.12 3 0
github.com/pudjamansyurin/gen.vcu.sdk/commander.go:89.32,91.3 1 0
github.com/pudjamansyurin/gen.vcu.sdk/commander.go:99.64,100.60 1 0
github.com/pudjamansyurin/gen.vcu.sdk/commander.go:103.2,105.12 3 0
github.com/pudjamansyurin/gen.vcu.sdk/commander.go:100.60,102.3 1 0
github.com/pudjamansyurin/gen.vcu.sdk/commander.go:109.55,110.27 1 0
github.com/pudjamansyurin/gen.vcu.sdk/commander.go:114.2,116.12 3 0
github.com/pudjamansyurin/gen.vcu.sdk/commander.go:110.27,112.3 1 0
github.com/pudjamansyurin/gen.vcu.sdk/commander.go:120.43,123.2 2 0
github.com/pudjamansyurin/gen.vcu.sdk/commander.go:126.44,129.2 2 0
github.com/pudjamansyurin/gen.vcu.sdk/commander.go:132.39,135.2 2 0
github.com/pudjamansyurin/gen.vcu.sdk/commander.go:138.50,140.16 2 0
github.com/pudjamansyurin/gen.vcu.sdk/commander.go:145.2,146.21 2 0
github.com/pudjamansyurin/gen.vcu.sdk/commander.go:151.2,151.17 1 0
github.com/pudjamansyurin/gen.vcu.sdk/commander.go:140.16,142.3 1 0
github.com/pudjamansyurin/gen.vcu.sdk/commander.go:146.21,149.3 2 0
github.com/pudjamansyurin/gen.vcu.sdk/commander.go:155.46,157.16 2 0
github.com/pudjamansyurin/gen.vcu.sdk/commander.go:162.2,163.16 2 0
github.com/pudjamansyurin/gen.vcu.sdk/commander.go:157.16,159.3 1 0
github.com/pudjamansyurin/gen.vcu.sdk/commander.go:167.45,168.56 1 0
github.com/pudjamansyurin/gen.vcu.sdk/commander.go:172.2,173.12 2 0
github.com/pudjamansyurin/gen.vcu.sdk/commander.go:168.56,170.3 1 0
github.com/pudjamansyurin/gen.vcu.sdk/commander.go:177.39,180.2 2 0
github.com/pudjamansyurin/gen.vcu.sdk/commander.go:183.43,186.2 2 0
github.com/pudjamansyurin/gen.vcu.sdk/commander.go:189.47,191.16 2 0
github.com/pudjamansyurin/gen.vcu.sdk/commander.go:194.2,194.25 1 0
github.com/pudjamansyurin/gen.vcu.sdk/commander.go:191.16,193.3 1 0
github.com/pudjamansyurin/gen.vcu.sdk/commander.go:198.47,200.16 2 0
github.com/pudjamansyurin/gen.vcu.sdk/commander.go:203.2,203.25 1 0
github.com/pudjamansyurin/gen.vcu.sdk/commander.go:200.16,202.3 1 0
github.com/pudjamansyurin/gen.vcu.sdk/commander.go:208.62,209.64 1 0
github.com/pudjamansyurin/gen.vcu.sdk/commander.go:212.2,212.68 1 0
github.com/pudjamansyurin/gen.vcu.sdk/commander.go:216.2,217.16 2 0
github.com/pudjamansyurin/gen.vcu.sdk/commander.go:220.2,220.25 1 0
github.com/pudjamansyurin/gen.vcu.sdk/commander.go:209.64,211.3 1 0
github.com/pudjamansyurin/gen.vcu.sdk/commander.go:212.68,214.3 1 0
github.com/pudjamansyurin/gen.vcu.sdk/commander.go:217.16,219.3 1 0
github.com/pudjamansyurin/gen.vcu.sdk/commander.go:224.50,226.16 2 0
github.com/pudjamansyurin/gen.vcu.sdk/commander.go:229.2,229.25 1 0
github.com/pudjamansyurin/gen.vcu.sdk/commander.go:226.16,228.3 1 0
github.com/pudjamansyurin/gen.vcu.sdk/commander.go:233.54,234.29 1 0
github.com/pudjamansyurin/gen.vcu.sdk/commander.go:238.2,240.12 3 0
github.com/pudjamansyurin/gen.vcu.sdk/commander.go:234.29,236.3 1 0
github.com/pudjamansyurin/gen.vcu.sdk/commander.go:244.51,245.27 1 0
github.com/pudjamansyurin/gen.vcu.sdk/commander.go:249.2,251.12 3 0
github.com/pudjamansyurin/gen.vcu.sdk/commander.go:245.27,247.3 1 0
github.com/pudjamansyurin/gen.vcu.sdk/commander.go:255.48,256.25 1 0
github.com/pudjamansyurin/gen.vcu.sdk/commander.go:260.2,262.12 3 0
github.com/pudjamansyurin/gen.vcu.sdk/commander.go:256.25,258.3 1 0
github.com/pudjamansyurin/gen.vcu.sdk/commander.go:266.48,269.2 2 0
github.com/pudjamansyurin/gen.vcu.sdk/commander.go:272.50,276.2 3 0
github.com/pudjamansyurin/gen.vcu.sdk/commander.go:284.58,285.36 1 0
github.com/pudjamansyurin/gen.vcu.sdk/commander.go:289.2,290.23 2 0
github.com/pudjamansyurin/gen.vcu.sdk/commander.go:303.2,304.12 2 0
github.com/pudjamansyurin/gen.vcu.sdk/commander.go:285.36,287.3 1 0
github.com/pudjamansyurin/gen.vcu.sdk/commander.go:290.23,292.61 2 0
github.com/pudjamansyurin/gen.vcu.sdk/commander.go:295.3,295.61 1 0
github.com/pudjamansyurin/gen.vcu.sdk/commander.go:299.3,300.52 2 0
github.com/pudjamansyurin/gen.vcu.sdk/commander.go:292.61,294.4 1 0
github.com/pudjamansyurin/gen.vcu.sdk/commander.go:295.61,297.4 1 0
github.com/pudjamansyurin/gen.vcu.sdk/detagger.go:14.25,20.2 1 1
github.com/pudjamansyurin/gen.vcu.sdk/detagger.go:23.59,26.44 2 1
github.com/pudjamansyurin/gen.vcu.sdk/detagger.go:31.2,31.40 1 1
github.com/pudjamansyurin/gen.vcu.sdk/detagger.go:35.2,35.38 1 1
github.com/pudjamansyurin/gen.vcu.sdk/detagger.go:51.2,51.10 1 1
github.com/pudjamansyurin/gen.vcu.sdk/detagger.go:26.44,29.3 2 1
github.com/pudjamansyurin/gen.vcu.sdk/detagger.go:31.40,33.3 1 1
github.com/pudjamansyurin/gen.vcu.sdk/detagger.go:35.38,38.3 2 1
github.com/pudjamansyurin/gen.vcu.sdk/detagger.go:38.8,39.13 1 1
github.com/pudjamansyurin/gen.vcu.sdk/detagger.go:40.36,41.13 1 1
github.com/pudjamansyurin/gen.vcu.sdk/detagger.go:42.38,43.13 1 1
github.com/pudjamansyurin/gen.vcu.sdk/detagger.go:44.55,45.13 1 1
github.com/pudjamansyurin/gen.vcu.sdk/detagger.go:46.82,47.13 1 0
github.com/pudjamansyurin/gen.vcu.sdk/type_consts.go:95.42,97.2 1 0
github.com/pudjamansyurin/gen.vcu.sdk/type_consts.go:101.44,103.2 1 0
github.com/pudjamansyurin/gen.vcu.sdk/command_listener.go:8.37,14.2 2 1
github.com/pudjamansyurin/gen.vcu.sdk/command_listener.go:17.36,18.54 1 1
github.com/pudjamansyurin/gen.vcu.sdk/command_listener.go:21.2,22.68 2 1
github.com/pudjamansyurin/gen.vcu.sdk/command_listener.go:26.2,26.54 1 1
github.com/pudjamansyurin/gen.vcu.sdk/command_listener.go:30.2,31.69 2 1
github.com/pudjamansyurin/gen.vcu.sdk/command_listener.go:34.2,34.12 1 1
github.com/pudjamansyurin/gen.vcu.sdk/command_listener.go:18.54,20.3 1 1
github.com/pudjamansyurin/gen.vcu.sdk/command_listener.go:22.68,24.3 1 0
github.com/pudjamansyurin/gen.vcu.sdk/command_listener.go:26.54,29.3 2 1
github.com/pudjamansyurin/gen.vcu.sdk/command_listener.go:31.69,33.3 1 0
github.com/pudjamansyurin/gen.vcu.sdk/command_listener.go:39.29,40.60 1 1
github.com/pudjamansyurin/gen.vcu.sdk/command_listener.go:40.60,42.3 1 1
github.com/pudjamansyurin/gen.vcu.sdk/command_transport.go:11.71,16.16 4 1
github.com/pudjamansyurin/gen.vcu.sdk/command_transport.go:20.2,20.52 1 1
github.com/pudjamansyurin/gen.vcu.sdk/command_transport.go:24.2,25.17 2 1
github.com/pudjamansyurin/gen.vcu.sdk/command_transport.go:16.16,18.3 1 0
github.com/pudjamansyurin/gen.vcu.sdk/command_transport.go:20.52,22.3 1 0
github.com/pudjamansyurin/gen.vcu.sdk/command_transport.go:29.69,31.16 2 1
github.com/pudjamansyurin/gen.vcu.sdk/command_transport.go:35.2,36.12 2 1
github.com/pudjamansyurin/gen.vcu.sdk/command_transport.go:31.16,33.3 1 0
github.com/pudjamansyurin/gen.vcu.sdk/command_transport.go:40.64,41.15 1 1
github.com/pudjamansyurin/gen.vcu.sdk/command_transport.go:46.2,47.16 2 1
github.com/pudjamansyurin/gen.vcu.sdk/command_transport.go:51.2,51.44 1 1
github.com/pudjamansyurin/gen.vcu.sdk/command_transport.go:55.2,56.16 2 1
github.com/pudjamansyurin/gen.vcu.sdk/command_transport.go:60.2,61.16 2 1
github.com/pudjamansyurin/gen.vcu.sdk/command_transport.go:65.2,65.58 1 1
github.com/pudjamansyurin/gen.vcu.sdk/command_transport.go:69.2,69.25 1 1
github.com/pudjamansyurin/gen.vcu.sdk/command_transport.go:41.15,44.3 2 1
github.com/pudjamansyurin/gen.vcu.sdk/command_transport.go:47.16,49.3 1 1
github.com/pudjamansyurin/gen.vcu.sdk/command_transport.go:51.44,53.3 1 1
github.com/pudjamansyurin/gen.vcu.sdk/command_transport.go:56.16,58.3 1 1
github.com/pudjamansyurin/gen.vcu.sdk/command_transport.go:61.16,63.3 1 0
github.com/pudjamansyurin/gen.vcu.sdk/command_transport.go:65.58,67.3 1 1
github.com/pudjamansyurin/gen.vcu.sdk/command_transport.go:74.84,76.25 1 1
github.com/pudjamansyurin/gen.vcu.sdk/command_transport.go:80.2,80.9 1 1
github.com/pudjamansyurin/gen.vcu.sdk/command_transport.go:76.25,78.3 1 0
github.com/pudjamansyurin/gen.vcu.sdk/command_transport.go:81.27,82.19 1 1
github.com/pudjamansyurin/gen.vcu.sdk/command_transport.go:83.29,84.37 1 1
github.com/pudjamansyurin/gen.vcu.sdk/command_transport.go:89.36,91.28 2 1
github.com/pudjamansyurin/gen.vcu.sdk/command_transport.go:94.2,94.12 1 1
github.com/pudjamansyurin/gen.vcu.sdk/command_transport.go:91.28,93.3 1 1
github.com/pudjamansyurin/gen.vcu.sdk/command_transport.go:99.73,100.24 1 1
github.com/pudjamansyurin/gen.vcu.sdk/command_transport.go:103.2,103.22 1 1
github.com/pudjamansyurin/gen.vcu.sdk/command_transport.go:106.2,106.32 1 1
github.com/pudjamansyurin/gen.vcu.sdk/command_transport.go:109.2,109.25 1 1
github.com/pudjamansyurin/gen.vcu.sdk/command_transport.go:112.2,112.25 1 1
github.com/pudjamansyurin/gen.vcu.sdk/command_transport.go:115.2,115.27 1 1
github.com/pudjamansyurin/gen.vcu.sdk/command_transport.go:120.2,120.37 1 1
github.com/pudjamansyurin/gen.vcu.sdk/command_transport.go:124.2,126.22 2 1
github.com/pudjamansyurin/gen.vcu.sdk/command_transport.go:130.2,130.24 1 1
github.com/pudjamansyurin/gen.vcu.sdk/command_transport.go:100.24,102.3 1 1
github.com/pudjamansyurin/gen.vcu.sdk/command_transport.go:103.22,105.3 1 1
github.com/pudjamansyurin/gen.vcu.sdk/command_transport.go:106.32,108.3 1 1
github.com/pudjamansyurin/gen.vcu.sdk/command_transport.go:109.25,111.3 1 1
github.com/pudjamansyurin/gen.vcu.sdk/command_transport.go:112.25,114.3 1 1
github.com/pudjamansyurin/gen.vcu.sdk/command_transport.go:115.27,117.3 1 1
github.com/pudjamansyurin/gen.vcu.sdk/command_transport.go:120.37,122.3 1 1
github.com/pudjamansyurin/gen.vcu.sdk/command_transport.go:126.22,129.3 2 1
github.com/pudjamansyurin/gen.vcu.sdk/commands.go:16.48,17.39 1 1
github.com/pudjamansyurin/gen.vcu.sdk/commands.go:29.2,29.44 1 0
github.com/pudjamansyurin/gen.vcu.sdk/commands.go:17.39,18.38 1 1
github.com/pudjamansyurin/gen.vcu.sdk/commands.go:18.38,19.24 1 1
github.com/pudjamansyurin/gen.vcu.sdk/commands.go:19.24,22.25 3 1
github.com/pudjamansyurin/gen.vcu.sdk/commands.go:25.5,25.21 1 1
github.com/pudjamansyurin/gen.vcu.sdk/commands.go:22.25,24.6 1 1
github.com/pudjamansyurin/gen.vcu.sdk/encoder.go:19.72,20.20 1 1
github.com/pudjamansyurin/gen.vcu.sdk/encoder.go:24.2,34.19 11 1
github.com/pudjamansyurin/gen.vcu.sdk/encoder.go:20.20,22.3 1 0
github.com/pudjamansyurin/gen.vcu.sdk/encoder.go:38.62,43.30 3 1
github.com/pudjamansyurin/gen.vcu.sdk/encoder.go:47.2,47.33 1 1
github.com/pudjamansyurin/gen.vcu.sdk/encoder.go:52.2,52.37 1 1
github.com/pudjamansyurin/gen.vcu.sdk/encoder.go:141.2,141.25 1 1
github.com/pudjamansyurin/gen.vcu.sdk/encoder.go:43.30,45.3 1 1
github.com/pudjamansyurin/gen.vcu.sdk/encoder.go:47.33,50.3 2 0
github.com/pudjamansyurin/gen.vcu.sdk/encoder.go:52.37,58.35 4 1
github.com/pudjamansyurin/gen.vcu.sdk/encoder.go:60.20,61.24 1 1
github.com/pudjamansyurin/gen.vcu.sdk/encoder.go:69.23,70.36 1 1
github.com/pudjamansyurin/gen.vcu.sdk/encoder.go:82.22,83.39 1 1
github.com/pudjamansyurin/gen.vcu.sdk/encoder.go:91.23,94.16 3 1
github.com/pudjamansyurin/gen.vcu.sdk/encoder.go:96.21,99.16 3 1
github.com/pudjamansyurin/gen.vcu.sdk/encoder.go:101.84,104.16 3 1
github.com/pudjamansyurin/gen.vcu.sdk/encoder.go:106.79,109.16 3 1
github.com/pudjamansyurin/gen.vcu.sdk/encoder.go:111.41,115.23 3 1
github.com/pudjamansyurin/gen.vcu.sdk/encoder.go:134.4,134.16 1 1
github.com/pudjamansyurin/gen.vcu.sdk/encoder.go:136.11,137.69 1 0
github.com/pudjamansyurin/gen.vcu.sdk/encoder.go:61.24,63.19 2 1
github.com/pudjamansyurin/gen.vcu.sdk/encoder.go:66.5,66.17 1 1
github.com/pudjamansyurin/gen.vcu.sdk/encoder.go:63.19,65.6 1 0
github.com/pudjamansyurin/gen.vcu.sdk/encoder.go:70.36,74.5 3 1
github.com/pudjamansyurin/gen.vcu.sdk/encoder.go:74.10,76.19 2 1
github.com/pudjamansyurin/gen.vcu.sdk/encoder.go:79.5,79.17 1 1
github.com/pudjamansyurin/gen.vcu.sdk/encoder.go:76.19,78.6 1 0
github.com/pudjamansyurin/gen.vcu.sdk/encoder.go:83.39,85.19 2 1
github.com/pudjamansyurin/gen.vcu.sdk/encoder.go:88.5,88.17 1 1
github.com/pudjamansyurin/gen.vcu.sdk/encoder.go:85.19,87.6 1 0
github.com/pudjamansyurin/gen.vcu.sdk/encoder.go:115.23,119.30 2 1
github.com/pudjamansyurin/gen.vcu.sdk/encoder.go:122.5,122.43 1 1
github.com/pudjamansyurin/gen.vcu.sdk/encoder.go:119.30,121.6 1 1
github.com/pudjamansyurin/gen.vcu.sdk/encoder.go:124.10,126.30 1 0
github.com/pudjamansyurin/gen.vcu.sdk/encoder.go:126.30,129.6 2 0
github.com/pudjamansyurin/gen.vcu.sdk/encoder.go:129.11,132.6 2 0
github.com/pudjamansyurin/gen.vcu.sdk/encoder.go:145.54,147.18 2 1
github.com/pudjamansyurin/gen.vcu.sdk/encoder.go:176.2,176.18 1 1
github.com/pudjamansyurin/gen.vcu.sdk/encoder.go:148.15,150.29 2 1
github.com/pudjamansyurin/gen.vcu.sdk/encoder.go:151.16,153.29 2 1
github.com/pudjamansyurin/gen.vcu.sdk/encoder.go:154.16,156.29 2 1
github.com/pudjamansyurin/gen.vcu.sdk/encoder.go:157.24,159.29 2 0
github.com/pudjamansyurin/gen.vcu.sdk/encoder.go:160.14,162.29 2 0
github.com/pudjamansyurin/gen.vcu.sdk/encoder.go:163.15,165.29 2 1
github.com/pudjamansyurin/gen.vcu.sdk/encoder.go:166.15,168.29 2 1
github.com/pudjamansyurin/gen.vcu.sdk/encoder.go:169.22,171.29 2 0
github.com/pudjamansyurin/gen.vcu.sdk/encoder.go:172.10,174.29 2 0
github.com/pudjamansyurin/gen.vcu.sdk/encoder.go:180.63,184.2 3 1
github.com/pudjamansyurin/gen.vcu.sdk/encoder.go:187.52,190.12 3 1
github.com/pudjamansyurin/gen.vcu.sdk/encoder.go:191.35,192.15 1 1
github.com/pudjamansyurin/gen.vcu.sdk/encoder.go:193.37,194.15 1 1
github.com/pudjamansyurin/gen.vcu.sdk/encoder.go:195.54,196.15 1 1
github.com/pudjamansyurin/gen.vcu.sdk/encoder.go:197.10,198.15 1 0
github.com/pudjamansyurin/gen.vcu.sdk/encoder.go:203.38,216.2 11 1
github.com/pudjamansyurin/gen.vcu.sdk/encoder.go:219.33,221.7 2 1
github.com/pudjamansyurin/gen.vcu.sdk/encoder.go:224.2,224.18 1 1
github.com/pudjamansyurin/gen.vcu.sdk/encoder.go:221.7,223.3 1 1
github.com/pudjamansyurin/gen.vcu.sdk/encoder.go:228.34,230.2 1 1
github.com/pudjamansyurin/gen.vcu.sdk/model_command.go:30.45,31.21 1 1
github.com/pudjamansyurin/gen.vcu.sdk/model_command.go:34.2,34.43 1 1
github.com/pudjamansyurin/gen.vcu.sdk/model_command.go:31.21,33.3 1 0
github.com/pudjamansyurin/gen.vcu.sdk/model_command.go:38.37,39.21 1 1
github.com/pudjamansyurin/gen.vcu.sdk/model_command.go:42.2,42.43 1 1
github.com/pudjamansyurin/gen.vcu.sdk/model_command.go:39.21,41.3 1 0
github.com/pudjamansyurin/gen.vcu.sdk/model_command.go:46.43,47.21 1 1
github.com/pudjamansyurin/gen.vcu.sdk/model_command.go:50.2,50.39 1 1
github.com/pudjamansyurin/gen.vcu.sdk/model_command.go:47.21,49.3 1 0
github.com/pudjamansyurin/gen.vcu.sdk/model_command.go:54.55,55.35 1 1
github.com/pudjamansyurin/gen.vcu.sdk/model_command.go:58.2,58.69 1 1
github.com/pudjamansyurin/gen.vcu.sdk/model_command.go:55.35,57.3 1 0
github.com/pudjamansyurin/gen.vcu.sdk/model_command.go:62.46,63.21 1 1
github.com/pudjamansyurin/gen.vcu.sdk/model_command.go:66.2,66.47 1 1
github.com/pudjamansyurin/gen.vcu.sdk/model_command.go:71.2,71.14 1 1
github.com/pudjamansyurin/gen.vcu.sdk/model_command.go:63.21,65.3 1 0
github.com/pudjamansyurin/gen.vcu.sdk/model_command.go:66.47,67.28 1 1
github.com/pudjamansyurin/gen.vcu.sdk/model_command.go:67.28,69.4 1 1
github.com/pudjamansyurin/gen.vcu.sdk/model_command.go:75.44,77.2 1 1
github.com/pudjamansyurin/gen.vcu.sdk/model_command.go:80.49,82.2 1 1
github.com/pudjamansyurin/gen.vcu.sdk/model_command.go:85.42,87.53 2 1
github.com/pudjamansyurin/gen.vcu.sdk/model_command.go:92.2,92.25 1 1
github.com/pudjamansyurin/gen.vcu.sdk/model_command.go:87.53,91.3 3 1
github.com/pudjamansyurin/gen.vcu.sdk/model_command.go:99.34,101.2 1 1
github.com/pudjamansyurin/gen.vcu.sdk/faker.go:17.87,18.37 1 1
github.com/pudjamansyurin/gen.vcu.sdk/faker.go:21.2,21.12 1 1
github.com/pudjamansyurin/gen.vcu.sdk/faker.go:18.37,20.3 1 1
github.com/pudjamansyurin/gen.vcu.sdk/faker.go:24.85,25.30 1 1
github.com/pudjamansyurin/gen.vcu.sdk/faker.go:53.2,53.12 1 1
github.com/pudjamansyurin/gen.vcu.sdk/faker.go:26.21,27.13 1 1
github.com/pudjamansyurin/gen.vcu.sdk/faker.go:38.22,39.13 1 1
github.com/pudjamansyurin/gen.vcu.sdk/faker.go:27.13,28.11 1 1
github.com/pudjamansyurin/gen.vcu.sdk/faker.go:29.34,34.28 2 1
github.com/pudjamansyurin/gen.vcu.sdk/faker.go:35.35,35.35 0 0
github.com/pudjamansyurin/gen.vcu.sdk/faker.go:39.13,40.11 1 1
github.com/pudjamansyurin/gen.vcu.sdk/faker.go:41.21,42.43 1 1
github.com/pudjamansyurin/gen.vcu.sdk/faker.go:49.35,49.35 0 0
github.com/pudjamansyurin/gen.vcu.sdk/faker.go:42.43,48.6 2 1
github.com/pudjamansyurin/gen.vcu.sdk/faker.go:56.56,58.2 1 1
github.com/pudjamansyurin/gen.vcu.sdk/faker.go:66.38,68.2 1 1
github.com/pudjamansyurin/gen.vcu.sdk/faker.go:69.40,71.2 1 1
github.com/pudjamansyurin/gen.vcu.sdk/model_report.go:33.43,34.21 1 0
github.com/pudjamansyurin/gen.vcu.sdk/model_report.go:37.2,37.41 1 0
github.com/pudjamansyurin/gen.vcu.sdk/model_report.go:34.21,36.3 1 0
github.com/pudjamansyurin/gen.vcu.sdk/model_report.go:41.35,44.2 1 0
github.com/pudjamansyurin/gen.vcu.sdk/model_report.go:47.41,48.21 1 0
github.com/pudjamansyurin/gen.vcu.sdk/model_report.go:51.2,51.39 1 0
github.com/pudjamansyurin/gen.vcu.sdk/model_report.go:48.21,50.3 1 0
github.com/pudjamansyurin/gen.vcu.sdk/model_report.go:55.40,58.37 3 0
github.com/pudjamansyurin/gen.vcu.sdk/model_report.go:65.2,65.12 1 0
github.com/pudjamansyurin/gen.vcu.sdk/model_report.go:58.37,60.23 2 0
github.com/pudjamansyurin/gen.vcu.sdk/model_report.go:60.23,63.4 2 0
github.com/pudjamansyurin/gen.vcu.sdk/model_report.go:83.35,84.14 1 0
github.com/pudjamansyurin/gen.vcu.sdk/model_report.go:87.2,88.68 2 0
github.com/pudjamansyurin/gen.vcu.sdk/model_report.go:84.14,86.3 1 0
github.com/pudjamansyurin/gen.vcu.sdk/model_report.go:92.33,93.14 1 0
github.com/pudjamansyurin/gen.vcu.sdk/model_report.go:96.2,96.45 1 0
github.com/pudjamansyurin/gen.vcu.sdk/model_report.go:93.14,95.3 1 0
github.com/pudjamansyurin/gen.vcu.sdk/model_report.go:105.37,106.14 1 0
github.com/pudjamansyurin/gen.vcu.sdk/model_report.go:109.2,109.45 1 0
github.com/pudjamansyurin/gen.vcu.sdk/model_report.go:106.14,108.3 1 0
github.com/pudjamansyurin/gen.vcu.sdk/model_report.go:125.38,126.14 1 0
github.com/pudjamansyurin/gen.vcu.sdk/model_report.go:129.2,129.26 1 0
github.com/pudjamansyurin/gen.vcu.sdk/model_report.go:132.2,133.57 1 0
github.com/pudjamansyurin/gen.vcu.sdk/model_report.go:126.14,128.3 1 0
github.com/pudjamansyurin/gen.vcu.sdk/model_report.go:129.26,131.3 1 0
github.com/pudjamansyurin/gen.vcu.sdk/model_report.go:137.36,138.14 1 0
github.com/pudjamansyurin/gen.vcu.sdk/model_report.go:141.2,141.30 1 0
github.com/pudjamansyurin/gen.vcu.sdk/model_report.go:138.14,140.3 1 0
github.com/pudjamansyurin/gen.vcu.sdk/model_report.go:169.32,170.14 1 0
github.com/pudjamansyurin/gen.vcu.sdk/model_report.go:173.2,173.43 1 0
github.com/pudjamansyurin/gen.vcu.sdk/model_report.go:170.14,172.3 1 0
github.com/pudjamansyurin/gen.vcu.sdk/model_report.go:241.34,242.14 1 0
github.com/pudjamansyurin/gen.vcu.sdk/model_report.go:245.2,245.41 1 0
github.com/pudjamansyurin/gen.vcu.sdk/model_report.go:242.14,244.3 1 0
github.com/pudjamansyurin/gen.vcu.sdk/model_report.go:318.37,319.14 1 0
github.com/pudjamansyurin/gen.vcu.sdk/model_report.go:322.2,323.37 2 0
github.com/pudjamansyurin/gen.vcu.sdk/model_report.go:328.2,328.14 1 0
github.com/pudjamansyurin/gen.vcu.sdk/model_report.go:319.14,321.3 1 0
github.com/pudjamansyurin/gen.vcu.sdk/model_report.go:323.37,324.51 1 0
github.com/pudjamansyurin/gen.vcu.sdk/model_report.go:324.51,326.4 1 0
github.com/pudjamansyurin/gen.vcu.sdk/report_listener.go:20.50,21.52 1 0
github.com/pudjamansyurin/gen.vcu.sdk/report_listener.go:21.52,27.3 4 0
github.com/pudjamansyurin/gen.vcu.sdk/report_listener.go:31.50,32.52 1 0
github.com/pudjamansyurin/gen.vcu.sdk/report_listener.go:32.52,38.17 4 0
github.com/pudjamansyurin/gen.vcu.sdk/report_listener.go:42.3,42.29 1 0
github.com/pudjamansyurin/gen.vcu.sdk/report_listener.go:38.17,40.4 1 0
github.com/pudjamansyurin/gen.vcu.sdk/report_listener.go:47.28,49.2 1 0
github.com/pudjamansyurin/gen.vcu.sdk/type_enums.go:11.32,17.2 1 0
github.com/pudjamansyurin/gen.vcu.sdk/type_enums.go:32.36,42.2 1 1
github.com/pudjamansyurin/gen.vcu.sdk/type_enums.go:53.34,59.2 1 0
github.com/pudjamansyurin/gen.vcu.sdk/type_enums.go:70.36,76.2 1 0
github.com/pudjamansyurin/gen.vcu.sdk/type_enums.go:87.35,93.2 1 0
github.com/pudjamansyurin/gen.vcu.sdk/type_enums.go:103.34,108.2 1 0
github.com/pudjamansyurin/gen.vcu.sdk/type_enums.go:110.32,115.2 1 0
github.com/pudjamansyurin/gen.vcu.sdk/type_enums.go:131.35,143.2 1 0
github.com/pudjamansyurin/gen.vcu.sdk/type_enums.go:161.38,175.2 1 0
github.com/pudjamansyurin/gen.vcu.sdk/type_enums.go:187.42,195.2 1 0
github.com/pudjamansyurin/gen.vcu.sdk/type_enums.go:206.34,212.2 1 1
