mode: set
github.com/pudjamansyurin/gen.vcu.sdk/client.go:36.59,42.2 2 0
github.com/pudjamansyurin/gen.vcu.sdk/client.go:44.83,46.42 2 0
github.com/pudjamansyurin/gen.vcu.sdk/client.go:49.2,50.12 2 0
github.com/pudjamansyurin/gen.vcu.sdk/client.go:46.42,48.3 1 0
github.com/pudjamansyurin/gen.vcu.sdk/client.go:53.81,55.42 2 0
github.com/pudjamansyurin/gen.vcu.sdk/client.go:58.2,59.12 2 0
github.com/pudjamansyurin/gen.vcu.sdk/client.go:55.42,57.3 1 0
github.com/pudjamansyurin/gen.vcu.sdk/client.go:62.89,64.27 2 0
github.com/pudjamansyurin/gen.vcu.sdk/client.go:68.2,69.42 2 0
github.com/pudjamansyurin/gen.vcu.sdk/client.go:73.2,73.27 1 0
github.com/pudjamansyurin/gen.vcu.sdk/client.go:76.2,76.12 1 0
github.com/pudjamansyurin/gen.vcu.sdk/client.go:64.27,66.3 1 0
github.com/pudjamansyurin/gen.vcu.sdk/client.go:69.42,71.3 1 0
github.com/pudjamansyurin/gen.vcu.sdk/client.go:73.27,75.3 1 0
github.com/pudjamansyurin/gen.vcu.sdk/client.go:79.47,81.42 2 0
github.com/pudjamansyurin/gen.vcu.sdk/client.go:85.2,85.27 1 0
github.com/pudjamansyurin/gen.vcu.sdk/client.go:88.2,88.12 1 0
github.com/pudjamansyurin/gen.vcu.sdk/client.go:81.42,83.3 1 0
github.com/pudjamansyurin/gen.vcu.sdk/client.go:85.27,87.3 1 0
github.com/pudjamansyurin/gen.vcu.sdk/client.go:92.80,99.74 6 0
github.com/pudjamansyurin/gen.vcu.sdk/client.go:102.2,102.44 1 0
github.com/pudjamansyurin/gen.vcu.sdk/client.go:105.2,105.62 1 0
github.com/pudjamansyurin/gen.vcu.sdk/client.go:108.2,108.13 1 0
github.com/pudjamansyurin/gen.vcu.sdk/client.go:99.74,101.3 1 0
github.com/pudjamansyurin/gen.vcu.sdk/client.go:102.44,104.3 1 0
github.com/pudjamansyurin/gen.vcu.sdk/client.go:105.62,107.3 1 0
github.com/pudjamansyurin/gen.vcu.sdk/decoder.go:16.61,21.42 3 1
github.com/pudjamansyurin/gen.vcu.sdk/decoder.go:25.2,25.15 1 1
github.com/pudjamansyurin/gen.vcu.sdk/decoder.go:21.42,23.3 1 0
github.com/pudjamansyurin/gen.vcu.sdk/decoder.go:29.57,32.47 3 1
github.com/pudjamansyurin/gen.vcu.sdk/decoder.go:35.2,35.23 1 1
github.com/pudjamansyurin/gen.vcu.sdk/decoder.go:38.2,38.20 1 1
github.com/pudjamansyurin/gen.vcu.sdk/decoder.go:32.47,34.3 1 0
github.com/pudjamansyurin/gen.vcu.sdk/decoder.go:35.23,37.3 1 0
github.com/pudjamansyurin/gen.vcu.sdk/decoder.go:44.69,49.30 3 1
github.com/pudjamansyurin/gen.vcu.sdk/decoder.go:53.2,53.35 1 1
github.com/pudjamansyurin/gen.vcu.sdk/decoder.go:58.2,60.19 2 1
github.com/pudjamansyurin/gen.vcu.sdk/decoder.go:64.2,64.29 1 1
github.com/pudjamansyurin/gen.vcu.sdk/decoder.go:155.2,155.12 1 1
github.com/pudjamansyurin/gen.vcu.sdk/decoder.go:49.30,51.3 1 1
github.com/pudjamansyurin/gen.vcu.sdk/decoder.go:53.35,55.3 1 0
github.com/pudjamansyurin/gen.vcu.sdk/decoder.go:60.19,62.3 1 1
github.com/pudjamansyurin/gen.vcu.sdk/decoder.go:66.19,68.52 2 1
github.com/pudjamansyurin/gen.vcu.sdk/decoder.go:72.22,74.30 1 1
github.com/pudjamansyurin/gen.vcu.sdk/decoder.go:91.21,92.33 1 1
github.com/pudjamansyurin/gen.vcu.sdk/decoder.go:98.21,99.33 1 1
github.com/pudjamansyurin/gen.vcu.sdk/decoder.go:105.22,108.30 3 1
github.com/pudjamansyurin/gen.vcu.sdk/decoder.go:110.20,113.16 3 1
github.com/pudjamansyurin/gen.vcu.sdk/decoder.go:115.83,117.26 2 1
github.com/pudjamansyurin/gen.vcu.sdk/decoder.go:121.78,124.29 3 1
github.com/pudjamansyurin/gen.vcu.sdk/decoder.go:128.40,133.22 3 1
github.com/pudjamansyurin/gen.vcu.sdk/decoder.go:147.3,147.29 1 1
github.com/pudjamansyurin/gen.vcu.sdk/decoder.go:151.10,152.63 1 0
github.com/pudjamansyurin/gen.vcu.sdk/decoder.go:68.52,70.4 1 0
github.com/pudjamansyurin/gen.vcu.sdk/decoder.go:74.30,79.4 3 1
github.com/pudjamansyurin/gen.vcu.sdk/decoder.go:79.9,80.56 1 1
github.com/pudjamansyurin/gen.vcu.sdk/decoder.go:80.56,85.76 4 1
github.com/pudjamansyurin/gen.vcu.sdk/decoder.go:85.76,87.6 1 0
github.com/pudjamansyurin/gen.vcu.sdk/decoder.go:92.33,93.69 1 1
github.com/pudjamansyurin/gen.vcu.sdk/decoder.go:93.69,95.5 1 0
github.com/pudjamansyurin/gen.vcu.sdk/decoder.go:99.33,103.4 3 1
github.com/pudjamansyurin/gen.vcu.sdk/decoder.go:117.26,119.4 1 1
github.com/pudjamansyurin/gen.vcu.sdk/decoder.go:124.29,126.4 1 1
github.com/pudjamansyurin/gen.vcu.sdk/decoder.go:133.22,137.4 2 1
github.com/pudjamansyurin/gen.vcu.sdk/decoder.go:137.9,139.29 1 0
github.com/pudjamansyurin/gen.vcu.sdk/decoder.go:139.29,142.5 2 0
github.com/pudjamansyurin/gen.vcu.sdk/decoder.go:142.10,144.5 1 0
github.com/pudjamansyurin/gen.vcu.sdk/decoder.go:147.29,149.4 1 1
github.com/pudjamansyurin/gen.vcu.sdk/decoder.go:159.46,165.27 4 1
github.com/pudjamansyurin/gen.vcu.sdk/decoder.go:168.2,168.41 1 1
github.com/pudjamansyurin/gen.vcu.sdk/decoder.go:165.27,167.3 1 1
github.com/pudjamansyurin/gen.vcu.sdk/decoder.go:173.67,177.19 2 1
github.com/pudjamansyurin/gen.vcu.sdk/decoder.go:185.2,185.42 1 1
github.com/pudjamansyurin/gen.vcu.sdk/decoder.go:203.2,203.15 1 1
github.com/pudjamansyurin/gen.vcu.sdk/decoder.go:178.83,179.16 1 1
github.com/pudjamansyurin/gen.vcu.sdk/decoder.go:180.78,181.22 1 1
github.com/pudjamansyurin/gen.vcu.sdk/decoder.go:186.13,187.28 1 1
github.com/pudjamansyurin/gen.vcu.sdk/decoder.go:188.14,189.28 1 1
github.com/pudjamansyurin/gen.vcu.sdk/decoder.go:190.14,191.28 1 1
github.com/pudjamansyurin/gen.vcu.sdk/decoder.go:192.14,193.28 1 0
github.com/pudjamansyurin/gen.vcu.sdk/decoder.go:194.12,195.28 1 0
github.com/pudjamansyurin/gen.vcu.sdk/decoder.go:196.13,197.28 1 1
github.com/pudjamansyurin/gen.vcu.sdk/decoder.go:198.13,199.28 1 1
github.com/pudjamansyurin/gen.vcu.sdk/decoder.go:200.13,201.28 1 0
github.com/pudjamansyurin/gen.vcu.sdk/decoder.go:215.38,217.26 2 1
github.com/pudjamansyurin/gen.vcu.sdk/decoder.go:221.2,222.17 2 1
github.com/pudjamansyurin/gen.vcu.sdk/decoder.go:217.26,219.3 1 1
github.com/pudjamansyurin/gen.vcu.sdk/decoder.go:226.34,228.2 1 1
github.com/pudjamansyurin/gen.vcu.sdk/detagger.go:14.25,20.2 1 1
github.com/pudjamansyurin/gen.vcu.sdk/detagger.go:23.59,26.44 2 1
github.com/pudjamansyurin/gen.vcu.sdk/detagger.go:31.2,31.40 1 1
github.com/pudjamansyurin/gen.vcu.sdk/detagger.go:35.2,35.38 1 1
github.com/pudjamansyurin/gen.vcu.sdk/detagger.go:51.2,51.10 1 1
github.com/pudjamansyurin/gen.vcu.sdk/detagger.go:26.44,29.3 2 1
github.com/pudjamansyurin/gen.vcu.sdk/detagger.go:31.40,33.3 1 1
github.com/pudjamansyurin/gen.vcu.sdk/detagger.go:35.38,38.3 2 1
github.com/pudjamansyurin/gen.vcu.sdk/detagger.go:38.8,39.13 1 1
github.com/pudjamansyurin/gen.vcu.sdk/detagger.go:40.36,41.13 1 1
github.com/pudjamansyurin/gen.vcu.sdk/detagger.go:42.38,43.13 1 1
github.com/pudjamansyurin/gen.vcu.sdk/detagger.go:44.55,45.13 1 1
github.com/pudjamansyurin/gen.vcu.sdk/detagger.go:46.82,47.13 1 0
github.com/pudjamansyurin/gen.vcu.sdk/faker.go:18.87,19.37 1 1
github.com/pudjamansyurin/gen.vcu.sdk/faker.go:22.2,22.12 1 1
github.com/pudjamansyurin/gen.vcu.sdk/faker.go:19.37,21.3 1 1
github.com/pudjamansyurin/gen.vcu.sdk/faker.go:25.85,26.30 1 1
github.com/pudjamansyurin/gen.vcu.sdk/faker.go:54.2,54.12 1 1
github.com/pudjamansyurin/gen.vcu.sdk/faker.go:27.21,28.13 1 1
github.com/pudjamansyurin/gen.vcu.sdk/faker.go:39.22,40.13 1 1
github.com/pudjamansyurin/gen.vcu.sdk/faker.go:28.13,29.11 1 1
github.com/pudjamansyurin/gen.vcu.sdk/faker.go:30.34,35.28 2 1
github.com/pudjamansyurin/gen.vcu.sdk/faker.go:36.35,36.35 0 0
github.com/pudjamansyurin/gen.vcu.sdk/faker.go:40.13,41.11 1 1
github.com/pudjamansyurin/gen.vcu.sdk/faker.go:42.21,43.43 1 1
github.com/pudjamansyurin/gen.vcu.sdk/faker.go:50.35,50.35 0 0
github.com/pudjamansyurin/gen.vcu.sdk/faker.go:43.43,49.6 2 1
github.com/pudjamansyurin/gen.vcu.sdk/faker.go:57.51,59.2 1 1
github.com/pudjamansyurin/gen.vcu.sdk/faker.go:68.38,70.2 1 1
github.com/pudjamansyurin/gen.vcu.sdk/faker.go:71.40,73.2 1 1
github.com/pudjamansyurin/gen.vcu.sdk/faker.go:78.46,81.2 2 1
github.com/pudjamansyurin/gen.vcu.sdk/faker.go:83.63,86.2 2 1
github.com/pudjamansyurin/gen.vcu.sdk/faker.go:89.63,91.13 2 1
github.com/pudjamansyurin/gen.vcu.sdk/faker.go:94.2,94.10 1 1
github.com/pudjamansyurin/gen.vcu.sdk/faker.go:91.13,93.3 1 1
github.com/pudjamansyurin/gen.vcu.sdk/faker.go:97.63,116.2 2 1
github.com/pudjamansyurin/gen.vcu.sdk/faker.go:119.45,121.16 2 1
github.com/pudjamansyurin/gen.vcu.sdk/faker.go:126.2,126.24 1 1
github.com/pudjamansyurin/gen.vcu.sdk/faker.go:129.2,129.17 1 1
github.com/pudjamansyurin/gen.vcu.sdk/faker.go:121.16,123.3 1 0
github.com/pudjamansyurin/gen.vcu.sdk/faker.go:126.24,128.3 1 1
github.com/pudjamansyurin/gen.vcu.sdk/sdk.go:9.55,14.2 1 0
github.com/pudjamansyurin/gen.vcu.sdk/sdk.go:17.31,19.42 2 0
github.com/pudjamansyurin/gen.vcu.sdk/sdk.go:22.2,22.12 1 0
github.com/pudjamansyurin/gen.vcu.sdk/sdk.go:19.42,21.3 1 0
github.com/pudjamansyurin/gen.vcu.sdk/sdk.go:26.28,28.2 1 0
github.com/pudjamansyurin/gen.vcu.sdk/sdk.go:31.57,33.2 1 0
github.com/pudjamansyurin/gen.vcu.sdk/sdk.go:47.59,50.26 2 0
github.com/pudjamansyurin/gen.vcu.sdk/sdk.go:57.2,57.26 1 0
github.com/pudjamansyurin/gen.vcu.sdk/sdk.go:63.2,63.12 1 0
github.com/pudjamansyurin/gen.vcu.sdk/sdk.go:50.26,52.80 2 0
github.com/pudjamansyurin/gen.vcu.sdk/sdk.go:52.80,54.4 1 0
github.com/pudjamansyurin/gen.vcu.sdk/sdk.go:57.26,59.80 2 0
github.com/pudjamansyurin/gen.vcu.sdk/sdk.go:59.80,61.4 1 0
github.com/pudjamansyurin/gen.vcu.sdk/sdk.go:67.49,73.2 2 0
github.com/pudjamansyurin/gen.vcu.sdk/sdk.go:78.39,80.15 1 0
github.com/pudjamansyurin/gen.vcu.sdk/sdk.go:86.2,88.24 3 0
github.com/pudjamansyurin/gen.vcu.sdk/sdk.go:91.2,91.15 1 0
github.com/pudjamansyurin/gen.vcu.sdk/sdk.go:80.15,84.3 3 0
github.com/pudjamansyurin/gen.vcu.sdk/sdk.go:88.24,90.3 1 0
github.com/pudjamansyurin/gen.vcu.sdk/type_enums.go:11.32,17.2 1 0
github.com/pudjamansyurin/gen.vcu.sdk/type_enums.go:32.36,42.2 1 0
github.com/pudjamansyurin/gen.vcu.sdk/type_enums.go:53.34,59.2 1 0
github.com/pudjamansyurin/gen.vcu.sdk/type_enums.go:70.36,76.2 1 0
github.com/pudjamansyurin/gen.vcu.sdk/type_enums.go:87.35,93.2 1 0
github.com/pudjamansyurin/gen.vcu.sdk/type_enums.go:103.34,108.2 1 0
github.com/pudjamansyurin/gen.vcu.sdk/type_enums.go:110.32,115.2 1 0
github.com/pudjamansyurin/gen.vcu.sdk/type_enums.go:131.35,143.2 1 0
github.com/pudjamansyurin/gen.vcu.sdk/type_enums.go:161.38,175.2 1 0
github.com/pudjamansyurin/gen.vcu.sdk/type_enums.go:187.42,195.2 1 0
github.com/pudjamansyurin/gen.vcu.sdk/type_enums.go:206.34,212.2 1 1
github.com/pudjamansyurin/gen.vcu.sdk/command_listener.go:8.37,14.2 2 1
github.com/pudjamansyurin/gen.vcu.sdk/command_listener.go:17.36,18.54 1 1
github.com/pudjamansyurin/gen.vcu.sdk/command_listener.go:21.2,22.68 2 1
github.com/pudjamansyurin/gen.vcu.sdk/command_listener.go:26.2,26.54 1 1
github.com/pudjamansyurin/gen.vcu.sdk/command_listener.go:30.2,31.69 2 1
github.com/pudjamansyurin/gen.vcu.sdk/command_listener.go:34.2,34.12 1 1
github.com/pudjamansyurin/gen.vcu.sdk/command_listener.go:18.54,20.3 1 1
github.com/pudjamansyurin/gen.vcu.sdk/command_listener.go:22.68,24.3 1 0
github.com/pudjamansyurin/gen.vcu.sdk/command_listener.go:26.54,29.3 2 1
github.com/pudjamansyurin/gen.vcu.sdk/command_listener.go:31.69,33.3 1 0
github.com/pudjamansyurin/gen.vcu.sdk/command_listener.go:39.29,40.60 1 1
github.com/pudjamansyurin/gen.vcu.sdk/command_listener.go:40.60,42.3 1 1
github.com/pudjamansyurin/gen.vcu.sdk/model_command.go:30.45,31.21 1 1
github.com/pudjamansyurin/gen.vcu.sdk/model_command.go:34.2,34.43 1 1
github.com/pudjamansyurin/gen.vcu.sdk/model_command.go:31.21,33.3 1 0
github.com/pudjamansyurin/gen.vcu.sdk/model_command.go:38.37,39.21 1 1
github.com/pudjamansyurin/gen.vcu.sdk/model_command.go:42.2,42.43 1 1
github.com/pudjamansyurin/gen.vcu.sdk/model_command.go:39.21,41.3 1 0
github.com/pudjamansyurin/gen.vcu.sdk/model_command.go:46.43,47.21 1 1
github.com/pudjamansyurin/gen.vcu.sdk/model_command.go:50.2,50.39 1 1
github.com/pudjamansyurin/gen.vcu.sdk/model_command.go:47.21,49.3 1 0
github.com/pudjamansyurin/gen.vcu.sdk/model_command.go:54.55,55.35 1 1
github.com/pudjamansyurin/gen.vcu.sdk/model_command.go:58.2,58.69 1 1
github.com/pudjamansyurin/gen.vcu.sdk/model_command.go:55.35,57.3 1 0
github.com/pudjamansyurin/gen.vcu.sdk/model_command.go:62.46,63.21 1 1
github.com/pudjamansyurin/gen.vcu.sdk/model_command.go:66.2,66.47 1 1
github.com/pudjamansyurin/gen.vcu.sdk/model_command.go:71.2,71.14 1 1
github.com/pudjamansyurin/gen.vcu.sdk/model_command.go:63.21,65.3 1 0
github.com/pudjamansyurin/gen.vcu.sdk/model_command.go:66.47,67.28 1 1
github.com/pudjamansyurin/gen.vcu.sdk/model_command.go:67.28,69.4 1 1
github.com/pudjamansyurin/gen.vcu.sdk/model_command.go:75.44,77.2 1 1
github.com/pudjamansyurin/gen.vcu.sdk/model_command.go:80.42,82.53 2 0
github.com/pudjamansyurin/gen.vcu.sdk/model_command.go:87.2,87.25 1 0
github.com/pudjamansyurin/gen.vcu.sdk/model_command.go:82.53,86.3 3 0
github.com/pudjamansyurin/gen.vcu.sdk/model_command.go:94.34,96.2 1 1
github.com/pudjamansyurin/gen.vcu.sdk/type_vars.go:27.42,29.2 1 0
github.com/pudjamansyurin/gen.vcu.sdk/type_vars.go:33.44,35.2 1 0
github.com/pudjamansyurin/gen.vcu.sdk/type_vars.go:50.44,52.2 1 0
github.com/pudjamansyurin/gen.vcu.sdk/type_vars.go:53.61,55.2 1 0
github.com/pudjamansyurin/gen.vcu.sdk/command_transport.go:11.68,16.16 4 1
github.com/pudjamansyurin/gen.vcu.sdk/command_transport.go:20.2,20.48 1 1
github.com/pudjamansyurin/gen.vcu.sdk/command_transport.go:24.2,25.17 2 1
github.com/pudjamansyurin/gen.vcu.sdk/command_transport.go:16.16,18.3 1 0
github.com/pudjamansyurin/gen.vcu.sdk/command_transport.go:20.48,22.3 1 0
github.com/pudjamansyurin/gen.vcu.sdk/command_transport.go:29.66,31.16 2 1
github.com/pudjamansyurin/gen.vcu.sdk/command_transport.go:35.2,36.12 2 1
github.com/pudjamansyurin/gen.vcu.sdk/command_transport.go:31.16,33.3 1 0
github.com/pudjamansyurin/gen.vcu.sdk/command_transport.go:40.64,41.15 1 1
github.com/pudjamansyurin/gen.vcu.sdk/command_transport.go:46.2,47.16 2 1
github.com/pudjamansyurin/gen.vcu.sdk/command_transport.go:51.2,51.44 1 1
github.com/pudjamansyurin/gen.vcu.sdk/command_transport.go:55.2,56.16 2 1
github.com/pudjamansyurin/gen.vcu.sdk/command_transport.go:60.2,61.16 2 1
github.com/pudjamansyurin/gen.vcu.sdk/command_transport.go:65.2,65.58 1 1
github.com/pudjamansyurin/gen.vcu.sdk/command_transport.go:69.2,69.25 1 1
github.com/pudjamansyurin/gen.vcu.sdk/command_transport.go:41.15,44.3 2 1
github.com/pudjamansyurin/gen.vcu.sdk/command_transport.go:47.16,49.3 1 1
github.com/pudjamansyurin/gen.vcu.sdk/command_transport.go:51.44,53.3 1 1
github.com/pudjamansyurin/gen.vcu.sdk/command_transport.go:56.16,58.3 1 1
github.com/pudjamansyurin/gen.vcu.sdk/command_transport.go:61.16,63.3 1 0
github.com/pudjamansyurin/gen.vcu.sdk/command_transport.go:65.58,67.3 1 1
github.com/pudjamansyurin/gen.vcu.sdk/command_transport.go:74.84,76.25 1 1
github.com/pudjamansyurin/gen.vcu.sdk/command_transport.go:80.2,80.9 1 1
github.com/pudjamansyurin/gen.vcu.sdk/command_transport.go:76.25,78.3 1 0
github.com/pudjamansyurin/gen.vcu.sdk/command_transport.go:81.27,82.19 1 1
github.com/pudjamansyurin/gen.vcu.sdk/command_transport.go:83.34,84.37 1 1
github.com/pudjamansyurin/gen.vcu.sdk/command_transport.go:89.36,91.28 2 1
github.com/pudjamansyurin/gen.vcu.sdk/command_transport.go:94.2,94.12 1 1
github.com/pudjamansyurin/gen.vcu.sdk/command_transport.go:91.28,93.3 1 1
github.com/pudjamansyurin/gen.vcu.sdk/command_transport.go:99.73,100.24 1 1
github.com/pudjamansyurin/gen.vcu.sdk/command_transport.go:103.2,103.22 1 1
github.com/pudjamansyurin/gen.vcu.sdk/command_transport.go:106.2,106.32 1 1
github.com/pudjamansyurin/gen.vcu.sdk/command_transport.go:109.2,109.25 1 1
github.com/pudjamansyurin/gen.vcu.sdk/command_transport.go:112.2,112.25 1 1
github.com/pudjamansyurin/gen.vcu.sdk/command_transport.go:117.2,117.37 1 1
github.com/pudjamansyurin/gen.vcu.sdk/command_transport.go:121.2,123.22 2 1
github.com/pudjamansyurin/gen.vcu.sdk/command_transport.go:127.2,127.24 1 1
github.com/pudjamansyurin/gen.vcu.sdk/command_transport.go:100.24,102.3 1 1
github.com/pudjamansyurin/gen.vcu.sdk/command_transport.go:103.22,105.3 1 1
github.com/pudjamansyurin/gen.vcu.sdk/command_transport.go:106.32,108.3 1 1
github.com/pudjamansyurin/gen.vcu.sdk/command_transport.go:109.25,111.3 1 1
github.com/pudjamansyurin/gen.vcu.sdk/command_transport.go:112.25,114.3 1 1
github.com/pudjamansyurin/gen.vcu.sdk/command_transport.go:117.37,119.3 1 1
github.com/pudjamansyurin/gen.vcu.sdk/command_transport.go:123.22,126.3 2 0
github.com/pudjamansyurin/gen.vcu.sdk/commander.go:26.94,36.39 2 1
github.com/pudjamansyurin/gen.vcu.sdk/commander.go:39.2,39.19 1 1
github.com/pudjamansyurin/gen.vcu.sdk/commander.go:36.39,38.3 1 0
github.com/pudjamansyurin/gen.vcu.sdk/commander.go:43.47,45.16 2 1
github.com/pudjamansyurin/gen.vcu.sdk/commander.go:48.2,48.25 1 1
github.com/pudjamansyurin/gen.vcu.sdk/commander.go:45.16,47.3 1 1
github.com/pudjamansyurin/gen.vcu.sdk/commander.go:52.43,55.2 2 1
github.com/pudjamansyurin/gen.vcu.sdk/commander.go:58.50,61.2 2 1
github.com/pudjamansyurin/gen.vcu.sdk/commander.go:64.45,68.2 3 1
github.com/pudjamansyurin/gen.vcu.sdk/commander.go:71.42,74.2 2 1
github.com/pudjamansyurin/gen.vcu.sdk/commander.go:77.44,80.2 2 1
github.com/pudjamansyurin/gen.vcu.sdk/commander.go:83.51,86.2 2 1
github.com/pudjamansyurin/gen.vcu.sdk/commander.go:89.53,91.32 2 1
github.com/pudjamansyurin/gen.vcu.sdk/commander.go:95.2,97.12 3 1
github.com/pudjamansyurin/gen.vcu.sdk/commander.go:91.32,93.3 1 0
github.com/pudjamansyurin/gen.vcu.sdk/commander.go:101.64,102.60 1 1
github.com/pudjamansyurin/gen.vcu.sdk/commander.go:105.2,107.12 3 1
github.com/pudjamansyurin/gen.vcu.sdk/commander.go:102.60,104.3 1 0
github.com/pudjamansyurin/gen.vcu.sdk/commander.go:111.55,112.27 1 1
github.com/pudjamansyurin/gen.vcu.sdk/commander.go:116.2,118.12 3 1
github.com/pudjamansyurin/gen.vcu.sdk/commander.go:112.27,114.3 1 0
github.com/pudjamansyurin/gen.vcu.sdk/commander.go:122.43,125.2 2 1
github.com/pudjamansyurin/gen.vcu.sdk/commander.go:128.44,131.2 2 1
github.com/pudjamansyurin/gen.vcu.sdk/commander.go:134.39,137.2 2 1
github.com/pudjamansyurin/gen.vcu.sdk/commander.go:140.50,142.16 2 1
github.com/pudjamansyurin/gen.vcu.sdk/commander.go:147.2,148.21 2 1
github.com/pudjamansyurin/gen.vcu.sdk/commander.go:153.2,153.17 1 1
github.com/pudjamansyurin/gen.vcu.sdk/commander.go:142.16,144.3 1 0
github.com/pudjamansyurin/gen.vcu.sdk/commander.go:148.21,151.3 2 1
github.com/pudjamansyurin/gen.vcu.sdk/commander.go:157.46,159.16 2 1
github.com/pudjamansyurin/gen.vcu.sdk/commander.go:164.2,165.16 2 1
github.com/pudjamansyurin/gen.vcu.sdk/commander.go:159.16,161.3 1 0
github.com/pudjamansyurin/gen.vcu.sdk/commander.go:169.45,170.56 1 1
github.com/pudjamansyurin/gen.vcu.sdk/commander.go:174.2,175.12 2 1
github.com/pudjamansyurin/gen.vcu.sdk/commander.go:170.56,172.3 1 0
github.com/pudjamansyurin/gen.vcu.sdk/commander.go:179.39,182.2 2 1
github.com/pudjamansyurin/gen.vcu.sdk/commander.go:185.43,188.2 2 1
github.com/pudjamansyurin/gen.vcu.sdk/commander.go:191.47,193.16 2 1
github.com/pudjamansyurin/gen.vcu.sdk/commander.go:196.2,196.25 1 1
github.com/pudjamansyurin/gen.vcu.sdk/commander.go:193.16,195.3 1 0
github.com/pudjamansyurin/gen.vcu.sdk/commander.go:200.47,202.16 2 1
github.com/pudjamansyurin/gen.vcu.sdk/commander.go:205.2,205.25 1 1
github.com/pudjamansyurin/gen.vcu.sdk/commander.go:202.16,204.3 1 0
github.com/pudjamansyurin/gen.vcu.sdk/commander.go:210.62,211.64 1 1
github.com/pudjamansyurin/gen.vcu.sdk/commander.go:214.2,214.68 1 1
github.com/pudjamansyurin/gen.vcu.sdk/commander.go:218.2,219.16 2 1
github.com/pudjamansyurin/gen.vcu.sdk/commander.go:222.2,222.25 1 1
github.com/pudjamansyurin/gen.vcu.sdk/commander.go:211.64,213.3 1 0
github.com/pudjamansyurin/gen.vcu.sdk/commander.go:214.68,216.3 1 0
github.com/pudjamansyurin/gen.vcu.sdk/commander.go:219.16,221.3 1 0
github.com/pudjamansyurin/gen.vcu.sdk/commander.go:226.50,228.16 2 1
github.com/pudjamansyurin/gen.vcu.sdk/commander.go:231.2,231.25 1 1
github.com/pudjamansyurin/gen.vcu.sdk/commander.go:228.16,230.3 1 0
github.com/pudjamansyurin/gen.vcu.sdk/commander.go:235.54,236.29 1 1
github.com/pudjamansyurin/gen.vcu.sdk/commander.go:240.2,242.12 3 1
github.com/pudjamansyurin/gen.vcu.sdk/commander.go:236.29,238.3 1 0
github.com/pudjamansyurin/gen.vcu.sdk/commander.go:246.51,247.27 1 1
github.com/pudjamansyurin/gen.vcu.sdk/commander.go:251.2,253.12 3 1
github.com/pudjamansyurin/gen.vcu.sdk/commander.go:247.27,249.3 1 0
github.com/pudjamansyurin/gen.vcu.sdk/commander.go:257.48,258.25 1 1
github.com/pudjamansyurin/gen.vcu.sdk/commander.go:262.2,264.12 3 1
github.com/pudjamansyurin/gen.vcu.sdk/commander.go:258.25,260.3 1 0
github.com/pudjamansyurin/gen.vcu.sdk/commander.go:268.48,271.2 2 1
github.com/pudjamansyurin/gen.vcu.sdk/commander.go:274.50,278.2 3 1
github.com/pudjamansyurin/gen.vcu.sdk/commander.go:286.58,287.36 1 1
github.com/pudjamansyurin/gen.vcu.sdk/commander.go:291.2,292.23 2 1
github.com/pudjamansyurin/gen.vcu.sdk/commander.go:305.2,306.12 2 1
github.com/pudjamansyurin/gen.vcu.sdk/commander.go:287.36,289.3 1 0
github.com/pudjamansyurin/gen.vcu.sdk/commander.go:292.23,294.61 2 1
github.com/pudjamansyurin/gen.vcu.sdk/commander.go:297.3,297.61 1 1
github.com/pudjamansyurin/gen.vcu.sdk/commander.go:301.3,302.52 2 1
github.com/pudjamansyurin/gen.vcu.sdk/commander.go:294.61,296.4 1 0
github.com/pudjamansyurin/gen.vcu.sdk/commander.go:297.61,299.4 1 0
github.com/pudjamansyurin/gen.vcu.sdk/commands.go:16.48,17.39 1 1
github.com/pudjamansyurin/gen.vcu.sdk/commands.go:29.2,29.44 1 0
github.com/pudjamansyurin/gen.vcu.sdk/commands.go:17.39,18.38 1 1
github.com/pudjamansyurin/gen.vcu.sdk/commands.go:18.38,19.24 1 1
github.com/pudjamansyurin/gen.vcu.sdk/commands.go:19.24,22.25 3 1
github.com/pudjamansyurin/gen.vcu.sdk/commands.go:25.5,25.21 1 1
github.com/pudjamansyurin/gen.vcu.sdk/commands.go:22.25,24.6 1 1
github.com/pudjamansyurin/gen.vcu.sdk/util.go:20.47,24.12 3 0
github.com/pudjamansyurin/gen.vcu.sdk/util.go:30.2,30.17 1 0
github.com/pudjamansyurin/gen.vcu.sdk/util.go:24.12,28.3 3 0
github.com/pudjamansyurin/gen.vcu.sdk/util.go:33.57,35.13 2 1
github.com/pudjamansyurin/gen.vcu.sdk/util.go:38.2,38.72 1 1
github.com/pudjamansyurin/gen.vcu.sdk/util.go:35.13,37.3 1 0
github.com/pudjamansyurin/gen.vcu.sdk/util.go:42.52,45.2 2 1
github.com/pudjamansyurin/gen.vcu.sdk/util.go:53.33,55.2 1 1
github.com/pudjamansyurin/gen.vcu.sdk/util.go:58.33,61.2 2 1
github.com/pudjamansyurin/gen.vcu.sdk/util.go:64.43,66.2 1 1
github.com/pudjamansyurin/gen.vcu.sdk/util.go:69.36,71.20 2 1
github.com/pudjamansyurin/gen.vcu.sdk/util.go:74.2,74.11 1 1
github.com/pudjamansyurin/gen.vcu.sdk/util.go:71.20,73.3 1 1
github.com/pudjamansyurin/gen.vcu.sdk/util.go:78.36,82.2 3 0
github.com/pudjamansyurin/gen.vcu.sdk/util.go:85.41,89.2 3 1
github.com/pudjamansyurin/gen.vcu.sdk/util.go:92.50,94.2 1 1
github.com/pudjamansyurin/gen.vcu.sdk/util.go:97.56,99.25 2 0
github.com/pudjamansyurin/gen.vcu.sdk/util.go:102.2,102.15 1 0
github.com/pudjamansyurin/gen.vcu.sdk/util.go:99.25,101.3 1 0
github.com/pudjamansyurin/gen.vcu.sdk/encoder.go:17.72,18.20 1 1
github.com/pudjamansyurin/gen.vcu.sdk/encoder.go:22.2,37.16 3 1
github.com/pudjamansyurin/gen.vcu.sdk/encoder.go:42.2,43.22 2 1
github.com/pudjamansyurin/gen.vcu.sdk/encoder.go:18.20,20.3 1 0
github.com/pudjamansyurin/gen.vcu.sdk/encoder.go:37.16,39.3 1 0
github.com/pudjamansyurin/gen.vcu.sdk/encoder.go:47.78,52.30 3 1
github.com/pudjamansyurin/gen.vcu.sdk/encoder.go:57.2,59.19 2 1
github.com/pudjamansyurin/gen.vcu.sdk/encoder.go:63.2,63.29 1 1
github.com/pudjamansyurin/gen.vcu.sdk/encoder.go:158.2,158.25 1 1
github.com/pudjamansyurin/gen.vcu.sdk/encoder.go:52.30,54.3 1 1
github.com/pudjamansyurin/gen.vcu.sdk/encoder.go:59.19,61.3 1 1
github.com/pudjamansyurin/gen.vcu.sdk/encoder.go:65.19,66.18 1 1
github.com/pudjamansyurin/gen.vcu.sdk/encoder.go:74.22,75.30 1 1
github.com/pudjamansyurin/gen.vcu.sdk/encoder.go:94.21,95.33 1 1
github.com/pudjamansyurin/gen.vcu.sdk/encoder.go:103.21,104.49 1 1
github.com/pudjamansyurin/gen.vcu.sdk/encoder.go:109.22,112.15 3 1
github.com/pudjamansyurin/gen.vcu.sdk/encoder.go:114.20,117.15 3 1
github.com/pudjamansyurin/gen.vcu.sdk/encoder.go:119.83,122.15 3 1
github.com/pudjamansyurin/gen.vcu.sdk/encoder.go:124.78,127.15 3 1
github.com/pudjamansyurin/gen.vcu.sdk/encoder.go:129.40,133.22 3 1
github.com/pudjamansyurin/gen.vcu.sdk/encoder.go:152.3,152.15 1 1
github.com/pudjamansyurin/gen.vcu.sdk/encoder.go:154.10,155.68 1 0
github.com/pudjamansyurin/gen.vcu.sdk/encoder.go:66.18,68.18 2 1
github.com/pudjamansyurin/gen.vcu.sdk/encoder.go:71.4,71.16 1 1
github.com/pudjamansyurin/gen.vcu.sdk/encoder.go:68.18,70.5 1 0
github.com/pudjamansyurin/gen.vcu.sdk/encoder.go:75.30,79.4 3 1
github.com/pudjamansyurin/gen.vcu.sdk/encoder.go:79.9,80.39 1 1
github.com/pudjamansyurin/gen.vcu.sdk/encoder.go:80.39,87.19 5 1
github.com/pudjamansyurin/gen.vcu.sdk/encoder.go:90.5,90.17 1 1
github.com/pudjamansyurin/gen.vcu.sdk/encoder.go:87.19,89.6 1 0
github.com/pudjamansyurin/gen.vcu.sdk/encoder.go:95.33,97.18 2 1
github.com/pudjamansyurin/gen.vcu.sdk/encoder.go:100.4,100.16 1 1
github.com/pudjamansyurin/gen.vcu.sdk/encoder.go:97.18,99.5 1 0
github.com/pudjamansyurin/gen.vcu.sdk/encoder.go:104.49,107.4 2 1
github.com/pudjamansyurin/gen.vcu.sdk/encoder.go:133.22,137.29 2 1
github.com/pudjamansyurin/gen.vcu.sdk/encoder.go:140.4,140.42 1 1
github.com/pudjamansyurin/gen.vcu.sdk/encoder.go:137.29,139.5 1 1
github.com/pudjamansyurin/gen.vcu.sdk/encoder.go:142.9,144.29 1 0
github.com/pudjamansyurin/gen.vcu.sdk/encoder.go:144.29,147.5 2 0
github.com/pudjamansyurin/gen.vcu.sdk/encoder.go:147.10,150.5 2 0
github.com/pudjamansyurin/gen.vcu.sdk/encoder.go:162.54,164.18 2 1
github.com/pudjamansyurin/gen.vcu.sdk/encoder.go:193.2,193.18 1 1
github.com/pudjamansyurin/gen.vcu.sdk/encoder.go:165.15,167.29 2 1
github.com/pudjamansyurin/gen.vcu.sdk/encoder.go:168.16,170.29 2 1
github.com/pudjamansyurin/gen.vcu.sdk/encoder.go:171.16,173.29 2 1
github.com/pudjamansyurin/gen.vcu.sdk/encoder.go:174.24,176.29 2 0
github.com/pudjamansyurin/gen.vcu.sdk/encoder.go:177.14,179.29 2 0
github.com/pudjamansyurin/gen.vcu.sdk/encoder.go:180.15,182.29 2 1
github.com/pudjamansyurin/gen.vcu.sdk/encoder.go:183.15,185.29 2 1
github.com/pudjamansyurin/gen.vcu.sdk/encoder.go:186.22,188.29 2 0
github.com/pudjamansyurin/gen.vcu.sdk/encoder.go:189.10,191.29 2 0
github.com/pudjamansyurin/gen.vcu.sdk/encoder.go:197.63,201.2 3 1
github.com/pudjamansyurin/gen.vcu.sdk/encoder.go:204.52,207.12 3 1
github.com/pudjamansyurin/gen.vcu.sdk/encoder.go:208.35,209.15 1 1
github.com/pudjamansyurin/gen.vcu.sdk/encoder.go:210.37,211.15 1 1
github.com/pudjamansyurin/gen.vcu.sdk/encoder.go:212.54,213.15 1 1
github.com/pudjamansyurin/gen.vcu.sdk/encoder.go:214.10,215.15 1 0
github.com/pudjamansyurin/gen.vcu.sdk/encoder.go:220.38,233.2 11 1
github.com/pudjamansyurin/gen.vcu.sdk/encoder.go:236.33,238.7 2 1
github.com/pudjamansyurin/gen.vcu.sdk/encoder.go:241.2,241.18 1 1
github.com/pudjamansyurin/gen.vcu.sdk/encoder.go:238.7,240.3 1 1
github.com/pudjamansyurin/gen.vcu.sdk/encoder.go:245.34,247.2 1 1
github.com/pudjamansyurin/gen.vcu.sdk/model_report.go:33.43,34.21 1 1
github.com/pudjamansyurin/gen.vcu.sdk/model_report.go:37.2,37.41 1 1
github.com/pudjamansyurin/gen.vcu.sdk/model_report.go:34.21,36.3 1 0
github.com/pudjamansyurin/gen.vcu.sdk/model_report.go:41.35,66.32 3 1
github.com/pudjamansyurin/gen.vcu.sdk/model_report.go:72.2,73.18 2 1
github.com/pudjamansyurin/gen.vcu.sdk/model_report.go:66.32,67.15 1 1
github.com/pudjamansyurin/gen.vcu.sdk/model_report.go:67.15,69.4 1 1
github.com/pudjamansyurin/gen.vcu.sdk/model_report.go:77.41,78.21 1 1
github.com/pudjamansyurin/gen.vcu.sdk/model_report.go:81.2,81.39 1 1
github.com/pudjamansyurin/gen.vcu.sdk/model_report.go:78.21,80.3 1 0
github.com/pudjamansyurin/gen.vcu.sdk/model_report.go:85.40,88.37 3 0
github.com/pudjamansyurin/gen.vcu.sdk/model_report.go:95.2,95.12 1 0
github.com/pudjamansyurin/gen.vcu.sdk/model_report.go:88.37,90.23 2 0
github.com/pudjamansyurin/gen.vcu.sdk/model_report.go:90.23,93.4 2 0
github.com/pudjamansyurin/gen.vcu.sdk/model_report.go:113.35,114.14 1 0
github.com/pudjamansyurin/gen.vcu.sdk/model_report.go:117.2,118.68 2 0
github.com/pudjamansyurin/gen.vcu.sdk/model_report.go:114.14,116.3 1 0
github.com/pudjamansyurin/gen.vcu.sdk/model_report.go:122.33,123.14 1 0
github.com/pudjamansyurin/gen.vcu.sdk/model_report.go:126.2,126.45 1 0
github.com/pudjamansyurin/gen.vcu.sdk/model_report.go:123.14,125.3 1 0
github.com/pudjamansyurin/gen.vcu.sdk/model_report.go:135.37,136.14 1 0
github.com/pudjamansyurin/gen.vcu.sdk/model_report.go:139.2,139.45 1 0
github.com/pudjamansyurin/gen.vcu.sdk/model_report.go:136.14,138.3 1 0
github.com/pudjamansyurin/gen.vcu.sdk/model_report.go:155.38,156.14 1 0
github.com/pudjamansyurin/gen.vcu.sdk/model_report.go:159.2,159.26 1 0
github.com/pudjamansyurin/gen.vcu.sdk/model_report.go:162.2,163.57 1 0
github.com/pudjamansyurin/gen.vcu.sdk/model_report.go:156.14,158.3 1 0
github.com/pudjamansyurin/gen.vcu.sdk/model_report.go:159.26,161.3 1 0
github.com/pudjamansyurin/gen.vcu.sdk/model_report.go:167.36,168.14 1 0
github.com/pudjamansyurin/gen.vcu.sdk/model_report.go:171.2,171.30 1 0
github.com/pudjamansyurin/gen.vcu.sdk/model_report.go:168.14,170.3 1 0
github.com/pudjamansyurin/gen.vcu.sdk/model_report.go:199.32,200.14 1 0
github.com/pudjamansyurin/gen.vcu.sdk/model_report.go:203.2,203.43 1 0
github.com/pudjamansyurin/gen.vcu.sdk/model_report.go:200.14,202.3 1 0
github.com/pudjamansyurin/gen.vcu.sdk/model_report.go:271.34,272.14 1 0
github.com/pudjamansyurin/gen.vcu.sdk/model_report.go:275.2,275.41 1 0
github.com/pudjamansyurin/gen.vcu.sdk/model_report.go:272.14,274.3 1 0
github.com/pudjamansyurin/gen.vcu.sdk/model_report.go:348.37,349.14 1 0
github.com/pudjamansyurin/gen.vcu.sdk/model_report.go:352.2,353.37 2 0
github.com/pudjamansyurin/gen.vcu.sdk/model_report.go:358.2,358.14 1 0
github.com/pudjamansyurin/gen.vcu.sdk/model_report.go:349.14,351.3 1 0
github.com/pudjamansyurin/gen.vcu.sdk/model_report.go:353.37,354.51 1 0
github.com/pudjamansyurin/gen.vcu.sdk/model_report.go:354.51,356.4 1 0
github.com/pudjamansyurin/gen.vcu.sdk/report_listener.go:20.50,21.52 1 0
github.com/pudjamansyurin/gen.vcu.sdk/report_listener.go:21.52,27.3 4 0
github.com/pudjamansyurin/gen.vcu.sdk/report_listener.go:31.50,32.52 1 0
github.com/pudjamansyurin/gen.vcu.sdk/report_listener.go:32.52,38.17 4 0
github.com/pudjamansyurin/gen.vcu.sdk/report_listener.go:42.3,42.29 1 0
github.com/pudjamansyurin/gen.vcu.sdk/report_listener.go:38.17,40.4 1 0
github.com/pudjamansyurin/gen.vcu.sdk/report_listener.go:47.28,49.2 1 0
